13:54:58 **** Clean-only build of configuration Debug for project multiperiph_base_test_tp ****
make -j8 clean 
rm -rf ./Drivers/STM32G4xx_HAL_Driver/Src/stm32g4xx_hal.cyclo ./Drivers/STM32G4xx_HAL_Driver/Src/stm32g4xx_hal.d ./Drivers/STM32G4xx_HAL_Driver/Src/stm32g4xx_hal.o ./Drivers/STM32G4xx_HAL_Driver/Src/stm32g4xx_hal.su ./Drivers/STM32G4xx_HAL_Driver/Src/stm32g4xx_hal_cortex.cyclo ./Drivers/STM32G4xx_HAL_Driver/Src/stm32g4xx_hal_cortex.d ./Drivers/STM32G4xx_HAL_Driver/Src/stm32g4xx_hal_cortex.o ./Drivers/STM32G4xx_HAL_Driver/Src/stm32g4xx_hal_cortex.su ./Drivers/STM32G4xx_HAL_Driver/Src/stm32g4xx_hal_dma.cyclo ./Drivers/STM32G4xx_HAL_Driver/Src/stm32g4xx_hal_dma.d ./Drivers/STM32G4xx_HAL_Driver/Src/stm32g4xx_hal_dma.o ./Drivers/STM32G4xx_HAL_Driver/Src/stm32g4xx_hal_dma.su ./Drivers/STM32G4xx_HAL_Driver/Src/stm32g4xx_hal_dma_ex.cyclo ./Drivers/STM32G4xx_HAL_Driver/Src/stm32g4xx_hal_dma_ex.d ./Drivers/STM32G4xx_HAL_Driver/Src/stm32g4xx_hal_dma_ex.o ./Drivers/STM32G4xx_HAL_Driver/Src/stm32g4xx_hal_dma_ex.su ./Drivers/STM32G4xx_HAL_Driver/Src/stm32g4xx_hal_exti.cyclo ./Drivers/STM32G4xx_HAL_Driver/Src/stm32g4xx_hal_exti.d ./Drivers/STM32G4xx_HAL_Driver/Src/stm32g4xx_hal_exti.o ./Drivers/STM32G4xx_HAL_Driver/Src/stm32g4xx_hal_exti.su ./Drivers/STM32G4xx_HAL_Driver/Src/stm32g4xx_hal_fdcan.cyclo ./Drivers/STM32G4xx_HAL_Driver/Src/stm32g4xx_hal_fdcan.d ./Drivers/STM32G4xx_HAL_Driver/Src/stm32g4xx_hal_fdcan.o ./Drivers/STM32G4xx_HAL_Driver/Src/stm32g4xx_hal_fdcan.su ./Drivers/STM32G4xx_HAL_Driver/Src/stm32g4xx_hal_flash.cyclo ./Drivers/STM32G4xx_HAL_Driver/Src/stm32g4xx_hal_flash.d ./Drivers/STM32G4xx_HAL_Driver/Src/stm32g4xx_hal_flash.o ./Drivers/STM32G4xx_HAL_Driver/Src/stm32g4xx_hal_flash.su ./Drivers/STM32G4xx_HAL_Driver/Src/stm32g4xx_hal_flash_ex.cyclo ./Drivers/STM32G4xx_HAL_Driver/Src/stm32g4xx_hal_flash_ex.d ./Drivers/STM32G4xx_HAL_Driver/Src/stm32g4xx_hal_flash_ex.o ./Drivers/STM32G4xx_HAL_Driver/Src/stm32g4xx_hal_flash_ex.su ./Drivers/STM32G4xx_HAL_Driver/Src/stm32g4xx_hal_flash_ramfunc.cyclo ./Drivers/STM32G4xx_HAL_Driver/Src/stm32g4xx_hal_flash_ramfunc.d ./Drivers/STM32G4xx_HAL_Driver/Src/stm32g4xx_hal_flash_ramfunc.o ./Drivers/STM32G4xx_HAL_Driver/Src/stm32g4xx_hal_flash_ramfunc.su ./Drivers/STM32G4xx_HAL_Driver/Src/stm32g4xx_hal_gpio.cyclo ./Drivers/STM32G4xx_HAL_Driver/Src/stm32g4xx_hal_gpio.d ./Drivers/STM32G4xx_HAL_Driver/Src/stm32g4xx_hal_gpio.o ./Drivers/STM32G4xx_HAL_Driver/Src/stm32g4xx_hal_gpio.su ./Drivers/STM32G4xx_HAL_Driver/Src/stm32g4xx_hal_pwr.cyclo ./Drivers/STM32G4xx_HAL_Driver/Src/stm32g4xx_hal_pwr.d ./Drivers/STM32G4xx_HAL_Driver/Src/stm32g4xx_hal_pwr.o ./Drivers/STM32G4xx_HAL_Driver/Src/stm32g4xx_hal_pwr.su ./Drivers/STM32G4xx_HAL_Driver/Src/stm32g4xx_hal_pwr_ex.cyclo ./Drivers/STM32G4xx_HAL_Driver/Src/stm32g4xx_hal_pwr_ex.d ./Drivers/STM32G4xx_HAL_Driver/Src/stm32g4xx_hal_pwr_ex.o ./Drivers/STM32G4xx_HAL_Driver/Src/stm32g4xx_hal_pwr_ex.su ./Drivers/STM32G4xx_HAL_Driver/Src/stm32g4xx_hal_rcc.cyclo ./Drivers/STM32G4xx_HAL_Driver/Src/stm32g4xx_hal_rcc.d ./Drivers/STM32G4xx_HAL_Driver/Src/stm32g4xx_hal_rcc.o ./Drivers/STM32G4xx_HAL_Driver/Src/stm32g4xx_hal_rcc.su ./Drivers/STM32G4xx_HAL_Driver/Src/stm32g4xx_hal_rcc_ex.cyclo ./Drivers/STM32G4xx_HAL_Driver/Src/stm32g4xx_hal_rcc_ex.d ./Drivers/STM32G4xx_HAL_Driver/Src/stm32g4xx_hal_rcc_ex.o ./Drivers/STM32G4xx_HAL_Driver/Src/stm32g4xx_hal_rcc_ex.su ./Drivers/STM32G4xx_HAL_Driver/Src/stm32g4xx_hal_tim.cyclo ./Drivers/STM32G4xx_HAL_Driver/Src/stm32g4xx_hal_tim.d ./Drivers/STM32G4xx_HAL_Driver/Src/stm32g4xx_hal_tim.o ./Drivers/STM32G4xx_HAL_Driver/Src/stm32g4xx_hal_tim.su ./Drivers/STM32G4xx_HAL_Driver/Src/stm32g4xx_hal_tim_ex.cyclo ./Drivers/STM32G4xx_HAL_Driver/Src/stm32g4xx_hal_tim_ex.d ./Drivers/STM32G4xx_HAL_Driver/Src/stm32g4xx_hal_tim_ex.o ./Drivers/STM32G4xx_HAL_Driver/Src/stm32g4xx_hal_tim_ex.su ./Drivers/STM32G4xx_HAL_Driver/Src/stm32g4xx_hal_uart.cyclo ./Drivers/STM32G4xx_HAL_Driver/Src/stm32g4xx_hal_uart.d ./Drivers/STM32G4xx_HAL_Driver/Src/stm32g4xx_hal_uart.o ./Drivers/STM32G4xx_HAL_Driver/Src/stm32g4xx_hal_uart.su ./Drivers/STM32G4xx_HAL_Driver/Src/stm32g4xx_hal_uart_ex.cyclo ./Drivers/STM32G4xx_HAL_Driver/Src/stm32g4xx_hal_uart_ex.d ./Drivers/STM32G4xx_HAL_Driver/Src/stm32g4xx_hal_uart_ex.o ./Drivers/STM32G4xx_HAL_Driver/Src/stm32g4xx_hal_uart_ex.su
rm -rf ./Core/Startup/startup_stm32g431kbtx.d ./Core/Startup/startup_stm32g431kbtx.o
rm -rf ./Core/Src/fdcan.cyclo ./Core/Src/fdcan.d ./Core/Src/fdcan.o ./Core/Src/fdcan.su ./Core/Src/gpio.cyclo ./Core/Src/gpio.d ./Core/Src/gpio.o ./Core/Src/gpio.su ./Core/Src/main.cyclo ./Core/Src/main.d ./Core/Src/main.o ./Core/Src/main.su ./Core/Src/stm32g4xx_hal_msp.cyclo ./Core/Src/stm32g4xx_hal_msp.d ./Core/Src/stm32g4xx_hal_msp.o ./Core/Src/stm32g4xx_hal_msp.su ./Core/Src/stm32g4xx_it.cyclo ./Core/Src/stm32g4xx_it.d ./Core/Src/stm32g4xx_it.o ./Core/Src/stm32g4xx_it.su ./Core/Src/syscalls.cyclo ./Core/Src/syscalls.d ./Core/Src/syscalls.o ./Core/Src/syscalls.su ./Core/Src/sysmem.cyclo ./Core/Src/sysmem.d ./Core/Src/sysmem.o ./Core/Src/sysmem.su ./Core/Src/system_stm32g4xx.cyclo ./Core/Src/system_stm32g4xx.d ./Core/Src/system_stm32g4xx.o ./Core/Src/system_stm32g4xx.su ./Core/Src/usart.cyclo ./Core/Src/usart.d ./Core/Src/usart.o ./Core/Src/usart.su
rm -rf default.size.stdout multiperiph_base_test_tp.bin multiperiph_base_test_tp.elf multiperiph_base_test_tp.list multiperiph_base_test_tp.map
 
13:54:58 **** Build of configuration Debug for project multiperiph_base_test_tp ****
make -j8 all 
arm-none-eabi-gcc "../Drivers/STM32G4xx_HAL_Driver/Src/stm32g4xx_hal.c" -mcpu=cortex-m4 -std=gnu11 -g3 -DDEBUG -DUSE_HAL_DRIVER -DSTM32G431xx -c -I../Core/Inc -I../Drivers/STM32G4xx_HAL_Driver/Inc -I../Drivers/STM32G4xx_HAL_Driver/Inc/Legacy -I../Drivers/CMSIS/Device/ST/STM32G4xx/Include -I../Drivers/CMSIS/Include -O0 -ffunction-sections -fdata-sections -Wall -fstack-usage -fcyclomatic-complexity -MMD -MP -MF"Drivers/STM32G4xx_HAL_Driver/Src/stm32g4xx_hal.d" -MT"Drivers/STM32G4xx_HAL_Driver/Src/stm32g4xx_hal.o" --specs=nano.specs -mfpu=fpv4-sp-d16 -mfloat-abi=hard -mthumb -o "Drivers/STM32G4xx_HAL_Driver/Src/stm32g4xx_hal.o"
arm-none-eabi-gcc "../Drivers/STM32G4xx_HAL_Driver/Src/stm32g4xx_hal_cortex.c" -mcpu=cortex-m4 -std=gnu11 -g3 -DDEBUG -DUSE_HAL_DRIVER -DSTM32G431xx -c -I../Core/Inc -I../Drivers/STM32G4xx_HAL_Driver/Inc -I../Drivers/STM32G4xx_HAL_Driver/Inc/Legacy -I../Drivers/CMSIS/Device/ST/STM32G4xx/Include -I../Drivers/CMSIS/Include -O0 -ffunction-sections -fdata-sections -Wall -fstack-usage -fcyclomatic-complexity -MMD -MP -MF"Drivers/STM32G4xx_HAL_Driver/Src/stm32g4xx_hal_cortex.d" -MT"Drivers/STM32G4xx_HAL_Driver/Src/stm32g4xx_hal_cortex.o" --specs=nano.specs -mfpu=fpv4-sp-d16 -mfloat-abi=hard -mthumb -o "Drivers/STM32G4xx_HAL_Driver/Src/stm32g4xx_hal_cortex.o"
arm-none-eabi-gcc "../Drivers/STM32G4xx_HAL_Driver/Src/stm32g4xx_hal_dma.c" -mcpu=cortex-m4 -std=gnu11 -g3 -DDEBUG -DUSE_HAL_DRIVER -DSTM32G431xx -c -I../Core/Inc -I../Drivers/STM32G4xx_HAL_Driver/Inc -I../Drivers/STM32G4xx_HAL_Driver/Inc/Legacy -I../Drivers/CMSIS/Device/ST/STM32G4xx/Include -I../Drivers/CMSIS/Include -O0 -ffunction-sections -fdata-sections -Wall -fstack-usage -fcyclomatic-complexity -MMD -MP -MF"Drivers/STM32G4xx_HAL_Driver/Src/stm32g4xx_hal_dma.d" -MT"Drivers/STM32G4xx_HAL_Driver/Src/stm32g4xx_hal_dma.o" --specs=nano.specs -mfpu=fpv4-sp-d16 -mfloat-abi=hard -mthumb -o "Drivers/STM32G4xx_HAL_Driver/Src/stm32g4xx_hal_dma.o"
arm-none-eabi-gcc "../Drivers/STM32G4xx_HAL_Driver/Src/stm32g4xx_hal_dma_ex.c" -mcpu=cortex-m4 -std=gnu11 -g3 -DDEBUG -DUSE_HAL_DRIVER -DSTM32G431xx -c -I../Core/Inc -I../Drivers/STM32G4xx_HAL_Driver/Inc -I../Drivers/STM32G4xx_HAL_Driver/Inc/Legacy -I../Drivers/CMSIS/Device/ST/STM32G4xx/Include -I../Drivers/CMSIS/Include -O0 -ffunction-sections -fdata-sections -Wall -fstack-usage -fcyclomatic-complexity -MMD -MP -MF"Drivers/STM32G4xx_HAL_Driver/Src/stm32g4xx_hal_dma_ex.d" -MT"Drivers/STM32G4xx_HAL_Driver/Src/stm32g4xx_hal_dma_ex.o" --specs=nano.specs -mfpu=fpv4-sp-d16 -mfloat-abi=hard -mthumb -o "Drivers/STM32G4xx_HAL_Driver/Src/stm32g4xx_hal_dma_ex.o"
arm-none-eabi-gcc "../Drivers/STM32G4xx_HAL_Driver/Src/stm32g4xx_hal_exti.c" -mcpu=cortex-m4 -std=gnu11 -g3 -DDEBUG -DUSE_HAL_DRIVER -DSTM32G431xx -c -I../Core/Inc -I../Drivers/STM32G4xx_HAL_Driver/Inc -I../Drivers/STM32G4xx_HAL_Driver/Inc/Legacy -I../Drivers/CMSIS/Device/ST/STM32G4xx/Include -I../Drivers/CMSIS/Include -O0 -ffunction-sections -fdata-sections -Wall -fstack-usage -fcyclomatic-complexity -MMD -MP -MF"Drivers/STM32G4xx_HAL_Driver/Src/stm32g4xx_hal_exti.d" -MT"Drivers/STM32G4xx_HAL_Driver/Src/stm32g4xx_hal_exti.o" --specs=nano.specs -mfpu=fpv4-sp-d16 -mfloat-abi=hard -mthumb -o "Drivers/STM32G4xx_HAL_Driver/Src/stm32g4xx_hal_exti.o"
arm-none-eabi-gcc "../Drivers/STM32G4xx_HAL_Driver/Src/stm32g4xx_hal_fdcan.c" -mcpu=cortex-m4 -std=gnu11 -g3 -DDEBUG -DUSE_HAL_DRIVER -DSTM32G431xx -c -I../Core/Inc -I../Drivers/STM32G4xx_HAL_Driver/Inc -I../Drivers/STM32G4xx_HAL_Driver/Inc/Legacy -I../Drivers/CMSIS/Device/ST/STM32G4xx/Include -I../Drivers/CMSIS/Include -O0 -ffunction-sections -fdata-sections -Wall -fstack-usage -fcyclomatic-complexity -MMD -MP -MF"Drivers/STM32G4xx_HAL_Driver/Src/stm32g4xx_hal_fdcan.d" -MT"Drivers/STM32G4xx_HAL_Driver/Src/stm32g4xx_hal_fdcan.o" --specs=nano.specs -mfpu=fpv4-sp-d16 -mfloat-abi=hard -mthumb -o "Drivers/STM32G4xx_HAL_Driver/Src/stm32g4xx_hal_fdcan.o"
arm-none-eabi-gcc "../Drivers/STM32G4xx_HAL_Driver/Src/stm32g4xx_hal_flash.c" -mcpu=cortex-m4 -std=gnu11 -g3 -DDEBUG -DUSE_HAL_DRIVER -DSTM32G431xx -c -I../Core/Inc -I../Drivers/STM32G4xx_HAL_Driver/Inc -I../Drivers/STM32G4xx_HAL_Driver/Inc/Legacy -I../Drivers/CMSIS/Device/ST/STM32G4xx/Include -I../Drivers/CMSIS/Include -O0 -ffunction-sections -fdata-sections -Wall -fstack-usage -fcyclomatic-complexity -MMD -MP -MF"Drivers/STM32G4xx_HAL_Driver/Src/stm32g4xx_hal_flash.d" -MT"Drivers/STM32G4xx_HAL_Driver/Src/stm32g4xx_hal_flash.o" --specs=nano.specs -mfpu=fpv4-sp-d16 -mfloat-abi=hard -mthumb -o "Drivers/STM32G4xx_HAL_Driver/Src/stm32g4xx_hal_flash.o"
arm-none-eabi-gcc "../Drivers/STM32G4xx_HAL_Driver/Src/stm32g4xx_hal_flash_ex.c" -mcpu=cortex-m4 -std=gnu11 -g3 -DDEBUG -DUSE_HAL_DRIVER -DSTM32G431xx -c -I../Core/Inc -I../Drivers/STM32G4xx_HAL_Driver/Inc -I../Drivers/STM32G4xx_HAL_Driver/Inc/Legacy -I../Drivers/CMSIS/Device/ST/STM32G4xx/Include -I../Drivers/CMSIS/Include -O0 -ffunction-sections -fdata-sections -Wall -fstack-usage -fcyclomatic-complexity -MMD -MP -MF"Drivers/STM32G4xx_HAL_Driver/Src/stm32g4xx_hal_flash_ex.d" -MT"Drivers/STM32G4xx_HAL_Driver/Src/stm32g4xx_hal_flash_ex.o" --specs=nano.specs -mfpu=fpv4-sp-d16 -mfloat-abi=hard -mthumb -o "Drivers/STM32G4xx_HAL_Driver/Src/stm32g4xx_hal_flash_ex.o"
arm-none-eabi-gcc "../Drivers/STM32G4xx_HAL_Driver/Src/stm32g4xx_hal_flash_ramfunc.c" -mcpu=cortex-m4 -std=gnu11 -g3 -DDEBUG -DUSE_HAL_DRIVER -DSTM32G431xx -c -I../Core/Inc -I../Drivers/STM32G4xx_HAL_Driver/Inc -I../Drivers/STM32G4xx_HAL_Driver/Inc/Legacy -I../Drivers/CMSIS/Device/ST/STM32G4xx/Include -I../Drivers/CMSIS/Include -O0 -ffunction-sections -fdata-sections -Wall -fstack-usage -fcyclomatic-complexity -MMD -MP -MF"Drivers/STM32G4xx_HAL_Driver/Src/stm32g4xx_hal_flash_ramfunc.d" -MT"Drivers/STM32G4xx_HAL_Driver/Src/stm32g4xx_hal_flash_ramfunc.o" --specs=nano.specs -mfpu=fpv4-sp-d16 -mfloat-abi=hard -mthumb -o "Drivers/STM32G4xx_HAL_Driver/Src/stm32g4xx_hal_flash_ramfunc.o"
arm-none-eabi-gcc "../Drivers/STM32G4xx_HAL_Driver/Src/stm32g4xx_hal_gpio.c" -mcpu=cortex-m4 -std=gnu11 -g3 -DDEBUG -DUSE_HAL_DRIVER -DSTM32G431xx -c -I../Core/Inc -I../Drivers/STM32G4xx_HAL_Driver/Inc -I../Drivers/STM32G4xx_HAL_Driver/Inc/Legacy -I../Drivers/CMSIS/Device/ST/STM32G4xx/Include -I../Drivers/CMSIS/Include -O0 -ffunction-sections -fdata-sections -Wall -fstack-usage -fcyclomatic-complexity -MMD -MP -MF"Drivers/STM32G4xx_HAL_Driver/Src/stm32g4xx_hal_gpio.d" -MT"Drivers/STM32G4xx_HAL_Driver/Src/stm32g4xx_hal_gpio.o" --specs=nano.specs -mfpu=fpv4-sp-d16 -mfloat-abi=hard -mthumb -o "Drivers/STM32G4xx_HAL_Driver/Src/stm32g4xx_hal_gpio.o"
arm-none-eabi-gcc "../Drivers/STM32G4xx_HAL_Driver/Src/stm32g4xx_hal_pwr.c" -mcpu=cortex-m4 -std=gnu11 -g3 -DDEBUG -DUSE_HAL_DRIVER -DSTM32G431xx -c -I../Core/Inc -I../Drivers/STM32G4xx_HAL_Driver/Inc -I../Drivers/STM32G4xx_HAL_Driver/Inc/Legacy -I../Drivers/CMSIS/Device/ST/STM32G4xx/Include -I../Drivers/CMSIS/Include -O0 -ffunction-sections -fdata-sections -Wall -fstack-usage -fcyclomatic-complexity -MMD -MP -MF"Drivers/STM32G4xx_HAL_Driver/Src/stm32g4xx_hal_pwr.d" -MT"Drivers/STM32G4xx_HAL_Driver/Src/stm32g4xx_hal_pwr.o" --specs=nano.specs -mfpu=fpv4-sp-d16 -mfloat-abi=hard -mthumb -o "Drivers/STM32G4xx_HAL_Driver/Src/stm32g4xx_hal_pwr.o"
arm-none-eabi-gcc "../Drivers/STM32G4xx_HAL_Driver/Src/stm32g4xx_hal_pwr_ex.c" -mcpu=cortex-m4 -std=gnu11 -g3 -DDEBUG -DUSE_HAL_DRIVER -DSTM32G431xx -c -I../Core/Inc -I../Drivers/STM32G4xx_HAL_Driver/Inc -I../Drivers/STM32G4xx_HAL_Driver/Inc/Legacy -I../Drivers/CMSIS/Device/ST/STM32G4xx/Include -I../Drivers/CMSIS/Include -O0 -ffunction-sections -fdata-sections -Wall -fstack-usage -fcyclomatic-complexity -MMD -MP -MF"Drivers/STM32G4xx_HAL_Driver/Src/stm32g4xx_hal_pwr_ex.d" -MT"Drivers/STM32G4xx_HAL_Driver/Src/stm32g4xx_hal_pwr_ex.o" --specs=nano.specs -mfpu=fpv4-sp-d16 -mfloat-abi=hard -mthumb -o "Drivers/STM32G4xx_HAL_Driver/Src/stm32g4xx_hal_pwr_ex.o"
arm-none-eabi-gcc "../Drivers/STM32G4xx_HAL_Driver/Src/stm32g4xx_hal_rcc.c" -mcpu=cortex-m4 -std=gnu11 -g3 -DDEBUG -DUSE_HAL_DRIVER -DSTM32G431xx -c -I../Core/Inc -I../Drivers/STM32G4xx_HAL_Driver/Inc -I../Drivers/STM32G4xx_HAL_Driver/Inc/Legacy -I../Drivers/CMSIS/Device/ST/STM32G4xx/Include -I../Drivers/CMSIS/Include -O0 -ffunction-sections -fdata-sections -Wall -fstack-usage -fcyclomatic-complexity -MMD -MP -MF"Drivers/STM32G4xx_HAL_Driver/Src/stm32g4xx_hal_rcc.d" -MT"Drivers/STM32G4xx_HAL_Driver/Src/stm32g4xx_hal_rcc.o" --specs=nano.specs -mfpu=fpv4-sp-d16 -mfloat-abi=hard -mthumb -o "Drivers/STM32G4xx_HAL_Driver/Src/stm32g4xx_hal_rcc.o"
arm-none-eabi-gcc "../Drivers/STM32G4xx_HAL_Driver/Src/stm32g4xx_hal_rcc_ex.c" -mcpu=cortex-m4 -std=gnu11 -g3 -DDEBUG -DUSE_HAL_DRIVER -DSTM32G431xx -c -I../Core/Inc -I../Drivers/STM32G4xx_HAL_Driver/Inc -I../Drivers/STM32G4xx_HAL_Driver/Inc/Legacy -I../Drivers/CMSIS/Device/ST/STM32G4xx/Include -I../Drivers/CMSIS/Include -O0 -ffunction-sections -fdata-sections -Wall -fstack-usage -fcyclomatic-complexity -MMD -MP -MF"Drivers/STM32G4xx_HAL_Driver/Src/stm32g4xx_hal_rcc_ex.d" -MT"Drivers/STM32G4xx_HAL_Driver/Src/stm32g4xx_hal_rcc_ex.o" --specs=nano.specs -mfpu=fpv4-sp-d16 -mfloat-abi=hard -mthumb -o "Drivers/STM32G4xx_HAL_Driver/Src/stm32g4xx_hal_rcc_ex.o"
arm-none-eabi-gcc "../Drivers/STM32G4xx_HAL_Driver/Src/stm32g4xx_hal_tim.c" -mcpu=cortex-m4 -std=gnu11 -g3 -DDEBUG -DUSE_HAL_DRIVER -DSTM32G431xx -c -I../Core/Inc -I../Drivers/STM32G4xx_HAL_Driver/Inc -I../Drivers/STM32G4xx_HAL_Driver/Inc/Legacy -I../Drivers/CMSIS/Device/ST/STM32G4xx/Include -I../Drivers/CMSIS/Include -O0 -ffunction-sections -fdata-sections -Wall -fstack-usage -fcyclomatic-complexity -MMD -MP -MF"Drivers/STM32G4xx_HAL_Driver/Src/stm32g4xx_hal_tim.d" -MT"Drivers/STM32G4xx_HAL_Driver/Src/stm32g4xx_hal_tim.o" --specs=nano.specs -mfpu=fpv4-sp-d16 -mfloat-abi=hard -mthumb -o "Drivers/STM32G4xx_HAL_Driver/Src/stm32g4xx_hal_tim.o"
arm-none-eabi-gcc "../Drivers/STM32G4xx_HAL_Driver/Src/stm32g4xx_hal_tim_ex.c" -mcpu=cortex-m4 -std=gnu11 -g3 -DDEBUG -DUSE_HAL_DRIVER -DSTM32G431xx -c -I../Core/Inc -I../Drivers/STM32G4xx_HAL_Driver/Inc -I../Drivers/STM32G4xx_HAL_Driver/Inc/Legacy -I../Drivers/CMSIS/Device/ST/STM32G4xx/Include -I../Drivers/CMSIS/Include -O0 -ffunction-sections -fdata-sections -Wall -fstack-usage -fcyclomatic-complexity -MMD -MP -MF"Drivers/STM32G4xx_HAL_Driver/Src/stm32g4xx_hal_tim_ex.d" -MT"Drivers/STM32G4xx_HAL_Driver/Src/stm32g4xx_hal_tim_ex.o" --specs=nano.specs -mfpu=fpv4-sp-d16 -mfloat-abi=hard -mthumb -o "Drivers/STM32G4xx_HAL_Driver/Src/stm32g4xx_hal_tim_ex.o"
arm-none-eabi-gcc "../Drivers/STM32G4xx_HAL_Driver/Src/stm32g4xx_hal_uart.c" -mcpu=cortex-m4 -std=gnu11 -g3 -DDEBUG -DUSE_HAL_DRIVER -DSTM32G431xx -c -I../Core/Inc -I../Drivers/STM32G4xx_HAL_Driver/Inc -I../Drivers/STM32G4xx_HAL_Driver/Inc/Legacy -I../Drivers/CMSIS/Device/ST/STM32G4xx/Include -I../Drivers/CMSIS/Include -O0 -ffunction-sections -fdata-sections -Wall -fstack-usage -fcyclomatic-complexity -MMD -MP -MF"Drivers/STM32G4xx_HAL_Driver/Src/stm32g4xx_hal_uart.d" -MT"Drivers/STM32G4xx_HAL_Driver/Src/stm32g4xx_hal_uart.o" --specs=nano.specs -mfpu=fpv4-sp-d16 -mfloat-abi=hard -mthumb -o "Drivers/STM32G4xx_HAL_Driver/Src/stm32g4xx_hal_uart.o"
arm-none-eabi-gcc "../Drivers/STM32G4xx_HAL_Driver/Src/stm32g4xx_hal_uart_ex.c" -mcpu=cortex-m4 -std=gnu11 -g3 -DDEBUG -DUSE_HAL_DRIVER -DSTM32G431xx -c -I../Core/Inc -I../Drivers/STM32G4xx_HAL_Driver/Inc -I../Drivers/STM32G4xx_HAL_Driver/Inc/Legacy -I../Drivers/CMSIS/Device/ST/STM32G4xx/Include -I../Drivers/CMSIS/Include -O0 -ffunction-sections -fdata-sections -Wall -fstack-usage -fcyclomatic-complexity -MMD -MP -MF"Drivers/STM32G4xx_HAL_Driver/Src/stm32g4xx_hal_uart_ex.d" -MT"Drivers/STM32G4xx_HAL_Driver/Src/stm32g4xx_hal_uart_ex.o" --specs=nano.specs -mfpu=fpv4-sp-d16 -mfloat-abi=hard -mthumb -o "Drivers/STM32G4xx_HAL_Driver/Src/stm32g4xx_hal_uart_ex.o"
arm-none-eabi-gcc -mcpu=cortex-m4 -g3 -DDEBUG -c -x assembler-with-cpp -MMD -MP -MF"Core/Startup/startup_stm32g431kbtx.d" -MT"Core/Startup/startup_stm32g431kbtx.o" --specs=nano.specs -mfpu=fpv4-sp-d16 -mfloat-abi=hard -mthumb -o "Core/Startup/startup_stm32g431kbtx.o" "../Core/Startup/startup_stm32g431kbtx.s"
arm-none-eabi-gcc "../Core/Src/fdcan.c" -mcpu=cortex-m4 -std=gnu11 -g3 -DDEBUG -DUSE_HAL_DRIVER -DSTM32G431xx -c -I../Core/Inc -I../Drivers/STM32G4xx_HAL_Driver/Inc -I../Drivers/STM32G4xx_HAL_Driver/Inc/Legacy -I../Drivers/CMSIS/Device/ST/STM32G4xx/Include -I../Drivers/CMSIS/Include -O0 -ffunction-sections -fdata-sections -Wall -fstack-usage -fcyclomatic-complexity -MMD -MP -MF"Core/Src/fdcan.d" -MT"Core/Src/fdcan.o" --specs=nano.specs -mfpu=fpv4-sp-d16 -mfloat-abi=hard -mthumb -o "Core/Src/fdcan.o"
arm-none-eabi-gcc "../Core/Src/gpio.c" -mcpu=cortex-m4 -std=gnu11 -g3 -DDEBUG -DUSE_HAL_DRIVER -DSTM32G431xx -c -I../Core/Inc -I../Drivers/STM32G4xx_HAL_Driver/Inc -I../Drivers/STM32G4xx_HAL_Driver/Inc/Legacy -I../Drivers/CMSIS/Device/ST/STM32G4xx/Include -I../Drivers/CMSIS/Include -O0 -ffunction-sections -fdata-sections -Wall -fstack-usage -fcyclomatic-complexity -MMD -MP -MF"Core/Src/gpio.d" -MT"Core/Src/gpio.o" --specs=nano.specs -mfpu=fpv4-sp-d16 -mfloat-abi=hard -mthumb -o "Core/Src/gpio.o"
arm-none-eabi-gcc "../Core/Src/main.c" -mcpu=cortex-m4 -std=gnu11 -g3 -DDEBUG -DUSE_HAL_DRIVER -DSTM32G431xx -c -I../Core/Inc -I../Drivers/STM32G4xx_HAL_Driver/Inc -I../Drivers/STM32G4xx_HAL_Driver/Inc/Legacy -I../Drivers/CMSIS/Device/ST/STM32G4xx/Include -I../Drivers/CMSIS/Include -O0 -ffunction-sections -fdata-sections -Wall -fstack-usage -fcyclomatic-complexity -MMD -MP -MF"Core/Src/main.d" -MT"Core/Src/main.o" --specs=nano.specs -mfpu=fpv4-sp-d16 -mfloat-abi=hard -mthumb -o "Core/Src/main.o"
arm-none-eabi-gcc "../Core/Src/stm32g4xx_hal_msp.c" -mcpu=cortex-m4 -std=gnu11 -g3 -DDEBUG -DUSE_HAL_DRIVER -DSTM32G431xx -c -I../Core/Inc -I../Drivers/STM32G4xx_HAL_Driver/Inc -I../Drivers/STM32G4xx_HAL_Driver/Inc/Legacy -I../Drivers/CMSIS/Device/ST/STM32G4xx/Include -I../Drivers/CMSIS/Include -O0 -ffunction-sections -fdata-sections -Wall -fstack-usage -fcyclomatic-complexity -MMD -MP -MF"Core/Src/stm32g4xx_hal_msp.d" -MT"Core/Src/stm32g4xx_hal_msp.o" --specs=nano.specs -mfpu=fpv4-sp-d16 -mfloat-abi=hard -mthumb -o "Core/Src/stm32g4xx_hal_msp.o"
arm-none-eabi-gcc "../Core/Src/stm32g4xx_it.c" -mcpu=cortex-m4 -std=gnu11 -g3 -DDEBUG -DUSE_HAL_DRIVER -DSTM32G431xx -c -I../Core/Inc -I../Drivers/STM32G4xx_HAL_Driver/Inc -I../Drivers/STM32G4xx_HAL_Driver/Inc/Legacy -I../Drivers/CMSIS/Device/ST/STM32G4xx/Include -I../Drivers/CMSIS/Include -O0 -ffunction-sections -fdata-sections -Wall -fstack-usage -fcyclomatic-complexity -MMD -MP -MF"Core/Src/stm32g4xx_it.d" -MT"Core/Src/stm32g4xx_it.o" --specs=nano.specs -mfpu=fpv4-sp-d16 -mfloat-abi=hard -mthumb -o "Core/Src/stm32g4xx_it.o"
arm-none-eabi-gcc "../Core/Src/syscalls.c" -mcpu=cortex-m4 -std=gnu11 -g3 -DDEBUG -DUSE_HAL_DRIVER -DSTM32G431xx -c -I../Core/Inc -I../Drivers/STM32G4xx_HAL_Driver/Inc -I../Drivers/STM32G4xx_HAL_Driver/Inc/Legacy -I../Drivers/CMSIS/Device/ST/STM32G4xx/Include -I../Drivers/CMSIS/Include -O0 -ffunction-sections -fdata-sections -Wall -fstack-usage -fcyclomatic-complexity -MMD -MP -MF"Core/Src/syscalls.d" -MT"Core/Src/syscalls.o" --specs=nano.specs -mfpu=fpv4-sp-d16 -mfloat-abi=hard -mthumb -o "Core/Src/syscalls.o"
../Core/Src/main.c: In function 'main':
../Core/Src/main.c:70:31: warning: variable 'header' set but not used [-Wunused-but-set-variable]
   70 |         FDCAN_TxHeaderTypeDef header;
      |                               ^~~~~~
arm-none-eabi-gcc "../Core/Src/sysmem.c" -mcpu=cortex-m4 -std=gnu11 -g3 -DDEBUG -DUSE_HAL_DRIVER -DSTM32G431xx -c -I../Core/Inc -I../Drivers/STM32G4xx_HAL_Driver/Inc -I../Drivers/STM32G4xx_HAL_Driver/Inc/Legacy -I../Drivers/CMSIS/Device/ST/STM32G4xx/Include -I../Drivers/CMSIS/Include -O0 -ffunction-sections -fdata-sections -Wall -fstack-usage -fcyclomatic-complexity -MMD -MP -MF"Core/Src/sysmem.d" -MT"Core/Src/sysmem.o" --specs=nano.specs -mfpu=fpv4-sp-d16 -mfloat-abi=hard -mthumb -o "Core/Src/sysmem.o"
arm-none-eabi-gcc "../Core/Src/system_stm32g4xx.c" -mcpu=cortex-m4 -std=gnu11 -g3 -DDEBUG -DUSE_HAL_DRIVER -DSTM32G431xx -c -I../Core/Inc -I../Drivers/STM32G4xx_HAL_Driver/Inc -I../Drivers/STM32G4xx_HAL_Driver/Inc/Legacy -I../Drivers/CMSIS/Device/ST/STM32G4xx/Include -I../Drivers/CMSIS/Include -O0 -ffunction-sections -fdata-sections -Wall -fstack-usage -fcyclomatic-complexity -MMD -MP -MF"Core/Src/system_stm32g4xx.d" -MT"Core/Src/system_stm32g4xx.o" --specs=nano.specs -mfpu=fpv4-sp-d16 -mfloat-abi=hard -mthumb -o "Core/Src/system_stm32g4xx.o"
arm-none-eabi-gcc "../Core/Src/usart.c" -mcpu=cortex-m4 -std=gnu11 -g3 -DDEBUG -DUSE_HAL_DRIVER -DSTM32G431xx -c -I../Core/Inc -I../Drivers/STM32G4xx_HAL_Driver/Inc -I../Drivers/STM32G4xx_HAL_Driver/Inc/Legacy -I../Drivers/CMSIS/Device/ST/STM32G4xx/Include -I../Drivers/CMSIS/Include -O0 -ffunction-sections -fdata-sections -Wall -fstack-usage -fcyclomatic-complexity -MMD -MP -MF"Core/Src/usart.d" -MT"Core/Src/usart.o" --specs=nano.specs -mfpu=fpv4-sp-d16 -mfloat-abi=hard -mthumb -o "Core/Src/usart.o"
arm-none-eabi-gcc -o "multiperiph_base_test_tp.elf" @"objects.list"   -mcpu=cortex-m4 -T"C:\travail\yassine_mesbahi\multiperiph_base_test_tp\STM32G431KBTX_FLASH.ld" --specs=nosys.specs -Wl,-Map="multiperiph_base_test_tp.map" -Wl,--gc-sections -static --specs=nano.specs -mfpu=fpv4-sp-d16 -mfloat-abi=hard -mthumb -u _printf_float -u _scanf_float -Wl,--start-group -lc -lm -Wl,--end-group
Finished building target: multiperiph_base_test_tp.elf
 
arm-none-eabi-size  multiperiph_base_test_tp.elf 
arm-none-eabi-objdump -h -S multiperiph_base_test_tp.elf  > "multiperiph_base_test_tp.list"
arm-none-eabi-objcopy  -O binary multiperiph_base_test_tp.elf  "multiperiph_base_test_tp.bin"
   text	   data	    bss	    dec	    hex	filename
  35620	    468	   2156	  38244	   9564	multiperiph_base_test_tp.elf
Finished building: default.size.stdout
 
Finished building: multiperiph_base_test_tp.bin
 
Finished building: multiperiph_base_test_tp.list
 
14:02:46 **** Incremental Build of configuration Debug for project multiperiph_base_test_tp ****
make -j8 all 
arm-none-eabi-gcc "../Core/Src/main.c" -mcpu=cortex-m4 -std=gnu11 -g3 -DDEBUG -DUSE_HAL_DRIVER -DSTM32G431xx -c -I../Core/Inc -I../Drivers/STM32G4xx_HAL_Driver/Inc -I../Drivers/STM32G4xx_HAL_Driver/Inc/Legacy -I../Drivers/CMSIS/Device/ST/STM32G4xx/Include -I../Drivers/CMSIS/Include -O0 -ffunction-sections -fdata-sections -Wall -fstack-usage -fcyclomatic-complexity -MMD -MP -MF"Core/Src/main.d" -MT"Core/Src/main.o" --specs=nano.specs -mfpu=fpv4-sp-d16 -mfloat-abi=hard -mthumb -o "Core/Src/main.o"
../Core/Src/main.c:28:1: warning: data definition has no type or storage class
   28 | data_lidar_main[345] = 1522 ;
      | ^~~~~~~~~~~~~~~
../Core/Src/main.c:28:1: warning: type defaults to 'int' in declaration of 'data_lidar_main' [-Wimplicit-int]
../Core/Src/main.c:28:1: error: conflicting types for 'data_lidar_main'; have 'int[345]'
../Core/Src/main.c:27:7: note: previous declaration of 'data_lidar_main' with type 'float[360]'
   27 | float data_lidar_main [360] ;
      |       ^~~~~~~~~~~~~~~
../Core/Src/main.c:28:24: error: invalid initializer
   28 | data_lidar_main[345] = 1522 ;
      |                        ^~~~
../Core/Src/main.c:29:1: warning: data definition has no type or storage class
   29 | data_lidar_main [45] = 4525 ;
      | ^~~~~~~~~~~~~~~
../Core/Src/main.c:29:1: warning: type defaults to 'int' in declaration of 'data_lidar_main' [-Wimplicit-int]
../Core/Src/main.c:29:1: error: conflicting types for 'data_lidar_main'; have 'int[45]'
../Core/Src/main.c:27:7: note: previous declaration of 'data_lidar_main' with type 'float[360]'
   27 | float data_lidar_main [360] ;
      |       ^~~~~~~~~~~~~~~
../Core/Src/main.c:29:24: error: invalid initializer
   29 | data_lidar_main [45] = 4525 ;
      |                        ^~~~
../Core/Src/main.c: In function 'main':
../Core/Src/main.c:122:9: warning: implicit declaration of function 'HAL_CAN_Start'; did you mean 'HAL_FDCAN_Start'? [-Wimplicit-function-declaration]
  122 |         HAL_CAN_Start(&hcan1);
      |         ^~~~~~~~~~~~~
      |         HAL_FDCAN_Start
../Core/Src/main.c:122:24: error: 'hcan1' undeclared (first use in this function); did you mean 'hfdcan1'?
  122 |         HAL_CAN_Start(&hcan1);
      |                        ^~~~~
      |                        hfdcan1
../Core/Src/main.c:122:24: note: each undeclared identifier is reported only once for each function it appears in
../Core/Src/main.c:125:2: warning: useless type name in empty declaration
  125 |  FDCAN_TxHeaderTypeDef  ;
      |  ^~~~~~~~~~~~~~~~~~~~~
../Core/Src/main.c:126:2: error: 'TxHeader' undeclared (first use in this function); did you mean 'header'?
  126 |  TxHeader.Identifier = id; // Set your CAN identifier
      |  ^~~~~~~~
      |  header
../Core/Src/main.c:126:24: error: 'id' undeclared (first use in this function); did you mean 'void'?
  126 |  TxHeader.Identifier = id; // Set your CAN identifier
      |                        ^~
      |                        void
../Core/Src/main.c:132:35: error: 'FDCAN_NO_TX_EVENT_FIFO' undeclared (first use in this function); did you mean 'FDCAN_NO_TX_EVENTS'?
  132 |     TxHeader.TxEventFifoControl = FDCAN_NO_TX_EVENT_FIFO; // No event FIFO
      |                                   ^~~~~~~~~~~~~~~~~~~~~~
      |                                   FDCAN_NO_TX_EVENTS
../Core/Src/main.c:150:18: warning: implicit declaration of function 'set_angle'; did you mean 'set_degre'? [-Wimplicit-function-declaration]
  150 |         if (-220<set_angle()<220)
      |                  ^~~~~~~~~
      |                  set_degre
../Core/Src/main.c:150:29: warning: comparison of constant '220' with boolean expression is always true [-Wbool-compare]
  150 |         if (-220<set_angle()<220)
      |                             ^
../Core/Src/main.c:150:17: warning: comparisons like 'X<=Y<=Z' do not have their mathematical meaning [-Wparentheses]
  150 |         if (-220<set_angle()<220)
      |             ~~~~^~~~~~~~~~~~
../Core/Src/main.c:155:24: error: called object is not a function or function pointer
  155 |         hexa_vitesse = 0x200(vitesse_m_s/0.35);
      |                        ^~~~~
../Core/Src/main.c:160:40: error: 'Txheader' undeclared (first use in this function); did you mean 'header'?
  160 | HAL_FDCAN_AddMessageToTxFifoQ(&hfdcan1,Txheader,Txdata) ;
      |                                        ^~~~~~~~
      |                                        header
../Core/Src/main.c:235:1: error: expected declaration or statement at end of input
  235 | }
      | ^
../Core/Src/main.c:90:31: warning: variable 'header' set but not used [-Wunused-but-set-variable]
   90 |         FDCAN_TxHeaderTypeDef header;
      |                               ^~~~~~
../Core/Src/main.c: At top level:
../Core/Src/main.c:226:6: warning: 'Error_Handler' defined but not used [-Wunused-function]
  226 | void Error_Handler(void)
      |      ^~~~~~~~~~~~~
../Core/Src/main.c:176:6: warning: 'SystemClock_Config' defined but not used [-Wunused-function]
  176 | void SystemClock_Config(void)
      |      ^~~~~~~~~~~~~~~~~~
make: *** [Core/Src/subdir.mk:43: Core/Src/main.o] Error 1
"make -j8 all" terminated with exit code 2. Build might be incomplete.
14:03:11 **** Incremental Build of configuration Debug for project multiperiph_base_test_tp ****
make -j8 all 
arm-none-eabi-gcc "../Core/Src/main.c" -mcpu=cortex-m4 -std=gnu11 -g3 -DDEBUG -DUSE_HAL_DRIVER -DSTM32G431xx -c -I../Core/Inc -I../Drivers/STM32G4xx_HAL_Driver/Inc -I../Drivers/STM32G4xx_HAL_Driver/Inc/Legacy -I../Drivers/CMSIS/Device/ST/STM32G4xx/Include -I../Drivers/CMSIS/Include -O0 -ffunction-sections -fdata-sections -Wall -fstack-usage -fcyclomatic-complexity -MMD -MP -MF"Core/Src/main.d" -MT"Core/Src/main.o" --specs=nano.specs -mfpu=fpv4-sp-d16 -mfloat-abi=hard -mthumb -o "Core/Src/main.o"
../Core/Src/main.c:28:1: warning: data definition has no type or storage class
   28 | data_lidar_main[345] = 1522.0 ;
      | ^~~~~~~~~~~~~~~
../Core/Src/main.c:28:1: warning: type defaults to 'int' in declaration of 'data_lidar_main' [-Wimplicit-int]
../Core/Src/main.c:28:1: error: conflicting types for 'data_lidar_main'; have 'int[345]'
../Core/Src/main.c:27:7: note: previous declaration of 'data_lidar_main' with type 'float[360]'
   27 | float data_lidar_main [360] ;
      |       ^~~~~~~~~~~~~~~
../Core/Src/main.c:28:24: error: invalid initializer
   28 | data_lidar_main[345] = 1522.0 ;
      |                        ^~~~~~
../Core/Src/main.c:29:1: warning: data definition has no type or storage class
   29 | data_lidar_main [45] = 4525.0 ;
      | ^~~~~~~~~~~~~~~
../Core/Src/main.c:29:1: warning: type defaults to 'int' in declaration of 'data_lidar_main' [-Wimplicit-int]
../Core/Src/main.c:29:1: error: conflicting types for 'data_lidar_main'; have 'int[45]'
../Core/Src/main.c:27:7: note: previous declaration of 'data_lidar_main' with type 'float[360]'
   27 | float data_lidar_main [360] ;
      |       ^~~~~~~~~~~~~~~
../Core/Src/main.c:29:24: error: invalid initializer
   29 | data_lidar_main [45] = 4525.0 ;
      |                        ^~~~~~
../Core/Src/main.c: In function 'main':
../Core/Src/main.c:122:9: warning: implicit declaration of function 'HAL_CAN_Start'; did you mean 'HAL_FDCAN_Start'? [-Wimplicit-function-declaration]
  122 |         HAL_CAN_Start(&hcan1);
      |         ^~~~~~~~~~~~~
      |         HAL_FDCAN_Start
../Core/Src/main.c:122:24: error: 'hcan1' undeclared (first use in this function); did you mean 'hfdcan1'?
  122 |         HAL_CAN_Start(&hcan1);
      |                        ^~~~~
      |                        hfdcan1
../Core/Src/main.c:122:24: note: each undeclared identifier is reported only once for each function it appears in
../Core/Src/main.c:125:2: warning: useless type name in empty declaration
  125 |  FDCAN_TxHeaderTypeDef  ;
      |  ^~~~~~~~~~~~~~~~~~~~~
../Core/Src/main.c:126:2: error: 'TxHeader' undeclared (first use in this function); did you mean 'header'?
  126 |  TxHeader.Identifier = id; // Set your CAN identifier
      |  ^~~~~~~~
      |  header
../Core/Src/main.c:126:24: error: 'id' undeclared (first use in this function); did you mean 'void'?
  126 |  TxHeader.Identifier = id; // Set your CAN identifier
      |                        ^~
      |                        void
../Core/Src/main.c:132:35: error: 'FDCAN_NO_TX_EVENT_FIFO' undeclared (first use in this function); did you mean 'FDCAN_NO_TX_EVENTS'?
  132 |     TxHeader.TxEventFifoControl = FDCAN_NO_TX_EVENT_FIFO; // No event FIFO
      |                                   ^~~~~~~~~~~~~~~~~~~~~~
      |                                   FDCAN_NO_TX_EVENTS
../Core/Src/main.c:150:18: warning: implicit declaration of function 'set_angle'; did you mean 'set_degre'? [-Wimplicit-function-declaration]
  150 |         if (-220<set_angle()<220)
      |                  ^~~~~~~~~
      |                  set_degre
../Core/Src/main.c:150:29: warning: comparison of constant '220' with boolean expression is always true [-Wbool-compare]
  150 |         if (-220<set_angle()<220)
      |                             ^
../Core/Src/main.c:150:17: warning: comparisons like 'X<=Y<=Z' do not have their mathematical meaning [-Wparentheses]
  150 |         if (-220<set_angle()<220)
      |             ~~~~^~~~~~~~~~~~
../Core/Src/main.c:155:24: error: called object is not a function or function pointer
  155 |         hexa_vitesse = 0x200(vitesse_m_s/0.35);
      |                        ^~~~~
../Core/Src/main.c:160:40: error: 'Txheader' undeclared (first use in this function); did you mean 'header'?
  160 | HAL_FDCAN_AddMessageToTxFifoQ(&hfdcan1,Txheader,Txdata) ;
      |                                        ^~~~~~~~
      |                                        header
../Core/Src/main.c:235:1: error: expected declaration or statement at end of input
  235 | }
      | ^
../Core/Src/main.c:90:31: warning: variable 'header' set but not used [-Wunused-but-set-variable]
   90 |         FDCAN_TxHeaderTypeDef header;
      |                               ^~~~~~
../Core/Src/main.c: At top level:
../Core/Src/main.c:226:6: warning: 'Error_Handler' defined but not used [-Wunused-function]
  226 | void Error_Handler(void)
      |      ^~~~~~~~~~~~~
../Core/Src/main.c:176:6: warning: 'SystemClock_Config' defined but not used [-Wunused-function]
  176 | void SystemClock_Config(void)
      |      ^~~~~~~~~~~~~~~~~~
make: *** [Core/Src/subdir.mk:43: Core/Src/main.o] Error 1
"make -j8 all" terminated with exit code 2. Build might be incomplete.
14:04:07 **** Incremental Build of configuration Debug for project multiperiph_base_test_tp ****
make -j8 all 
arm-none-eabi-gcc "../Core/Src/main.c" -mcpu=cortex-m4 -std=gnu11 -g3 -DDEBUG -DUSE_HAL_DRIVER -DSTM32G431xx -c -I../Core/Inc -I../Drivers/STM32G4xx_HAL_Driver/Inc -I../Drivers/STM32G4xx_HAL_Driver/Inc/Legacy -I../Drivers/CMSIS/Device/ST/STM32G4xx/Include -I../Drivers/CMSIS/Include -O0 -ffunction-sections -fdata-sections -Wall -fstack-usage -fcyclomatic-complexity -MMD -MP -MF"Core/Src/main.d" -MT"Core/Src/main.o" --specs=nano.specs -mfpu=fpv4-sp-d16 -mfloat-abi=hard -mthumb -o "Core/Src/main.o"
../Core/Src/main.c:28:1: warning: data definition has no type or storage class
   28 | data_lidar_main[345] = 1522.0 ;
      | ^~~~~~~~~~~~~~~
../Core/Src/main.c:28:1: warning: type defaults to 'int' in declaration of 'data_lidar_main' [-Wimplicit-int]
../Core/Src/main.c:28:1: error: conflicting types for 'data_lidar_main'; have 'int[345]'
../Core/Src/main.c:27:7: note: previous declaration of 'data_lidar_main' with type 'float[360]'
   27 | float data_lidar_main [360] ;
      |       ^~~~~~~~~~~~~~~
../Core/Src/main.c:28:24: error: invalid initializer
   28 | data_lidar_main[345] = 1522.0 ;
      |                        ^~~~~~
../Core/Src/main.c:29:1: warning: data definition has no type or storage class
   29 | data_lidar_main [45] = 4525.0 ;
      | ^~~~~~~~~~~~~~~
../Core/Src/main.c:29:1: warning: type defaults to 'int' in declaration of 'data_lidar_main' [-Wimplicit-int]
../Core/Src/main.c:29:1: error: conflicting types for 'data_lidar_main'; have 'int[45]'
../Core/Src/main.c:27:7: note: previous declaration of 'data_lidar_main' with type 'float[360]'
   27 | float data_lidar_main [360] ;
      |       ^~~~~~~~~~~~~~~
../Core/Src/main.c:29:24: error: invalid initializer
   29 | data_lidar_main [45] = 4525.0 ;
      |                        ^~~~~~
../Core/Src/main.c: In function 'main':
../Core/Src/main.c:122:9: warning: implicit declaration of function 'HAL_CAN_Start'; did you mean 'HAL_FDCAN_Start'? [-Wimplicit-function-declaration]
  122 |         HAL_CAN_Start(&hcan1);
      |         ^~~~~~~~~~~~~
      |         HAL_FDCAN_Start
../Core/Src/main.c:122:24: error: 'hcan1' undeclared (first use in this function); did you mean 'hfdcan1'?
  122 |         HAL_CAN_Start(&hcan1);
      |                        ^~~~~
      |                        hfdcan1
../Core/Src/main.c:122:24: note: each undeclared identifier is reported only once for each function it appears in
../Core/Src/main.c:126:24: error: 'id' undeclared (first use in this function); did you mean 'void'?
  126 |  TxHeader.Identifier = id; // Set your CAN identifier
      |                        ^~
      |                        void
../Core/Src/main.c:132:35: error: 'FDCAN_NO_TX_EVENT_FIFO' undeclared (first use in this function); did you mean 'FDCAN_NO_TX_EVENTS'?
  132 |     TxHeader.TxEventFifoControl = FDCAN_NO_TX_EVENT_FIFO; // No event FIFO
      |                                   ^~~~~~~~~~~~~~~~~~~~~~
      |                                   FDCAN_NO_TX_EVENTS
../Core/Src/main.c:150:18: warning: implicit declaration of function 'set_angle'; did you mean 'set_degre'? [-Wimplicit-function-declaration]
  150 |         if (-220<set_angle()<220)
      |                  ^~~~~~~~~
      |                  set_degre
../Core/Src/main.c:150:29: warning: comparison of constant '220' with boolean expression is always true [-Wbool-compare]
  150 |         if (-220<set_angle()<220)
      |                             ^
../Core/Src/main.c:150:17: warning: comparisons like 'X<=Y<=Z' do not have their mathematical meaning [-Wparentheses]
  150 |         if (-220<set_angle()<220)
      |             ~~~~^~~~~~~~~~~~
../Core/Src/main.c:155:24: error: called object is not a function or function pointer
  155 |         hexa_vitesse = 0x200(vitesse_m_s/0.35);
      |                        ^~~~~
../Core/Src/main.c:160:40: error: 'Txheader' undeclared (first use in this function); did you mean 'TxHeader'?
  160 | HAL_FDCAN_AddMessageToTxFifoQ(&hfdcan1,Txheader,Txdata) ;
      |                                        ^~~~~~~~
      |                                        TxHeader
../Core/Src/main.c:235:1: error: expected declaration or statement at end of input
  235 | }
      | ^
../Core/Src/main.c:125:25: warning: variable 'TxHeader' set but not used [-Wunused-but-set-variable]
  125 |  FDCAN_TxHeaderTypeDef  TxHeader  ;
      |                         ^~~~~~~~
../Core/Src/main.c:90:31: warning: variable 'header' set but not used [-Wunused-but-set-variable]
   90 |         FDCAN_TxHeaderTypeDef header;
      |                               ^~~~~~
../Core/Src/main.c: At top level:
../Core/Src/main.c:226:6: warning: 'Error_Handler' defined but not used [-Wunused-function]
  226 | void Error_Handler(void)
      |      ^~~~~~~~~~~~~
../Core/Src/main.c:176:6: warning: 'SystemClock_Config' defined but not used [-Wunused-function]
  176 | void SystemClock_Config(void)
      |      ^~~~~~~~~~~~~~~~~~
make: *** [Core/Src/subdir.mk:43: Core/Src/main.o] Error 1
"make -j8 all" terminated with exit code 2. Build might be incomplete.
14:04:15 **** Incremental Build of configuration Debug for project multiperiph_base_test_tp ****
make -j8 all 
arm-none-eabi-gcc "../Core/Src/main.c" -mcpu=cortex-m4 -std=gnu11 -g3 -DDEBUG -DUSE_HAL_DRIVER -DSTM32G431xx -c -I../Core/Inc -I../Drivers/STM32G4xx_HAL_Driver/Inc -I../Drivers/STM32G4xx_HAL_Driver/Inc/Legacy -I../Drivers/CMSIS/Device/ST/STM32G4xx/Include -I../Drivers/CMSIS/Include -O0 -ffunction-sections -fdata-sections -Wall -fstack-usage -fcyclomatic-complexity -MMD -MP -MF"Core/Src/main.d" -MT"Core/Src/main.o" --specs=nano.specs -mfpu=fpv4-sp-d16 -mfloat-abi=hard -mthumb -o "Core/Src/main.o"
../Core/Src/main.c:28:1: warning: data definition has no type or storage class
   28 | data_lidar_main[345] = 1522.0 ;
      | ^~~~~~~~~~~~~~~
../Core/Src/main.c:28:1: warning: type defaults to 'int' in declaration of 'data_lidar_main' [-Wimplicit-int]
../Core/Src/main.c:28:1: error: conflicting types for 'data_lidar_main'; have 'int[345]'
../Core/Src/main.c:27:7: note: previous declaration of 'data_lidar_main' with type 'float[360]'
   27 | float data_lidar_main [360] ;
      |       ^~~~~~~~~~~~~~~
../Core/Src/main.c:28:24: error: invalid initializer
   28 | data_lidar_main[345] = 1522.0 ;
      |                        ^~~~~~
../Core/Src/main.c:29:1: warning: data definition has no type or storage class
   29 | data_lidar_main [45] = 4525.0 ;
      | ^~~~~~~~~~~~~~~
../Core/Src/main.c:29:1: warning: type defaults to 'int' in declaration of 'data_lidar_main' [-Wimplicit-int]
../Core/Src/main.c:29:1: error: conflicting types for 'data_lidar_main'; have 'int[45]'
../Core/Src/main.c:27:7: note: previous declaration of 'data_lidar_main' with type 'float[360]'
   27 | float data_lidar_main [360] ;
      |       ^~~~~~~~~~~~~~~
../Core/Src/main.c:29:24: error: invalid initializer
   29 | data_lidar_main [45] = 4525.0 ;
      |                        ^~~~~~
../Core/Src/main.c: In function 'main':
../Core/Src/main.c:122:9: warning: implicit declaration of function 'HAL_CAN_Start'; did you mean 'HAL_FDCAN_Start'? [-Wimplicit-function-declaration]
  122 |         HAL_CAN_Start(&hcan1);
      |         ^~~~~~~~~~~~~
      |         HAL_FDCAN_Start
../Core/Src/main.c:122:24: error: 'hcan1' undeclared (first use in this function); did you mean 'hfdcan1'?
  122 |         HAL_CAN_Start(&hcan1);
      |                        ^~~~~
      |                        hfdcan1
../Core/Src/main.c:122:24: note: each undeclared identifier is reported only once for each function it appears in
../Core/Src/main.c:126:24: error: 'id' undeclared (first use in this function); did you mean 'void'?
  126 |  TxHeader.Identifier = id; // Set your CAN identifier
      |                        ^~
      |                        void
../Core/Src/main.c:132:35: error: 'FDCAN_NO_TX_EVENT_FIFO' undeclared (first use in this function); did you mean 'FDCAN_NO_TX_EVENTS'?
  132 |     TxHeader.TxEventFifoControl = FDCAN_NO_TX_EVENT_FIFO; // No event FIFO
      |                                   ^~~~~~~~~~~~~~~~~~~~~~
      |                                   FDCAN_NO_TX_EVENTS
../Core/Src/main.c:150:18: warning: implicit declaration of function 'set_angle'; did you mean 'set_degre'? [-Wimplicit-function-declaration]
  150 |         if (-220<set_angle()<220)
      |                  ^~~~~~~~~
      |                  set_degre
../Core/Src/main.c:150:29: warning: comparison of constant '220' with boolean expression is always true [-Wbool-compare]
  150 |         if (-220<set_angle()<220)
      |                             ^
../Core/Src/main.c:150:17: warning: comparisons like 'X<=Y<=Z' do not have their mathematical meaning [-Wparentheses]
  150 |         if (-220<set_angle()<220)
      |             ~~~~^~~~~~~~~~~~
../Core/Src/main.c:155:24: error: called object is not a function or function pointer
  155 |         hexa_vitesse = 0x200(vitesse_m_s/0.35);
      |                        ^~~~~
../Core/Src/main.c:160:40: error: 'Txheader' undeclared (first use in this function); did you mean 'TxHeader'?
  160 | HAL_FDCAN_AddMessageToTxFifoQ(&hfdcan1,Txheader,Txdata) ;
      |                                        ^~~~~~~~
      |                                        TxHeader
../Core/Src/main.c:235:1: error: expected declaration or statement at end of input
  235 | }
      | ^
../Core/Src/main.c:125:25: warning: variable 'TxHeader' set but not used [-Wunused-but-set-variable]
  125 |  FDCAN_TxHeaderTypeDef  TxHeader  ;
      |                         ^~~~~~~~
../Core/Src/main.c:90:31: warning: variable 'header' set but not used [-Wunused-but-set-variable]
   90 |         FDCAN_TxHeaderTypeDef header;
      |                               ^~~~~~
../Core/Src/main.c: At top level:
../Core/Src/main.c:226:6: warning: 'Error_Handler' defined but not used [-Wunused-function]
  226 | void Error_Handler(void)
      |      ^~~~~~~~~~~~~
../Core/Src/main.c:176:6: warning: 'SystemClock_Config' defined but not used [-Wunused-function]
  176 | void SystemClock_Config(void)
      |      ^~~~~~~~~~~~~~~~~~
make: *** [Core/Src/subdir.mk:43: Core/Src/main.o] Error 1
"make -j8 all" terminated with exit code 2. Build might be incomplete.
14:04:56 **** Incremental Build of configuration Debug for project multiperiph_base_test_tp ****
make -j8 all 
arm-none-eabi-gcc "../Core/Src/main.c" -mcpu=cortex-m4 -std=gnu11 -g3 -DDEBUG -DUSE_HAL_DRIVER -DSTM32G431xx -c -I../Core/Inc -I../Drivers/STM32G4xx_HAL_Driver/Inc -I../Drivers/STM32G4xx_HAL_Driver/Inc/Legacy -I../Drivers/CMSIS/Device/ST/STM32G4xx/Include -I../Drivers/CMSIS/Include -O0 -ffunction-sections -fdata-sections -Wall -fstack-usage -fcyclomatic-complexity -MMD -MP -MF"Core/Src/main.d" -MT"Core/Src/main.o" --specs=nano.specs -mfpu=fpv4-sp-d16 -mfloat-abi=hard -mthumb -o "Core/Src/main.o"
../Core/Src/main.c:28:1: warning: data definition has no type or storage class
   28 | data_lidar_main[345] = 1522.0 ;
      | ^~~~~~~~~~~~~~~
../Core/Src/main.c:28:1: warning: type defaults to 'int' in declaration of 'data_lidar_main' [-Wimplicit-int]
../Core/Src/main.c:28:1: error: conflicting types for 'data_lidar_main'; have 'int[345]'
../Core/Src/main.c:27:7: note: previous declaration of 'data_lidar_main' with type 'float[360]'
   27 | float data_lidar_main [360] ;
      |       ^~~~~~~~~~~~~~~
../Core/Src/main.c:28:24: error: invalid initializer
   28 | data_lidar_main[345] = 1522.0 ;
      |                        ^~~~~~
../Core/Src/main.c:29:1: warning: data definition has no type or storage class
   29 | data_lidar_main [45] = 4525.0 ;
      | ^~~~~~~~~~~~~~~
../Core/Src/main.c:29:1: warning: type defaults to 'int' in declaration of 'data_lidar_main' [-Wimplicit-int]
../Core/Src/main.c:29:1: error: conflicting types for 'data_lidar_main'; have 'int[45]'
../Core/Src/main.c:27:7: note: previous declaration of 'data_lidar_main' with type 'float[360]'
   27 | float data_lidar_main [360] ;
      |       ^~~~~~~~~~~~~~~
../Core/Src/main.c:29:24: error: invalid initializer
   29 | data_lidar_main [45] = 4525.0 ;
      |                        ^~~~~~
../Core/Src/main.c: In function 'main':
../Core/Src/main.c:122:9: warning: implicit declaration of function 'HAL_CAN_Start'; did you mean 'HAL_FDCAN_Start'? [-Wimplicit-function-declaration]
  122 |         HAL_CAN_Start(&hcan1);
      |         ^~~~~~~~~~~~~
      |         HAL_FDCAN_Start
../Core/Src/main.c:122:24: error: 'hcan1' undeclared (first use in this function); did you mean 'hfdcan1'?
  122 |         HAL_CAN_Start(&hcan1);
      |                        ^~~~~
      |                        hfdcan1
../Core/Src/main.c:122:24: note: each undeclared identifier is reported only once for each function it appears in
../Core/Src/main.c:132:35: error: 'FDCAN_NO_TX_EVENT_FIFO' undeclared (first use in this function); did you mean 'FDCAN_NO_TX_EVENTS'?
  132 |     TxHeader.TxEventFifoControl = FDCAN_NO_TX_EVENT_FIFO; // No event FIFO
      |                                   ^~~~~~~~~~~~~~~~~~~~~~
      |                                   FDCAN_NO_TX_EVENTS
../Core/Src/main.c:150:18: warning: implicit declaration of function 'set_angle'; did you mean 'set_degre'? [-Wimplicit-function-declaration]
  150 |         if (-220<set_angle()<220)
      |                  ^~~~~~~~~
      |                  set_degre
../Core/Src/main.c:150:29: warning: comparison of constant '220' with boolean expression is always true [-Wbool-compare]
  150 |         if (-220<set_angle()<220)
      |                             ^
../Core/Src/main.c:150:17: warning: comparisons like 'X<=Y<=Z' do not have their mathematical meaning [-Wparentheses]
  150 |         if (-220<set_angle()<220)
      |             ~~~~^~~~~~~~~~~~
../Core/Src/main.c:155:24: error: called object is not a function or function pointer
  155 |         hexa_vitesse = 0x200(vitesse_m_s/0.35);
      |                        ^~~~~
../Core/Src/main.c:160:40: error: 'Txheader' undeclared (first use in this function); did you mean 'TxHeader'?
  160 | HAL_FDCAN_AddMessageToTxFifoQ(&hfdcan1,Txheader,Txdata) ;
      |                                        ^~~~~~~~
      |                                        TxHeader
../Core/Src/main.c:235:1: error: expected declaration or statement at end of input
  235 | }
      | ^
../Core/Src/main.c:125:25: warning: variable 'TxHeader' set but not used [-Wunused-but-set-variable]
  125 |  FDCAN_TxHeaderTypeDef  TxHeader  ;
      |                         ^~~~~~~~
../Core/Src/main.c:90:31: warning: variable 'header' set but not used [-Wunused-but-set-variable]
   90 |         FDCAN_TxHeaderTypeDef header;
      |                               ^~~~~~
../Core/Src/main.c: At top level:
../Core/Src/main.c:226:6: warning: 'Error_Handler' defined but not used [-Wunused-function]
  226 | void Error_Handler(void)
      |      ^~~~~~~~~~~~~
../Core/Src/main.c:176:6: warning: 'SystemClock_Config' defined but not used [-Wunused-function]
  176 | void SystemClock_Config(void)
      |      ^~~~~~~~~~~~~~~~~~
make: *** [Core/Src/subdir.mk:43: Core/Src/main.o] Error 1
"make -j8 all" terminated with exit code 2. Build might be incomplete.
14:06:19 **** Incremental Build of configuration Debug for project multiperiph_base_test_tp ****
make -j8 all 
arm-none-eabi-gcc "../Core/Src/main.c" -mcpu=cortex-m4 -std=gnu11 -g3 -DDEBUG -DUSE_HAL_DRIVER -DSTM32G431xx -c -I../Core/Inc -I../Drivers/STM32G4xx_HAL_Driver/Inc -I../Drivers/STM32G4xx_HAL_Driver/Inc/Legacy -I../Drivers/CMSIS/Device/ST/STM32G4xx/Include -I../Drivers/CMSIS/Include -O0 -ffunction-sections -fdata-sections -Wall -fstack-usage -fcyclomatic-complexity -MMD -MP -MF"Core/Src/main.d" -MT"Core/Src/main.o" --specs=nano.specs -mfpu=fpv4-sp-d16 -mfloat-abi=hard -mthumb -o "Core/Src/main.o"
../Core/Src/main.c:28:1: warning: data definition has no type or storage class
   28 | data_lidar_main[345] = 1522.0 ;
      | ^~~~~~~~~~~~~~~
../Core/Src/main.c:28:1: warning: type defaults to 'int' in declaration of 'data_lidar_main' [-Wimplicit-int]
../Core/Src/main.c:28:1: error: conflicting types for 'data_lidar_main'; have 'int[345]'
../Core/Src/main.c:27:7: note: previous declaration of 'data_lidar_main' with type 'float[360]'
   27 | float data_lidar_main [360] ;
      |       ^~~~~~~~~~~~~~~
../Core/Src/main.c:28:24: error: invalid initializer
   28 | data_lidar_main[345] = 1522.0 ;
      |                        ^~~~~~
../Core/Src/main.c:29:1: warning: data definition has no type or storage class
   29 | data_lidar_main [45] = 4525.0 ;
      | ^~~~~~~~~~~~~~~
../Core/Src/main.c:29:1: warning: type defaults to 'int' in declaration of 'data_lidar_main' [-Wimplicit-int]
../Core/Src/main.c:29:1: error: conflicting types for 'data_lidar_main'; have 'int[45]'
../Core/Src/main.c:27:7: note: previous declaration of 'data_lidar_main' with type 'float[360]'
   27 | float data_lidar_main [360] ;
      |       ^~~~~~~~~~~~~~~
../Core/Src/main.c:29:24: error: invalid initializer
   29 | data_lidar_main [45] = 4525.0 ;
      |                        ^~~~~~
../Core/Src/main.c: In function 'main':
../Core/Src/main.c:122:9: warning: implicit declaration of function 'HAL_CAN_Start'; did you mean 'HAL_FDCAN_Start'? [-Wimplicit-function-declaration]
  122 |         HAL_CAN_Start(&hfdcan1);
      |         ^~~~~~~~~~~~~
      |         HAL_FDCAN_Start
../Core/Src/main.c:132:35: error: 'FDCAN_NO_TX_EVENT_FIFO' undeclared (first use in this function); did you mean 'FDCAN_NO_TX_EVENTS'?
  132 |     TxHeader.TxEventFifoControl = FDCAN_NO_TX_EVENT_FIFO; // No event FIFO
      |                                   ^~~~~~~~~~~~~~~~~~~~~~
      |                                   FDCAN_NO_TX_EVENTS
../Core/Src/main.c:132:35: note: each undeclared identifier is reported only once for each function it appears in
../Core/Src/main.c:150:18: warning: implicit declaration of function 'set_angle'; did you mean 'set_degre'? [-Wimplicit-function-declaration]
  150 |         if (-220<set_angle()<220)
      |                  ^~~~~~~~~
      |                  set_degre
../Core/Src/main.c:150:29: warning: comparison of constant '220' with boolean expression is always true [-Wbool-compare]
  150 |         if (-220<set_angle()<220)
      |                             ^
../Core/Src/main.c:150:17: warning: comparisons like 'X<=Y<=Z' do not have their mathematical meaning [-Wparentheses]
  150 |         if (-220<set_angle()<220)
      |             ~~~~^~~~~~~~~~~~
../Core/Src/main.c:155:24: error: called object is not a function or function pointer
  155 |         hexa_vitesse = 0x200(vitesse_m_s/0.35);
      |                        ^~~~~
../Core/Src/main.c:160:40: error: 'Txheader' undeclared (first use in this function); did you mean 'TxHeader'?
  160 | HAL_FDCAN_AddMessageToTxFifoQ(&hfdcan1,Txheader,Txdata) ;
      |                                        ^~~~~~~~
      |                                        TxHeader
../Core/Src/main.c:235:1: error: expected declaration or statement at end of input
  235 | }
      | ^
../Core/Src/main.c:125:25: warning: variable 'TxHeader' set but not used [-Wunused-but-set-variable]
  125 |  FDCAN_TxHeaderTypeDef  TxHeader  ;
      |                         ^~~~~~~~
../Core/Src/main.c:90:31: warning: variable 'header' set but not used [-Wunused-but-set-variable]
   90 |         FDCAN_TxHeaderTypeDef header;
      |                               ^~~~~~
../Core/Src/main.c: At top level:
../Core/Src/main.c:226:6: warning: 'Error_Handler' defined but not used [-Wunused-function]
  226 | void Error_Handler(void)
      |      ^~~~~~~~~~~~~
../Core/Src/main.c:176:6: warning: 'SystemClock_Config' defined but not used [-Wunused-function]
  176 | void SystemClock_Config(void)
      |      ^~~~~~~~~~~~~~~~~~
make: *** [Core/Src/subdir.mk:43: Core/Src/main.o] Error 1
"make -j8 all" terminated with exit code 2. Build might be incomplete.
14:07:36 **** Incremental Build of configuration Debug for project multiperiph_base_test_tp ****
make -j8 all 
arm-none-eabi-gcc "../Core/Src/main.c" -mcpu=cortex-m4 -std=gnu11 -g3 -DDEBUG -DUSE_HAL_DRIVER -DSTM32G431xx -c -I../Core/Inc -I../Drivers/STM32G4xx_HAL_Driver/Inc -I../Drivers/STM32G4xx_HAL_Driver/Inc/Legacy -I../Drivers/CMSIS/Device/ST/STM32G4xx/Include -I../Drivers/CMSIS/Include -O0 -ffunction-sections -fdata-sections -Wall -fstack-usage -fcyclomatic-complexity -MMD -MP -MF"Core/Src/main.d" -MT"Core/Src/main.o" --specs=nano.specs -mfpu=fpv4-sp-d16 -mfloat-abi=hard -mthumb -o "Core/Src/main.o"
../Core/Src/main.c:28:1: warning: data definition has no type or storage class
   28 | data_lidar_main[345] = 1522.0 ;
      | ^~~~~~~~~~~~~~~
../Core/Src/main.c:28:1: warning: type defaults to 'int' in declaration of 'data_lidar_main' [-Wimplicit-int]
../Core/Src/main.c:28:1: error: conflicting types for 'data_lidar_main'; have 'int[345]'
../Core/Src/main.c:27:7: note: previous declaration of 'data_lidar_main' with type 'float[360]'
   27 | float data_lidar_main [360] ;
      |       ^~~~~~~~~~~~~~~
../Core/Src/main.c:28:24: error: invalid initializer
   28 | data_lidar_main[345] = 1522.0 ;
      |                        ^~~~~~
../Core/Src/main.c:29:1: warning: data definition has no type or storage class
   29 | data_lidar_main [45] = 4525.0 ;
      | ^~~~~~~~~~~~~~~
../Core/Src/main.c:29:1: warning: type defaults to 'int' in declaration of 'data_lidar_main' [-Wimplicit-int]
../Core/Src/main.c:29:1: error: conflicting types for 'data_lidar_main'; have 'int[45]'
../Core/Src/main.c:27:7: note: previous declaration of 'data_lidar_main' with type 'float[360]'
   27 | float data_lidar_main [360] ;
      |       ^~~~~~~~~~~~~~~
../Core/Src/main.c:29:24: error: invalid initializer
   29 | data_lidar_main [45] = 4525.0 ;
      |                        ^~~~~~
../Core/Src/main.c: In function 'main':
../Core/Src/main.c:149:18: warning: implicit declaration of function 'set_angle'; did you mean 'set_degre'? [-Wimplicit-function-declaration]
  149 |         if (-220<set_angle()<220)
      |                  ^~~~~~~~~
      |                  set_degre
../Core/Src/main.c:149:29: warning: comparison of constant '220' with boolean expression is always true [-Wbool-compare]
  149 |         if (-220<set_angle()<220)
      |                             ^
../Core/Src/main.c:149:17: warning: comparisons like 'X<=Y<=Z' do not have their mathematical meaning [-Wparentheses]
  149 |         if (-220<set_angle()<220)
      |             ~~~~^~~~~~~~~~~~
../Core/Src/main.c:154:24: error: called object is not a function or function pointer
  154 |         hexa_vitesse = 0x200(vitesse_m_s/0.35);
      |                        ^~~~~
../Core/Src/main.c:159:40: error: 'Txheader' undeclared (first use in this function); did you mean 'TxHeader'?
  159 | HAL_FDCAN_AddMessageToTxFifoQ(&hfdcan1,Txheader,Txdata) ;
      |                                        ^~~~~~~~
      |                                        TxHeader
../Core/Src/main.c:159:40: note: each undeclared identifier is reported only once for each function it appears in
../Core/Src/main.c:234:1: error: expected declaration or statement at end of input
  234 | }
      | ^
../Core/Src/main.c:125:25: warning: variable 'TxHeader' set but not used [-Wunused-but-set-variable]
  125 |  FDCAN_TxHeaderTypeDef  TxHeader  ;
      |                         ^~~~~~~~
../Core/Src/main.c:90:31: warning: variable 'header' set but not used [-Wunused-but-set-variable]
   90 |         FDCAN_TxHeaderTypeDef header;
      |                               ^~~~~~
../Core/Src/main.c: At top level:
../Core/Src/main.c:225:6: warning: 'Error_Handler' defined but not used [-Wunused-function]
  225 | void Error_Handler(void)
      |      ^~~~~~~~~~~~~
../Core/Src/main.c:175:6: warning: 'SystemClock_Config' defined but not used [-Wunused-function]
  175 | void SystemClock_Config(void)
      |      ^~~~~~~~~~~~~~~~~~
make: *** [Core/Src/subdir.mk:43: Core/Src/main.o] Error 1
"make -j8 all" terminated with exit code 2. Build might be incomplete.
14:09:02 **** Incremental Build of configuration Debug for project multiperiph_base_test_tp ****
make -j8 all 
arm-none-eabi-gcc "../Core/Src/main.c" -mcpu=cortex-m4 -std=gnu11 -g3 -DDEBUG -DUSE_HAL_DRIVER -DSTM32G431xx -c -I../Core/Inc -I../Drivers/STM32G4xx_HAL_Driver/Inc -I../Drivers/STM32G4xx_HAL_Driver/Inc/Legacy -I../Drivers/CMSIS/Device/ST/STM32G4xx/Include -I../Drivers/CMSIS/Include -O0 -ffunction-sections -fdata-sections -Wall -fstack-usage -fcyclomatic-complexity -MMD -MP -MF"Core/Src/main.d" -MT"Core/Src/main.o" --specs=nano.specs -mfpu=fpv4-sp-d16 -mfloat-abi=hard -mthumb -o "Core/Src/main.o"
../Core/Src/main.c:28:5: warning: data definition has no type or storage class
   28 |     data_lidar_main[345] = 1522.0f; // Assign float value
      |     ^~~~~~~~~~~~~~~
../Core/Src/main.c:28:5: warning: type defaults to 'int' in declaration of 'data_lidar_main' [-Wimplicit-int]
../Core/Src/main.c:28:5: error: conflicting types for 'data_lidar_main'; have 'int[345]'
../Core/Src/main.c:27:9: note: previous declaration of 'data_lidar_main' with type 'float[360]'
   27 |   float data_lidar_main[360];
      |         ^~~~~~~~~~~~~~~
../Core/Src/main.c:28:28: error: invalid initializer
   28 |     data_lidar_main[345] = 1522.0f; // Assign float value
      |                            ^~~~~~~
../Core/Src/main.c:29:5: warning: data definition has no type or storage class
   29 |     data_lidar_main[45] = 4525.0f;  // Assign another float value
      |     ^~~~~~~~~~~~~~~
../Core/Src/main.c:29:5: warning: type defaults to 'int' in declaration of 'data_lidar_main' [-Wimplicit-int]
../Core/Src/main.c:29:5: error: conflicting types for 'data_lidar_main'; have 'int[45]'
../Core/Src/main.c:27:9: note: previous declaration of 'data_lidar_main' with type 'float[360]'
   27 |   float data_lidar_main[360];
      |         ^~~~~~~~~~~~~~~
../Core/Src/main.c:29:27: error: invalid initializer
   29 |     data_lidar_main[45] = 4525.0f;  // Assign another float value
      |                           ^~~~~~~
../Core/Src/main.c: In function 'main':
../Core/Src/main.c:149:18: warning: implicit declaration of function 'set_angle'; did you mean 'set_degre'? [-Wimplicit-function-declaration]
  149 |         if (-220<set_angle()<220)
      |                  ^~~~~~~~~
      |                  set_degre
../Core/Src/main.c:149:29: warning: comparison of constant '220' with boolean expression is always true [-Wbool-compare]
  149 |         if (-220<set_angle()<220)
      |                             ^
../Core/Src/main.c:149:17: warning: comparisons like 'X<=Y<=Z' do not have their mathematical meaning [-Wparentheses]
  149 |         if (-220<set_angle()<220)
      |             ~~~~^~~~~~~~~~~~
../Core/Src/main.c:154:24: error: called object is not a function or function pointer
  154 |         hexa_vitesse = 0x200(vitesse_m_s/0.35);
      |                        ^~~~~
../Core/Src/main.c:159:40: error: 'Txheader' undeclared (first use in this function); did you mean 'TxHeader'?
  159 | HAL_FDCAN_AddMessageToTxFifoQ(&hfdcan1,Txheader,Txdata) ;
      |                                        ^~~~~~~~
      |                                        TxHeader
../Core/Src/main.c:159:40: note: each undeclared identifier is reported only once for each function it appears in
../Core/Src/main.c:234:1: error: expected declaration or statement at end of input
  234 | }
      | ^
../Core/Src/main.c:125:25: warning: variable 'TxHeader' set but not used [-Wunused-but-set-variable]
  125 |  FDCAN_TxHeaderTypeDef  TxHeader  ;
      |                         ^~~~~~~~
../Core/Src/main.c:90:31: warning: variable 'header' set but not used [-Wunused-but-set-variable]
   90 |         FDCAN_TxHeaderTypeDef header;
      |                               ^~~~~~
../Core/Src/main.c: At top level:
../Core/Src/main.c:225:6: warning: 'Error_Handler' defined but not used [-Wunused-function]
  225 | void Error_Handler(void)
      |      ^~~~~~~~~~~~~
../Core/Src/main.c:175:6: warning: 'SystemClock_Config' defined but not used [-Wunused-function]
  175 | void SystemClock_Config(void)
      |      ^~~~~~~~~~~~~~~~~~
make: *** [Core/Src/subdir.mk:43: Core/Src/main.o] Error 1
"make -j8 all" terminated with exit code 2. Build might be incomplete.
14:09:43 **** Incremental Build of configuration Debug for project multiperiph_base_test_tp ****
make -j8 all 
arm-none-eabi-gcc "../Core/Src/main.c" -mcpu=cortex-m4 -std=gnu11 -g3 -DDEBUG -DUSE_HAL_DRIVER -DSTM32G431xx -c -I../Core/Inc -I../Drivers/STM32G4xx_HAL_Driver/Inc -I../Drivers/STM32G4xx_HAL_Driver/Inc/Legacy -I../Drivers/CMSIS/Device/ST/STM32G4xx/Include -I../Drivers/CMSIS/Include -O0 -ffunction-sections -fdata-sections -Wall -fstack-usage -fcyclomatic-complexity -MMD -MP -MF"Core/Src/main.d" -MT"Core/Src/main.o" --specs=nano.specs -mfpu=fpv4-sp-d16 -mfloat-abi=hard -mthumb -o "Core/Src/main.o"
../Core/Src/main.c:28:3: warning: data definition has no type or storage class
   28 |   data_lidar_main[345] = 1522.0f; // Assign float value
      |   ^~~~~~~~~~~~~~~
../Core/Src/main.c:28:3: warning: type defaults to 'int' in declaration of 'data_lidar_main' [-Wimplicit-int]
../Core/Src/main.c:28:3: error: conflicting types for 'data_lidar_main'; have 'int[345]'
../Core/Src/main.c:27:9: note: previous declaration of 'data_lidar_main' with type 'float[360]'
   27 |   float data_lidar_main[360];
      |         ^~~~~~~~~~~~~~~
../Core/Src/main.c:28:26: error: invalid initializer
   28 |   data_lidar_main[345] = 1522.0f; // Assign float value
      |                          ^~~~~~~
../Core/Src/main.c:29:3: warning: data definition has no type or storage class
   29 |   data_lidar_main[45] = 4525.0f;  // Assign another float value
      |   ^~~~~~~~~~~~~~~
../Core/Src/main.c:29:3: warning: type defaults to 'int' in declaration of 'data_lidar_main' [-Wimplicit-int]
../Core/Src/main.c:29:3: error: conflicting types for 'data_lidar_main'; have 'int[45]'
../Core/Src/main.c:27:9: note: previous declaration of 'data_lidar_main' with type 'float[360]'
   27 |   float data_lidar_main[360];
      |         ^~~~~~~~~~~~~~~
../Core/Src/main.c:29:25: error: invalid initializer
   29 |   data_lidar_main[45] = 4525.0f;  // Assign another float value
      |                         ^~~~~~~
../Core/Src/main.c: In function 'main':
../Core/Src/main.c:149:18: warning: implicit declaration of function 'set_angle'; did you mean 'set_degre'? [-Wimplicit-function-declaration]
  149 |         if (-220<set_angle()<220)
      |                  ^~~~~~~~~
      |                  set_degre
../Core/Src/main.c:149:29: warning: comparison of constant '220' with boolean expression is always true [-Wbool-compare]
  149 |         if (-220<set_angle()<220)
      |                             ^
../Core/Src/main.c:149:17: warning: comparisons like 'X<=Y<=Z' do not have their mathematical meaning [-Wparentheses]
  149 |         if (-220<set_angle()<220)
      |             ~~~~^~~~~~~~~~~~
../Core/Src/main.c:159:40: error: 'Txheader' undeclared (first use in this function); did you mean 'TxHeader'?
  159 | HAL_FDCAN_AddMessageToTxFifoQ(&hfdcan1,Txheader,Txdata) ;
      |                                        ^~~~~~~~
      |                                        TxHeader
../Core/Src/main.c:159:40: note: each undeclared identifier is reported only once for each function it appears in
../Core/Src/main.c:234:1: error: expected declaration or statement at end of input
  234 | }
      | ^
../Core/Src/main.c:125:25: warning: variable 'TxHeader' set but not used [-Wunused-but-set-variable]
  125 |  FDCAN_TxHeaderTypeDef  TxHeader  ;
      |                         ^~~~~~~~
../Core/Src/main.c:90:31: warning: variable 'header' set but not used [-Wunused-but-set-variable]
   90 |         FDCAN_TxHeaderTypeDef header;
      |                               ^~~~~~
../Core/Src/main.c: At top level:
../Core/Src/main.c:225:6: warning: 'Error_Handler' defined but not used [-Wunused-function]
  225 | void Error_Handler(void)
      |      ^~~~~~~~~~~~~
../Core/Src/main.c:175:6: warning: 'SystemClock_Config' defined but not used [-Wunused-function]
  175 | void SystemClock_Config(void)
      |      ^~~~~~~~~~~~~~~~~~
make: *** [Core/Src/subdir.mk:43: Core/Src/main.o] Error 1
"make -j8 all" terminated with exit code 2. Build might be incomplete.
14:10:06 **** Incremental Build of configuration Debug for project multiperiph_base_test_tp ****
make -j8 all 
arm-none-eabi-gcc "../Core/Src/main.c" -mcpu=cortex-m4 -std=gnu11 -g3 -DDEBUG -DUSE_HAL_DRIVER -DSTM32G431xx -c -I../Core/Inc -I../Drivers/STM32G4xx_HAL_Driver/Inc -I../Drivers/STM32G4xx_HAL_Driver/Inc/Legacy -I../Drivers/CMSIS/Device/ST/STM32G4xx/Include -I../Drivers/CMSIS/Include -O0 -ffunction-sections -fdata-sections -Wall -fstack-usage -fcyclomatic-complexity -MMD -MP -MF"Core/Src/main.d" -MT"Core/Src/main.o" --specs=nano.specs -mfpu=fpv4-sp-d16 -mfloat-abi=hard -mthumb -o "Core/Src/main.o"
../Core/Src/main.c:28:3: warning: data definition has no type or storage class
   28 |   data_lidar_main[345] = 1522.0f; // Assign float value
      |   ^~~~~~~~~~~~~~~
../Core/Src/main.c:28:3: warning: type defaults to 'int' in declaration of 'data_lidar_main' [-Wimplicit-int]
../Core/Src/main.c:28:3: error: conflicting types for 'data_lidar_main'; have 'int[345]'
../Core/Src/main.c:27:9: note: previous declaration of 'data_lidar_main' with type 'float[360]'
   27 |   float data_lidar_main[360];
      |         ^~~~~~~~~~~~~~~
../Core/Src/main.c:28:26: error: invalid initializer
   28 |   data_lidar_main[345] = 1522.0f; // Assign float value
      |                          ^~~~~~~
../Core/Src/main.c:29:3: warning: data definition has no type or storage class
   29 |   data_lidar_main[45] = 4525.0f;  // Assign another float value
      |   ^~~~~~~~~~~~~~~
../Core/Src/main.c:29:3: warning: type defaults to 'int' in declaration of 'data_lidar_main' [-Wimplicit-int]
../Core/Src/main.c:29:3: error: conflicting types for 'data_lidar_main'; have 'int[45]'
../Core/Src/main.c:27:9: note: previous declaration of 'data_lidar_main' with type 'float[360]'
   27 |   float data_lidar_main[360];
      |         ^~~~~~~~~~~~~~~
../Core/Src/main.c:29:25: error: invalid initializer
   29 |   data_lidar_main[45] = 4525.0f;  // Assign another float value
      |                         ^~~~~~~
../Core/Src/main.c: In function 'main':
../Core/Src/main.c:149:18: warning: implicit declaration of function 'set_angle'; did you mean 'set_degre'? [-Wimplicit-function-declaration]
  149 |         if (-220<set_angle()&& set_angle()<220)
      |                  ^~~~~~~~~
      |                  set_degre
../Core/Src/main.c:159:40: error: 'Txheader' undeclared (first use in this function); did you mean 'TxHeader'?
  159 | HAL_FDCAN_AddMessageToTxFifoQ(&hfdcan1,Txheader,Txdata) ;
      |                                        ^~~~~~~~
      |                                        TxHeader
../Core/Src/main.c:159:40: note: each undeclared identifier is reported only once for each function it appears in
../Core/Src/main.c:234:1: error: expected declaration or statement at end of input
  234 | }
      | ^
../Core/Src/main.c:125:25: warning: variable 'TxHeader' set but not used [-Wunused-but-set-variable]
  125 |  FDCAN_TxHeaderTypeDef  TxHeader  ;
      |                         ^~~~~~~~
../Core/Src/main.c:90:31: warning: variable 'header' set but not used [-Wunused-but-set-variable]
   90 |         FDCAN_TxHeaderTypeDef header;
      |                               ^~~~~~
../Core/Src/main.c: At top level:
../Core/Src/main.c:225:6: warning: 'Error_Handler' defined but not used [-Wunused-function]
  225 | void Error_Handler(void)
      |      ^~~~~~~~~~~~~
../Core/Src/main.c:175:6: warning: 'SystemClock_Config' defined but not used [-Wunused-function]
  175 | void SystemClock_Config(void)
      |      ^~~~~~~~~~~~~~~~~~
make: *** [Core/Src/subdir.mk:43: Core/Src/main.o] Error 1
"make -j8 all" terminated with exit code 2. Build might be incomplete.
14:10:25 **** Incremental Build of configuration Debug for project multiperiph_base_test_tp ****
make -j8 all 
arm-none-eabi-gcc "../Core/Src/main.c" -mcpu=cortex-m4 -std=gnu11 -g3 -DDEBUG -DUSE_HAL_DRIVER -DSTM32G431xx -c -I../Core/Inc -I../Drivers/STM32G4xx_HAL_Driver/Inc -I../Drivers/STM32G4xx_HAL_Driver/Inc/Legacy -I../Drivers/CMSIS/Device/ST/STM32G4xx/Include -I../Drivers/CMSIS/Include -O0 -ffunction-sections -fdata-sections -Wall -fstack-usage -fcyclomatic-complexity -MMD -MP -MF"Core/Src/main.d" -MT"Core/Src/main.o" --specs=nano.specs -mfpu=fpv4-sp-d16 -mfloat-abi=hard -mthumb -o "Core/Src/main.o"
../Core/Src/main.c:28:3: warning: data definition has no type or storage class
   28 |   data_lidar_main[345] = 1522.0f; // Assign float value
      |   ^~~~~~~~~~~~~~~
../Core/Src/main.c:28:3: warning: type defaults to 'int' in declaration of 'data_lidar_main' [-Wimplicit-int]
../Core/Src/main.c:28:3: error: conflicting types for 'data_lidar_main'; have 'int[345]'
../Core/Src/main.c:27:9: note: previous declaration of 'data_lidar_main' with type 'float[360]'
   27 |   float data_lidar_main[360];
      |         ^~~~~~~~~~~~~~~
../Core/Src/main.c:28:26: error: invalid initializer
   28 |   data_lidar_main[345] = 1522.0f; // Assign float value
      |                          ^~~~~~~
../Core/Src/main.c:29:3: warning: data definition has no type or storage class
   29 |   data_lidar_main[45] = 4525.0f;  // Assign another float value
      |   ^~~~~~~~~~~~~~~
../Core/Src/main.c:29:3: warning: type defaults to 'int' in declaration of 'data_lidar_main' [-Wimplicit-int]
../Core/Src/main.c:29:3: error: conflicting types for 'data_lidar_main'; have 'int[45]'
../Core/Src/main.c:27:9: note: previous declaration of 'data_lidar_main' with type 'float[360]'
   27 |   float data_lidar_main[360];
      |         ^~~~~~~~~~~~~~~
../Core/Src/main.c:29:25: error: invalid initializer
   29 |   data_lidar_main[45] = 4525.0f;  // Assign another float value
      |                         ^~~~~~~
../Core/Src/main.c: In function 'main':
../Core/Src/main.c:149:18: warning: implicit declaration of function 'set_angle'; did you mean 'set_degre'? [-Wimplicit-function-declaration]
  149 |         if (-220<set_angle()&& set_angle()<220)
      |                  ^~~~~~~~~
      |                  set_degre
../Core/Src/main.c:159:40: error: 'Txheader' undeclared (first use in this function); did you mean 'TxHeader'?
  159 | HAL_FDCAN_AddMessageToTxFifoQ(&hfdcan1,Txheader,Txdata) ;
      |                                        ^~~~~~~~
      |                                        TxHeader
../Core/Src/main.c:159:40: note: each undeclared identifier is reported only once for each function it appears in
../Core/Src/main.c:234:1: error: expected declaration or statement at end of input
  234 | }
      | ^
../Core/Src/main.c:125:25: warning: variable 'TxHeader' set but not used [-Wunused-but-set-variable]
  125 |  FDCAN_TxHeaderTypeDef  TxHeader  ;
      |                         ^~~~~~~~
../Core/Src/main.c:90:31: warning: variable 'header' set but not used [-Wunused-but-set-variable]
   90 |         FDCAN_TxHeaderTypeDef header;
      |                               ^~~~~~
../Core/Src/main.c: At top level:
../Core/Src/main.c:225:6: warning: 'Error_Handler' defined but not used [-Wunused-function]
  225 | void Error_Handler(void)
      |      ^~~~~~~~~~~~~
../Core/Src/main.c:175:6: warning: 'SystemClock_Config' defined but not used [-Wunused-function]
  175 | void SystemClock_Config(void)
      |      ^~~~~~~~~~~~~~~~~~
make: *** [Core/Src/subdir.mk:43: Core/Src/main.o] Error 1
"make -j8 all" terminated with exit code 2. Build might be incomplete.
14:11:20 **** Incremental Build of configuration Debug for project multiperiph_base_test_tp ****
make -j8 all 
arm-none-eabi-gcc "../Core/Src/main.c" -mcpu=cortex-m4 -std=gnu11 -g3 -DDEBUG -DUSE_HAL_DRIVER -DSTM32G431xx -c -I../Core/Inc -I../Drivers/STM32G4xx_HAL_Driver/Inc -I../Drivers/STM32G4xx_HAL_Driver/Inc/Legacy -I../Drivers/CMSIS/Device/ST/STM32G4xx/Include -I../Drivers/CMSIS/Include -O0 -ffunction-sections -fdata-sections -Wall -fstack-usage -fcyclomatic-complexity -MMD -MP -MF"Core/Src/main.d" -MT"Core/Src/main.o" --specs=nano.specs -mfpu=fpv4-sp-d16 -mfloat-abi=hard -mthumb -o "Core/Src/main.o"
../Core/Src/main.c:28:3: warning: data definition has no type or storage class
   28 |   data_lidar_main[345] = 1522.0f; // Assign float value
      |   ^~~~~~~~~~~~~~~
../Core/Src/main.c:28:3: warning: type defaults to 'int' in declaration of 'data_lidar_main' [-Wimplicit-int]
../Core/Src/main.c:28:3: error: conflicting types for 'data_lidar_main'; have 'int[345]'
../Core/Src/main.c:27:9: note: previous declaration of 'data_lidar_main' with type 'float[360]'
   27 |   float data_lidar_main[360];
      |         ^~~~~~~~~~~~~~~
../Core/Src/main.c:28:26: error: invalid initializer
   28 |   data_lidar_main[345] = 1522.0f; // Assign float value
      |                          ^~~~~~~
../Core/Src/main.c:29:3: warning: data definition has no type or storage class
   29 |   data_lidar_main[45] = 4525.0f;  // Assign another float value
      |   ^~~~~~~~~~~~~~~
../Core/Src/main.c:29:3: warning: type defaults to 'int' in declaration of 'data_lidar_main' [-Wimplicit-int]
../Core/Src/main.c:29:3: error: conflicting types for 'data_lidar_main'; have 'int[45]'
../Core/Src/main.c:27:9: note: previous declaration of 'data_lidar_main' with type 'float[360]'
   27 |   float data_lidar_main[360];
      |         ^~~~~~~~~~~~~~~
../Core/Src/main.c:29:25: error: invalid initializer
   29 |   data_lidar_main[45] = 4525.0f;  // Assign another float value
      |                         ^~~~~~~
../Core/Src/main.c: In function 'main':
../Core/Src/main.c:149:18: warning: implicit declaration of function 'set_angle'; did you mean 'set_degre'? [-Wimplicit-function-declaration]
  149 |         if (-220<set_angle()&& set_angle()<220)
      |                  ^~~~~~~~~
      |                  set_degre
../Core/Src/main.c:159:40: error: incompatible type for argument 2 of 'HAL_FDCAN_AddMessageToTxFifoQ'
  159 | HAL_FDCAN_AddMessageToTxFifoQ(&hfdcan1,TxHeader,Txdata) ;
      |                                        ^~~~~~~~
      |                                        |
      |                                        FDCAN_TxHeaderTypeDef
In file included from ../Core/Inc/stm32g4xx_hal_conf.h:256,
                 from ../Drivers/STM32G4xx_HAL_Driver/Inc/stm32g4xx_hal.h:29,
                 from ../Core/Inc/main.h:30,
                 from ../Core/Src/main.c:20:
../Drivers/STM32G4xx_HAL_Driver/Inc/stm32g4xx_hal_fdcan.h:1210:107: note: expected 'const FDCAN_TxHeaderTypeDef *' but argument is of type 'FDCAN_TxHeaderTypeDef'
 1210 | HAL_StatusTypeDef HAL_FDCAN_AddMessageToTxFifoQ(FDCAN_HandleTypeDef *hfdcan, const FDCAN_TxHeaderTypeDef *pTxHeader,
      |                                                                              ~~~~~~~~~~~~~~~~~~~~~~~~~~~~~^~~~~~~~~
../Core/Src/main.c:234:1: error: expected declaration or statement at end of input
  234 | }
      | ^
../Core/Src/main.c:90:31: warning: variable 'header' set but not used [-Wunused-but-set-variable]
   90 |         FDCAN_TxHeaderTypeDef header;
      |                               ^~~~~~
../Core/Src/main.c: At top level:
../Core/Src/main.c:225:6: warning: 'Error_Handler' defined but not used [-Wunused-function]
  225 | void Error_Handler(void)
      |      ^~~~~~~~~~~~~
../Core/Src/main.c:175:6: warning: 'SystemClock_Config' defined but not used [-Wunused-function]
  175 | void SystemClock_Config(void)
      |      ^~~~~~~~~~~~~~~~~~
make: *** [Core/Src/subdir.mk:43: Core/Src/main.o] Error 1
"make -j8 all" terminated with exit code 2. Build might be incomplete.
14:12:22 **** Incremental Build of configuration Debug for project multiperiph_base_test_tp ****
make -j8 all 
arm-none-eabi-gcc "../Core/Src/main.c" -mcpu=cortex-m4 -std=gnu11 -g3 -DDEBUG -DUSE_HAL_DRIVER -DSTM32G431xx -c -I../Core/Inc -I../Drivers/STM32G4xx_HAL_Driver/Inc -I../Drivers/STM32G4xx_HAL_Driver/Inc/Legacy -I../Drivers/CMSIS/Device/ST/STM32G4xx/Include -I../Drivers/CMSIS/Include -O0 -ffunction-sections -fdata-sections -Wall -fstack-usage -fcyclomatic-complexity -MMD -MP -MF"Core/Src/main.d" -MT"Core/Src/main.o" --specs=nano.specs -mfpu=fpv4-sp-d16 -mfloat-abi=hard -mthumb -o "Core/Src/main.o"
../Core/Src/main.c:28:3: warning: data definition has no type or storage class
   28 |   data_lidar_main[345] = 1522.0f; // Assign float value
      |   ^~~~~~~~~~~~~~~
../Core/Src/main.c:28:3: warning: type defaults to 'int' in declaration of 'data_lidar_main' [-Wimplicit-int]
../Core/Src/main.c:28:3: error: conflicting types for 'data_lidar_main'; have 'int[345]'
../Core/Src/main.c:27:9: note: previous declaration of 'data_lidar_main' with type 'float[360]'
   27 |   float data_lidar_main[360];
      |         ^~~~~~~~~~~~~~~
../Core/Src/main.c:28:26: error: invalid initializer
   28 |   data_lidar_main[345] = 1522.0f; // Assign float value
      |                          ^~~~~~~
../Core/Src/main.c:29:3: warning: data definition has no type or storage class
   29 |   data_lidar_main[45] = 4525.0f;  // Assign another float value
      |   ^~~~~~~~~~~~~~~
../Core/Src/main.c:29:3: warning: type defaults to 'int' in declaration of 'data_lidar_main' [-Wimplicit-int]
../Core/Src/main.c:29:3: error: conflicting types for 'data_lidar_main'; have 'int[45]'
../Core/Src/main.c:27:9: note: previous declaration of 'data_lidar_main' with type 'float[360]'
   27 |   float data_lidar_main[360];
      |         ^~~~~~~~~~~~~~~
../Core/Src/main.c:29:25: error: invalid initializer
   29 |   data_lidar_main[45] = 4525.0f;  // Assign another float value
      |                         ^~~~~~~
../Core/Src/main.c: In function 'main':
../Core/Src/main.c:149:18: warning: implicit declaration of function 'set_angle'; did you mean 'set_degre'? [-Wimplicit-function-declaration]
  149 |         if (-220<set_angle()&& set_angle()<220)
      |                  ^~~~~~~~~
      |                  set_degre
../Core/Src/main.c:159:50: warning: passing argument 3 of 'HAL_FDCAN_AddMessageToTxFifoQ' from incompatible pointer type [-Wincompatible-pointer-types]
  159 | HAL_FDCAN_AddMessageToTxFifoQ(&hfdcan1,&TxHeader,&Txdata) ;
      |                                                  ^~~~~~~
      |                                                  |
      |                                                  uint8_t (*)[2] {aka unsigned char (*)[2]}
In file included from ../Core/Inc/stm32g4xx_hal_conf.h:256,
                 from ../Drivers/STM32G4xx_HAL_Driver/Inc/stm32g4xx_hal.h:29,
                 from ../Core/Inc/main.h:30,
                 from ../Core/Src/main.c:20:
../Drivers/STM32G4xx_HAL_Driver/Inc/stm32g4xx_hal_fdcan.h:1211:64: note: expected 'const uint8_t *' {aka 'const unsigned char *'} but argument is of type 'uint8_t (*)[2]' {aka 'unsigned char (*)[2]'}
 1211 |                                                 const uint8_t *pTxData);
      |                                                 ~~~~~~~~~~~~~~~^~~~~~~
../Core/Src/main.c:234:1: error: expected declaration or statement at end of input
  234 | }
      | ^
../Core/Src/main.c:90:31: warning: variable 'header' set but not used [-Wunused-but-set-variable]
   90 |         FDCAN_TxHeaderTypeDef header;
      |                               ^~~~~~
../Core/Src/main.c: At top level:
../Core/Src/main.c:225:6: warning: 'Error_Handler' defined but not used [-Wunused-function]
  225 | void Error_Handler(void)
      |      ^~~~~~~~~~~~~
../Core/Src/main.c:175:6: warning: 'SystemClock_Config' defined but not used [-Wunused-function]
  175 | void SystemClock_Config(void)
      |      ^~~~~~~~~~~~~~~~~~
make: *** [Core/Src/subdir.mk:43: Core/Src/main.o] Error 1
"make -j8 all" terminated with exit code 2. Build might be incomplete.
14:12:40 **** Incremental Build of configuration Debug for project multiperiph_base_test_tp ****
make -j8 all 
arm-none-eabi-gcc "../Core/Src/main.c" -mcpu=cortex-m4 -std=gnu11 -g3 -DDEBUG -DUSE_HAL_DRIVER -DSTM32G431xx -c -I../Core/Inc -I../Drivers/STM32G4xx_HAL_Driver/Inc -I../Drivers/STM32G4xx_HAL_Driver/Inc/Legacy -I../Drivers/CMSIS/Device/ST/STM32G4xx/Include -I../Drivers/CMSIS/Include -O0 -ffunction-sections -fdata-sections -Wall -fstack-usage -fcyclomatic-complexity -MMD -MP -MF"Core/Src/main.d" -MT"Core/Src/main.o" --specs=nano.specs -mfpu=fpv4-sp-d16 -mfloat-abi=hard -mthumb -o "Core/Src/main.o"
../Core/Src/main.c:28:3: warning: data definition has no type or storage class
   28 |   data_lidar_main[345] = 1522.0; // Assign float value
      |   ^~~~~~~~~~~~~~~
../Core/Src/main.c:28:3: warning: type defaults to 'int' in declaration of 'data_lidar_main' [-Wimplicit-int]
../Core/Src/main.c:28:3: error: conflicting types for 'data_lidar_main'; have 'int[345]'
../Core/Src/main.c:27:9: note: previous declaration of 'data_lidar_main' with type 'float[360]'
   27 |   float data_lidar_main[360];
      |         ^~~~~~~~~~~~~~~
../Core/Src/main.c:28:26: error: invalid initializer
   28 |   data_lidar_main[345] = 1522.0; // Assign float value
      |                          ^~~~~~
../Core/Src/main.c:29:3: warning: data definition has no type or storage class
   29 |   data_lidar_main[45] = 4525.0;  // Assign another float value
      |   ^~~~~~~~~~~~~~~
../Core/Src/main.c:29:3: warning: type defaults to 'int' in declaration of 'data_lidar_main' [-Wimplicit-int]
../Core/Src/main.c:29:3: error: conflicting types for 'data_lidar_main'; have 'int[45]'
../Core/Src/main.c:27:9: note: previous declaration of 'data_lidar_main' with type 'float[360]'
   27 |   float data_lidar_main[360];
      |         ^~~~~~~~~~~~~~~
../Core/Src/main.c:29:25: error: invalid initializer
   29 |   data_lidar_main[45] = 4525.0;  // Assign another float value
      |                         ^~~~~~
../Core/Src/main.c: In function 'main':
../Core/Src/main.c:149:18: warning: implicit declaration of function 'set_angle'; did you mean 'set_degre'? [-Wimplicit-function-declaration]
  149 |         if (-220<set_angle()&& set_angle()<220)
      |                  ^~~~~~~~~
      |                  set_degre
../Core/Src/main.c:159:50: warning: passing argument 3 of 'HAL_FDCAN_AddMessageToTxFifoQ' from incompatible pointer type [-Wincompatible-pointer-types]
  159 | HAL_FDCAN_AddMessageToTxFifoQ(&hfdcan1,&TxHeader,&Txdata) ;
      |                                                  ^~~~~~~
      |                                                  |
      |                                                  uint8_t (*)[2] {aka unsigned char (*)[2]}
In file included from ../Core/Inc/stm32g4xx_hal_conf.h:256,
                 from ../Drivers/STM32G4xx_HAL_Driver/Inc/stm32g4xx_hal.h:29,
                 from ../Core/Inc/main.h:30,
                 from ../Core/Src/main.c:20:
../Drivers/STM32G4xx_HAL_Driver/Inc/stm32g4xx_hal_fdcan.h:1211:64: note: expected 'const uint8_t *' {aka 'const unsigned char *'} but argument is of type 'uint8_t (*)[2]' {aka 'unsigned char (*)[2]'}
 1211 |                                                 const uint8_t *pTxData);
      |                                                 ~~~~~~~~~~~~~~~^~~~~~~
../Core/Src/main.c:234:1: error: expected declaration or statement at end of input
  234 | }
      | ^
../Core/Src/main.c:90:31: warning: variable 'header' set but not used [-Wunused-but-set-variable]
   90 |         FDCAN_TxHeaderTypeDef header;
      |                               ^~~~~~
../Core/Src/main.c: At top level:
../Core/Src/main.c:225:6: warning: 'Error_Handler' defined but not used [-Wunused-function]
  225 | void Error_Handler(void)
      |      ^~~~~~~~~~~~~
../Core/Src/main.c:175:6: warning: 'SystemClock_Config' defined but not used [-Wunused-function]
  175 | void SystemClock_Config(void)
      |      ^~~~~~~~~~~~~~~~~~
make: *** [Core/Src/subdir.mk:43: Core/Src/main.o] Error 1
"make -j8 all" terminated with exit code 2. Build might be incomplete.
14:14:00 **** Incremental Build of configuration Debug for project multiperiph_base_test_tp ****
make -j8 all 
arm-none-eabi-gcc "../Core/Src/main.c" -mcpu=cortex-m4 -std=gnu11 -g3 -DDEBUG -DUSE_HAL_DRIVER -DSTM32G431xx -c -I../Core/Inc -I../Drivers/STM32G4xx_HAL_Driver/Inc -I../Drivers/STM32G4xx_HAL_Driver/Inc/Legacy -I../Drivers/CMSIS/Device/ST/STM32G4xx/Include -I../Drivers/CMSIS/Include -O0 -ffunction-sections -fdata-sections -Wall -fstack-usage -fcyclomatic-complexity -MMD -MP -MF"Core/Src/main.d" -MT"Core/Src/main.o" --specs=nano.specs -mfpu=fpv4-sp-d16 -mfloat-abi=hard -mthumb -o "Core/Src/main.o"
../Core/Src/main.c: In function 'main':
../Core/Src/main.c:152:18: warning: implicit declaration of function 'set_angle'; did you mean 'set_degre'? [-Wimplicit-function-declaration]
  152 |         if (-220<set_angle()&& set_angle()<220)
      |                  ^~~~~~~~~
      |                  set_degre
../Core/Src/main.c:162:50: warning: passing argument 3 of 'HAL_FDCAN_AddMessageToTxFifoQ' from incompatible pointer type [-Wincompatible-pointer-types]
  162 | HAL_FDCAN_AddMessageToTxFifoQ(&hfdcan1,&TxHeader,&Txdata) ;
      |                                                  ^~~~~~~
      |                                                  |
      |                                                  uint8_t (*)[2] {aka unsigned char (*)[2]}
In file included from ../Core/Inc/stm32g4xx_hal_conf.h:256,
                 from ../Drivers/STM32G4xx_HAL_Driver/Inc/stm32g4xx_hal.h:29,
                 from ../Core/Inc/main.h:30,
                 from ../Core/Src/main.c:20:
../Drivers/STM32G4xx_HAL_Driver/Inc/stm32g4xx_hal_fdcan.h:1211:64: note: expected 'const uint8_t *' {aka 'const unsigned char *'} but argument is of type 'uint8_t (*)[2]' {aka 'unsigned char (*)[2]'}
 1211 |                                                 const uint8_t *pTxData);
      |                                                 ~~~~~~~~~~~~~~~^~~~~~~
../Core/Src/main.c:237:1: error: expected declaration or statement at end of input
  237 | }
      | ^
../Core/Src/main.c:93:31: warning: variable 'header' set but not used [-Wunused-but-set-variable]
   93 |         FDCAN_TxHeaderTypeDef header;
      |                               ^~~~~~
../Core/Src/main.c: At top level:
../Core/Src/main.c:228:6: warning: 'Error_Handler' defined but not used [-Wunused-function]
  228 | void Error_Handler(void)
      |      ^~~~~~~~~~~~~
../Core/Src/main.c:178:6: warning: 'SystemClock_Config' defined but not used [-Wunused-function]
  178 | void SystemClock_Config(void)
      |      ^~~~~~~~~~~~~~~~~~
make: *** [Core/Src/subdir.mk:43: Core/Src/main.o] Error 1
"make -j8 all" terminated with exit code 2. Build might be incomplete.
14:33:43 **** Incremental Build of configuration Debug for project multiperiph_base_test_tp ****
make -j8 all 
arm-none-eabi-gcc "../Core/Src/fdcan.c" -mcpu=cortex-m4 -std=gnu11 -g3 -DDEBUG -DUSE_HAL_DRIVER -DSTM32G431xx -c -I../Core/Inc -I../Drivers/STM32G4xx_HAL_Driver/Inc -I../Drivers/STM32G4xx_HAL_Driver/Inc/Legacy -I../Drivers/CMSIS/Device/ST/STM32G4xx/Include -I../Drivers/CMSIS/Include -O0 -ffunction-sections -fdata-sections -Wall -fstack-usage -fcyclomatic-complexity -MMD -MP -MF"Core/Src/fdcan.d" -MT"Core/Src/fdcan.o" --specs=nano.specs -mfpu=fpv4-sp-d16 -mfloat-abi=hard -mthumb -o "Core/Src/fdcan.o"
arm-none-eabi-gcc "../Core/Src/gpio.c" -mcpu=cortex-m4 -std=gnu11 -g3 -DDEBUG -DUSE_HAL_DRIVER -DSTM32G431xx -c -I../Core/Inc -I../Drivers/STM32G4xx_HAL_Driver/Inc -I../Drivers/STM32G4xx_HAL_Driver/Inc/Legacy -I../Drivers/CMSIS/Device/ST/STM32G4xx/Include -I../Drivers/CMSIS/Include -O0 -ffunction-sections -fdata-sections -Wall -fstack-usage -fcyclomatic-complexity -MMD -MP -MF"Core/Src/gpio.d" -MT"Core/Src/gpio.o" --specs=nano.specs -mfpu=fpv4-sp-d16 -mfloat-abi=hard -mthumb -o "Core/Src/gpio.o"
arm-none-eabi-gcc "../Core/Src/main.c" -mcpu=cortex-m4 -std=gnu11 -g3 -DDEBUG -DUSE_HAL_DRIVER -DSTM32G431xx -c -I../Core/Inc -I../Drivers/STM32G4xx_HAL_Driver/Inc -I../Drivers/STM32G4xx_HAL_Driver/Inc/Legacy -I../Drivers/CMSIS/Device/ST/STM32G4xx/Include -I../Drivers/CMSIS/Include -O0 -ffunction-sections -fdata-sections -Wall -fstack-usage -fcyclomatic-complexity -MMD -MP -MF"Core/Src/main.d" -MT"Core/Src/main.o" --specs=nano.specs -mfpu=fpv4-sp-d16 -mfloat-abi=hard -mthumb -o "Core/Src/main.o"
arm-none-eabi-gcc "../Core/Src/mymain.c" -mcpu=cortex-m4 -std=gnu11 -g3 -DDEBUG -DUSE_HAL_DRIVER -DSTM32G431xx -c -I../Core/Inc -I../Drivers/STM32G4xx_HAL_Driver/Inc -I../Drivers/STM32G4xx_HAL_Driver/Inc/Legacy -I../Drivers/CMSIS/Device/ST/STM32G4xx/Include -I../Drivers/CMSIS/Include -O0 -ffunction-sections -fdata-sections -Wall -fstack-usage -fcyclomatic-complexity -MMD -MP -MF"Core/Src/mymain.d" -MT"Core/Src/mymain.o" --specs=nano.specs -mfpu=fpv4-sp-d16 -mfloat-abi=hard -mthumb -o "Core/Src/mymain.o"
arm-none-eabi-gcc "../Core/Src/stm32g4xx_hal_msp.c" -mcpu=cortex-m4 -std=gnu11 -g3 -DDEBUG -DUSE_HAL_DRIVER -DSTM32G431xx -c -I../Core/Inc -I../Drivers/STM32G4xx_HAL_Driver/Inc -I../Drivers/STM32G4xx_HAL_Driver/Inc/Legacy -I../Drivers/CMSIS/Device/ST/STM32G4xx/Include -I../Drivers/CMSIS/Include -O0 -ffunction-sections -fdata-sections -Wall -fstack-usage -fcyclomatic-complexity -MMD -MP -MF"Core/Src/stm32g4xx_hal_msp.d" -MT"Core/Src/stm32g4xx_hal_msp.o" --specs=nano.specs -mfpu=fpv4-sp-d16 -mfloat-abi=hard -mthumb -o "Core/Src/stm32g4xx_hal_msp.o"
arm-none-eabi-gcc "../Core/Src/stm32g4xx_it.c" -mcpu=cortex-m4 -std=gnu11 -g3 -DDEBUG -DUSE_HAL_DRIVER -DSTM32G431xx -c -I../Core/Inc -I../Drivers/STM32G4xx_HAL_Driver/Inc -I../Drivers/STM32G4xx_HAL_Driver/Inc/Legacy -I../Drivers/CMSIS/Device/ST/STM32G4xx/Include -I../Drivers/CMSIS/Include -O0 -ffunction-sections -fdata-sections -Wall -fstack-usage -fcyclomatic-complexity -MMD -MP -MF"Core/Src/stm32g4xx_it.d" -MT"Core/Src/stm32g4xx_it.o" --specs=nano.specs -mfpu=fpv4-sp-d16 -mfloat-abi=hard -mthumb -o "Core/Src/stm32g4xx_it.o"
arm-none-eabi-gcc "../Core/Src/syscalls.c" -mcpu=cortex-m4 -std=gnu11 -g3 -DDEBUG -DUSE_HAL_DRIVER -DSTM32G431xx -c -I../Core/Inc -I../Drivers/STM32G4xx_HAL_Driver/Inc -I../Drivers/STM32G4xx_HAL_Driver/Inc/Legacy -I../Drivers/CMSIS/Device/ST/STM32G4xx/Include -I../Drivers/CMSIS/Include -O0 -ffunction-sections -fdata-sections -Wall -fstack-usage -fcyclomatic-complexity -MMD -MP -MF"Core/Src/syscalls.d" -MT"Core/Src/syscalls.o" --specs=nano.specs -mfpu=fpv4-sp-d16 -mfloat-abi=hard -mthumb -o "Core/Src/syscalls.o"
arm-none-eabi-gcc "../Core/Src/sysmem.c" -mcpu=cortex-m4 -std=gnu11 -g3 -DDEBUG -DUSE_HAL_DRIVER -DSTM32G431xx -c -I../Core/Inc -I../Drivers/STM32G4xx_HAL_Driver/Inc -I../Drivers/STM32G4xx_HAL_Driver/Inc/Legacy -I../Drivers/CMSIS/Device/ST/STM32G4xx/Include -I../Drivers/CMSIS/Include -O0 -ffunction-sections -fdata-sections -Wall -fstack-usage -fcyclomatic-complexity -MMD -MP -MF"Core/Src/sysmem.d" -MT"Core/Src/sysmem.o" --specs=nano.specs -mfpu=fpv4-sp-d16 -mfloat-abi=hard -mthumb -o "Core/Src/sysmem.o"
../Core/Src/mymain.c: In function 'setup':
../Core/Src/mymain.c:11:9: error: unknown type name 'FDCAN_TxHeaderTypeDef'
   11 |         FDCAN_TxHeaderTypeDef header;
      |         ^~~~~~~~~~~~~~~~~~~~~
../Core/Src/mymain.c:13:15: error: request for member 'ErrorStateIndicator' in something not a structure or union
   13 |         header.ErrorStateIndicator = FDCAN_ESI_ACTIVE;
      |               ^
../Core/Src/mymain.c:13:38: error: 'FDCAN_ESI_ACTIVE' undeclared (first use in this function)
   13 |         header.ErrorStateIndicator = FDCAN_ESI_ACTIVE;
      |                                      ^~~~~~~~~~~~~~~~
../Core/Src/mymain.c:13:38: note: each undeclared identifier is reported only once for each function it appears in
../Core/Src/mymain.c:14:15: error: request for member 'BitRateSwitch' in something not a structure or union
   14 |         header.BitRateSwitch = FDCAN_BRS_OFF;
      |               ^
../Core/Src/mymain.c:14:32: error: 'FDCAN_BRS_OFF' undeclared (first use in this function)
   14 |         header.BitRateSwitch = FDCAN_BRS_OFF;
      |                                ^~~~~~~~~~~~~
../Core/Src/mymain.c:15:15: error: request for member 'FDFormat' in something not a structure or union
   15 |         header.FDFormat = FDCAN_CLASSIC_CAN;
      |               ^
../Core/Src/mymain.c:15:27: error: 'FDCAN_CLASSIC_CAN' undeclared (first use in this function)
   15 |         header.FDFormat = FDCAN_CLASSIC_CAN;
      |                           ^~~~~~~~~~~~~~~~~
../Core/Src/mymain.c:16:15: error: request for member 'TxEventFifoControl' in something not a structure or union
   16 |         header.TxEventFifoControl = FDCAN_NO_TX_EVENTS;
      |               ^
../Core/Src/mymain.c:16:37: error: 'FDCAN_NO_TX_EVENTS' undeclared (first use in this function)
   16 |         header.TxEventFifoControl = FDCAN_NO_TX_EVENTS;
      |                                     ^~~~~~~~~~~~~~~~~~
../Core/Src/mymain.c:17:15: error: request for member 'MessageMarker' in something not a structure or union
   17 |         header.MessageMarker = 0;
      |               ^
../Core/Src/mymain.c:20:15: error: request for member 'Identifier' in something not a structure or union
   20 |         header.Identifier = 0x700; // Set your CAN identifier
      |               ^
../Core/Src/mymain.c:21:9: error: 'TxHeader' undeclared (first use in this function); did you mean 'header'?
   21 |         TxHeader.IdType = FDCAN_STANDARD_ID; // Standard ID
      |         ^~~~~~~~
      |         header
../Core/Src/mymain.c:21:27: error: 'FDCAN_STANDARD_ID' undeclared (first use in this function)
   21 |         TxHeader.IdType = FDCAN_STANDARD_ID; // Standard ID
      |                           ^~~~~~~~~~~~~~~~~
../Core/Src/mymain.c:22:28: error: 'FDCAN_DATA_FRAME' undeclared (first use in this function)
   22 |     TxHeader.TxFrameType = FDCAN_DATA_FRAME; // Data frame
      |                            ^~~~~~~~~~~~~~~~
../Core/Src/mymain.c:28:17: error: unknown type name 'uint8_t'
   28 |                 uint8_t Txdata [2] ;
      |                 ^~~~~~~
../Core/Src/mymain.c:1:1: note: 'uint8_t' is defined in header '<stdint.h>'; did you forget to '#include <stdint.h>'?
  +++ |+#include <stdint.h>
    1 | /*
../Core/Src/mymain.c:28:25: warning: unused variable 'Txdata' [-Wunused-variable]
   28 |                 uint8_t Txdata [2] ;
      |                         ^~~~~~
../Core/Src/mymain.c:11:31: warning: variable 'header' set but not used [-Wunused-but-set-variable]
   11 |         FDCAN_TxHeaderTypeDef header;
      |                               ^~~~~~
../Core/Src/mymain.c: In function 'loop':
../Core/Src/mymain.c:33:18: warning: implicit declaration of function 'set_angle' [-Wimplicit-function-declaration]
   33 |         if (-220<set_angle()&& set_angle()<220)
      |                  ^~~~~~~~~
../Core/Src/mymain.c:34:18: error: 'vitesse_m_s' undeclared (first use in this function)
   34 |                 {vitesse_m_s = 1.0;}
      |                  ^~~~~~~~~~~
../Core/Src/mymain.c:38:17: error: 'hexa_vitesse' undeclared (first use in this function)
   38 |                 hexa_vitesse = 0x200*(vitesse_m_s/0.35);
      |                 ^~~~~~~~~~~~
../Core/Src/mymain.c:39:17: error: 'Txdata' undeclared (first use in this function)
   39 |                 Txdata [1] = set_angle() ;
      |                 ^~~~~~
../Core/Src/mymain.c:43:9: warning: implicit declaration of function 'HAL_FDCAN_AddMessageToTxFifoQ' [-Wimplicit-function-declaration]
   43 |         HAL_FDCAN_AddMessageToTxFifoQ(&hfdcan1,&TxHeader,&Txdata) ;
      |         ^~~~~~~~~~~~~~~~~~~~~~~~~~~~~
../Core/Src/mymain.c:43:40: error: 'hfdcan1' undeclared (first use in this function)
   43 |         HAL_FDCAN_AddMessageToTxFifoQ(&hfdcan1,&TxHeader,&Txdata) ;
      |                                        ^~~~~~~
../Core/Src/mymain.c:43:49: error: 'TxHeader' undeclared (first use in this function)
   43 |         HAL_FDCAN_AddMessageToTxFifoQ(&hfdcan1,&TxHeader,&Txdata) ;
      |                                                 ^~~~~~~~
../Core/Src/mymain.c:46:1: error: expected declaration or statement at end of input
   46 | }
      | ^
make: *** [Core/Src/subdir.mk:46: Core/Src/mymain.o] Error 1
make: *** Waiting for unfinished jobs....
"make -j8 all" terminated with exit code 2. Build might be incomplete.
14:38:31 **** Incremental Build of configuration Debug for project multiperiph_base_test_tp ****
make -j8 all 
arm-none-eabi-gcc "../Core/Src/main.c" -mcpu=cortex-m4 -std=gnu11 -g3 -DDEBUG -DUSE_HAL_DRIVER -DSTM32G431xx -c -I../Core/Inc -I../Drivers/STM32G4xx_HAL_Driver/Inc -I../Drivers/STM32G4xx_HAL_Driver/Inc/Legacy -I../Drivers/CMSIS/Device/ST/STM32G4xx/Include -I../Drivers/CMSIS/Include -O0 -ffunction-sections -fdata-sections -Wall -fstack-usage -fcyclomatic-complexity -MMD -MP -MF"Core/Src/main.d" -MT"Core/Src/main.o" --specs=nano.specs -mfpu=fpv4-sp-d16 -mfloat-abi=hard -mthumb -o "Core/Src/main.o"
arm-none-eabi-gcc "../Core/Src/mymain.c" -mcpu=cortex-m4 -std=gnu11 -g3 -DDEBUG -DUSE_HAL_DRIVER -DSTM32G431xx -c -I../Core/Inc -I../Drivers/STM32G4xx_HAL_Driver/Inc -I../Drivers/STM32G4xx_HAL_Driver/Inc/Legacy -I../Drivers/CMSIS/Device/ST/STM32G4xx/Include -I../Drivers/CMSIS/Include -O0 -ffunction-sections -fdata-sections -Wall -fstack-usage -fcyclomatic-complexity -MMD -MP -MF"Core/Src/mymain.d" -MT"Core/Src/mymain.o" --specs=nano.specs -mfpu=fpv4-sp-d16 -mfloat-abi=hard -mthumb -o "Core/Src/mymain.o"
arm-none-eabi-gcc "../Core/Src/system_stm32g4xx.c" -mcpu=cortex-m4 -std=gnu11 -g3 -DDEBUG -DUSE_HAL_DRIVER -DSTM32G431xx -c -I../Core/Inc -I../Drivers/STM32G4xx_HAL_Driver/Inc -I../Drivers/STM32G4xx_HAL_Driver/Inc/Legacy -I../Drivers/CMSIS/Device/ST/STM32G4xx/Include -I../Drivers/CMSIS/Include -O0 -ffunction-sections -fdata-sections -Wall -fstack-usage -fcyclomatic-complexity -MMD -MP -MF"Core/Src/system_stm32g4xx.d" -MT"Core/Src/system_stm32g4xx.o" --specs=nano.specs -mfpu=fpv4-sp-d16 -mfloat-abi=hard -mthumb -o "Core/Src/system_stm32g4xx.o"
arm-none-eabi-gcc "../Core/Src/usart.c" -mcpu=cortex-m4 -std=gnu11 -g3 -DDEBUG -DUSE_HAL_DRIVER -DSTM32G431xx -c -I../Core/Inc -I../Drivers/STM32G4xx_HAL_Driver/Inc -I../Drivers/STM32G4xx_HAL_Driver/Inc/Legacy -I../Drivers/CMSIS/Device/ST/STM32G4xx/Include -I../Drivers/CMSIS/Include -O0 -ffunction-sections -fdata-sections -Wall -fstack-usage -fcyclomatic-complexity -MMD -MP -MF"Core/Src/usart.d" -MT"Core/Src/usart.o" --specs=nano.specs -mfpu=fpv4-sp-d16 -mfloat-abi=hard -mthumb -o "Core/Src/usart.o"
../Core/Src/mymain.c:9:1: error: unknown type name 'FDCAN_TxHeaderTypeDef'
    9 | FDCAN_TxHeaderTypeDef header;
      | ^~~~~~~~~~~~~~~~~~~~~
../Core/Src/mymain.c:10:1: error: unknown type name 'uint8_t'
   10 | uint8_t data[2];
      | ^~~~~~~
../Core/Src/mymain.c:1:1: note: 'uint8_t' is defined in header '<stdint.h>'; did you forget to '#include <stdint.h>'?
  +++ |+#include <stdint.h>
    1 | /*
../Core/Src/mymain.c:13:1: error: unknown type name 'uint8_t'
   13 | uint8_t hexa_vitesse ;
      | ^~~~~~~
../Core/Src/mymain.c:13:1: note: 'uint8_t' is defined in header '<stdint.h>'; did you forget to '#include <stdint.h>'?
../Core/Src/mymain.c: In function 'set_degre':
../Core/Src/mymain.c:26:10: error: unknown type name 'uint16_t'
   26 |          uint16_t hexa ;
      |          ^~~~~~~~
../Core/Src/mymain.c:26:10: note: 'uint16_t' is defined in header '<stdint.h>'; did you forget to '#include <stdint.h>'?
../Core/Src/mymain.c: In function 'setup':
../Core/Src/mymain.c:40:15: error: request for member 'ErrorStateIndicator' in something not a structure or union
   40 |         header.ErrorStateIndicator = FDCAN_ESI_ACTIVE;
      |               ^
../Core/Src/mymain.c:40:38: error: 'FDCAN_ESI_ACTIVE' undeclared (first use in this function)
   40 |         header.ErrorStateIndicator = FDCAN_ESI_ACTIVE;
      |                                      ^~~~~~~~~~~~~~~~
../Core/Src/mymain.c:40:38: note: each undeclared identifier is reported only once for each function it appears in
../Core/Src/mymain.c:41:15: error: request for member 'BitRateSwitch' in something not a structure or union
   41 |         header.BitRateSwitch = FDCAN_BRS_OFF;
      |               ^
../Core/Src/mymain.c:41:32: error: 'FDCAN_BRS_OFF' undeclared (first use in this function)
   41 |         header.BitRateSwitch = FDCAN_BRS_OFF;
      |                                ^~~~~~~~~~~~~
../Core/Src/mymain.c:42:15: error: request for member 'FDFormat' in something not a structure or union
   42 |         header.FDFormat = FDCAN_CLASSIC_CAN;
      |               ^
../Core/Src/mymain.c:42:27: error: 'FDCAN_CLASSIC_CAN' undeclared (first use in this function)
   42 |         header.FDFormat = FDCAN_CLASSIC_CAN;
      |                           ^~~~~~~~~~~~~~~~~
../Core/Src/mymain.c:43:15: error: request for member 'TxEventFifoControl' in something not a structure or union
   43 |         header.TxEventFifoControl = FDCAN_NO_TX_EVENTS;
      |               ^
../Core/Src/mymain.c:43:37: error: 'FDCAN_NO_TX_EVENTS' undeclared (first use in this function)
   43 |         header.TxEventFifoControl = FDCAN_NO_TX_EVENTS;
      |                                     ^~~~~~~~~~~~~~~~~~
../Core/Src/mymain.c:44:15: error: request for member 'MessageMarker' in something not a structure or union
   44 |         header.MessageMarker = 0;
      |               ^
../Core/Src/mymain.c:47:15: error: request for member 'Identifier' in something not a structure or union
   47 |         header.Identifier = 0x700; // Set your CAN identifier
      |               ^
../Core/Src/mymain.c:48:15: error: request for member 'IdType' in something not a structure or union
   48 |         header.IdType = FDCAN_STANDARD_ID; // Standard ID
      |               ^
../Core/Src/mymain.c:48:25: error: 'FDCAN_STANDARD_ID' undeclared (first use in this function)
   48 |         header.IdType = FDCAN_STANDARD_ID; // Standard ID
      |                         ^~~~~~~~~~~~~~~~~
../Core/Src/mymain.c:49:15: error: request for member 'TxFrameType' in something not a structure or union
   49 |         header.TxFrameType = FDCAN_DATA_FRAME; // Data frame
      |               ^
../Core/Src/mymain.c:49:30: error: 'FDCAN_DATA_FRAME' undeclared (first use in this function)
   49 |         header.TxFrameType = FDCAN_DATA_FRAME; // Data frame
      |                              ^~~~~~~~~~~~~~~~
../Core/Src/mymain.c:50:15: error: request for member 'DataLength' in something not a structure or union
   50 |         header.DataLength = 2; // Data length
      |               ^
../Core/Src/mymain.c: In function 'loop':
../Core/Src/mymain.c:56:21: warning: implicit declaration of function 'set_angle'; did you mean 'set_degre'? [-Wimplicit-function-declaration]
   56 |         if ( -220 < set_angle() && set_angle() < 220)
      |                     ^~~~~~~~~
      |                     set_degre
../Core/Src/mymain.c:70:9: warning: implicit declaration of function 'HAL_FDCAN_AddMessageToTxFifoQ' [-Wimplicit-function-declaration]
   70 |         HAL_FDCAN_AddMessageToTxFifoQ(&hfdcan1, &header, &data) ;
      |         ^~~~~~~~~~~~~~~~~~~~~~~~~~~~~
../Core/Src/mymain.c:70:40: error: 'hfdcan1' undeclared (first use in this function)
   70 |         HAL_FDCAN_AddMessageToTxFifoQ(&hfdcan1, &header, &data) ;
      |                                        ^~~~~~~
make: *** [Core/Src/subdir.mk:46: Core/Src/mymain.o] Error 1
make: *** Waiting for unfinished jobs....
"make -j8 all" terminated with exit code 2. Build might be incomplete.
14:39:48 **** Incremental Build of configuration Debug for project multiperiph_base_test_tp ****
make -j8 all 
arm-none-eabi-gcc "../Core/Src/mymain.c" -mcpu=cortex-m4 -std=gnu11 -g3 -DDEBUG -DUSE_HAL_DRIVER -DSTM32G431xx -c -I../Core/Inc -I../Drivers/STM32G4xx_HAL_Driver/Inc -I../Drivers/STM32G4xx_HAL_Driver/Inc/Legacy -I../Drivers/CMSIS/Device/ST/STM32G4xx/Include -I../Drivers/CMSIS/Include -O0 -ffunction-sections -fdata-sections -Wall -fstack-usage -fcyclomatic-complexity -MMD -MP -MF"Core/Src/mymain.d" -MT"Core/Src/mymain.o" --specs=nano.specs -mfpu=fpv4-sp-d16 -mfloat-abi=hard -mthumb -o "Core/Src/mymain.o"
../Core/Src/mymain.c: In function 'loop':
../Core/Src/mymain.c:57:21: warning: implicit declaration of function 'set_angle'; did you mean 'set_degre'? [-Wimplicit-function-declaration]
   57 |         if ( -220 < set_angle() && set_angle() < 220)
      |                     ^~~~~~~~~
      |                     set_degre
../Core/Src/mymain.c:71:58: warning: passing argument 3 of 'HAL_FDCAN_AddMessageToTxFifoQ' from incompatible pointer type [-Wincompatible-pointer-types]
   71 |         HAL_FDCAN_AddMessageToTxFifoQ(&hfdcan1, &header, &data) ;
      |                                                          ^~~~~
      |                                                          |
      |                                                          uint8_t (*)[2] {aka unsigned char (*)[2]}
In file included from ../Core/Inc/stm32g4xx_hal_conf.h:256,
                 from ../Drivers/STM32G4xx_HAL_Driver/Inc/stm32g4xx_hal.h:29,
                 from ../Core/Inc/main.h:30,
                 from ../Core/Inc/fdcan.h:29,
                 from ../Core/Src/mymain.c:7:
../Drivers/STM32G4xx_HAL_Driver/Inc/stm32g4xx_hal_fdcan.h:1211:64: note: expected 'const uint8_t *' {aka 'const unsigned char *'} but argument is of type 'uint8_t (*)[2]' {aka 'unsigned char (*)[2]'}
 1211 |                                                 const uint8_t *pTxData);
      |                                                 ~~~~~~~~~~~~~~~^~~~~~~
arm-none-eabi-gcc -o "multiperiph_base_test_tp.elf" @"objects.list"   -mcpu=cortex-m4 -T"C:\travail\yassine_mesbahi\multiperiph_base_test_tp\STM32G431KBTX_FLASH.ld" --specs=nosys.specs -Wl,-Map="multiperiph_base_test_tp.map" -Wl,--gc-sections -static --specs=nano.specs -mfpu=fpv4-sp-d16 -mfloat-abi=hard -mthumb -u _printf_float -u _scanf_float -Wl,--start-group -lc -lm -Wl,--end-group
C:/LogicielsGE1/STM32CubeIDE_1.13.0/STM32CubeIDE/plugins/com.st.stm32cube.ide.mcu.externaltools.gnu-tools-for-stm32.12.3.rel1.win32_1.0.100.202403111256/tools/bin/../lib/gcc/arm-none-eabi/12.3.1/../../../../arm-none-eabi/bin/ld.exe: ./Core/Src/mymain.o: in function `loop':
C:/travail/yassine_mesbahi/multiperiph_base_test_tp/Debug/../Core/Src/mymain.c:57: undefined reference to `set_angle'
C:/LogicielsGE1/STM32CubeIDE_1.13.0/STM32CubeIDE/plugins/com.st.stm32cube.ide.mcu.externaltools.gnu-tools-for-stm32.12.3.rel1.win32_1.0.100.202403111256/tools/bin/../lib/gcc/arm-none-eabi/12.3.1/../../../../arm-none-eabi/bin/ld.exe: C:/travail/yassine_mesbahi/multiperiph_base_test_tp/Debug/../Core/Src/mymain.c:57: undefined reference to `set_angle'
C:/LogicielsGE1/STM32CubeIDE_1.13.0/STM32CubeIDE/plugins/com.st.stm32cube.ide.mcu.externaltools.gnu-tools-for-stm32.12.3.rel1.win32_1.0.100.202403111256/tools/bin/../lib/gcc/arm-none-eabi/12.3.1/../../../../arm-none-eabi/bin/ld.exe: C:/travail/yassine_mesbahi/multiperiph_base_test_tp/Debug/../Core/Src/mymain.c:67: undefined reference to `set_angle'
collect2.exe: error: ld returned 1 exit status
make: *** [makefile:67: multiperiph_base_test_tp.elf] Error 1
"make -j8 all" terminated with exit code 2. Build might be incomplete.
14:40:40 **** Incremental Build of configuration Debug for project multiperiph_base_test_tp ****
make -j8 all 
arm-none-eabi-gcc "../Core/Src/mymain.c" -mcpu=cortex-m4 -std=gnu11 -g3 -DDEBUG -DUSE_HAL_DRIVER -DSTM32G431xx -c -I../Core/Inc -I../Drivers/STM32G4xx_HAL_Driver/Inc -I../Drivers/STM32G4xx_HAL_Driver/Inc/Legacy -I../Drivers/CMSIS/Device/ST/STM32G4xx/Include -I../Drivers/CMSIS/Include -O0 -ffunction-sections -fdata-sections -Wall -fstack-usage -fcyclomatic-complexity -MMD -MP -MF"Core/Src/mymain.d" -MT"Core/Src/mymain.o" --specs=nano.specs -mfpu=fpv4-sp-d16 -mfloat-abi=hard -mthumb -o "Core/Src/mymain.o"
../Core/Src/mymain.c: In function 'loop':
../Core/Src/mymain.c:71:58: warning: passing argument 3 of 'HAL_FDCAN_AddMessageToTxFifoQ' from incompatible pointer type [-Wincompatible-pointer-types]
   71 |         HAL_FDCAN_AddMessageToTxFifoQ(&hfdcan1, &header, &data) ;
      |                                                          ^~~~~
      |                                                          |
      |                                                          uint8_t (*)[2] {aka unsigned char (*)[2]}
In file included from ../Core/Inc/stm32g4xx_hal_conf.h:256,
                 from ../Drivers/STM32G4xx_HAL_Driver/Inc/stm32g4xx_hal.h:29,
                 from ../Core/Inc/main.h:30,
                 from ../Core/Inc/fdcan.h:29,
                 from ../Core/Src/mymain.c:7:
../Drivers/STM32G4xx_HAL_Driver/Inc/stm32g4xx_hal_fdcan.h:1211:64: note: expected 'const uint8_t *' {aka 'const unsigned char *'} but argument is of type 'uint8_t (*)[2]' {aka 'unsigned char (*)[2]'}
 1211 |                                                 const uint8_t *pTxData);
      |                                                 ~~~~~~~~~~~~~~~^~~~~~~
arm-none-eabi-gcc -o "multiperiph_base_test_tp.elf" @"objects.list"   -mcpu=cortex-m4 -T"C:\travail\yassine_mesbahi\multiperiph_base_test_tp\STM32G431KBTX_FLASH.ld" --specs=nosys.specs -Wl,-Map="multiperiph_base_test_tp.map" -Wl,--gc-sections -static --specs=nano.specs -mfpu=fpv4-sp-d16 -mfloat-abi=hard -mthumb -u _printf_float -u _scanf_float -Wl,--start-group -lc -lm -Wl,--end-group
Finished building target: multiperiph_base_test_tp.elf
 
arm-none-eabi-size  multiperiph_base_test_tp.elf 
arm-none-eabi-objdump -h -S multiperiph_base_test_tp.elf  > "multiperiph_base_test_tp.list"
   text	   data	    bss	    dec	    hex	filename
  36628	    468	   2204	  39300	   9984	multiperiph_base_test_tp.elf
arm-none-eabi-objcopy  -O binary multiperiph_base_test_tp.elf  "multiperiph_base_test_tp.bin"
Finished building: default.size.stdout
 
Finished building: multiperiph_base_test_tp.bin
 
Finished building: multiperiph_base_test_tp.list
 
14:41:13 **** Incremental Build of configuration Debug for project multiperiph_base_test_tp ****
make -j8 all 
arm-none-eabi-gcc "../Core/Src/mymain.c" -mcpu=cortex-m4 -std=gnu11 -g3 -DDEBUG -DUSE_HAL_DRIVER -DSTM32G431xx -c -I../Core/Inc -I../Drivers/STM32G4xx_HAL_Driver/Inc -I../Drivers/STM32G4xx_HAL_Driver/Inc/Legacy -I../Drivers/CMSIS/Device/ST/STM32G4xx/Include -I../Drivers/CMSIS/Include -O0 -ffunction-sections -fdata-sections -Wall -fstack-usage -fcyclomatic-complexity -MMD -MP -MF"Core/Src/mymain.d" -MT"Core/Src/mymain.o" --specs=nano.specs -mfpu=fpv4-sp-d16 -mfloat-abi=hard -mthumb -o "Core/Src/mymain.o"
arm-none-eabi-gcc -o "multiperiph_base_test_tp.elf" @"objects.list"   -mcpu=cortex-m4 -T"C:\travail\yassine_mesbahi\multiperiph_base_test_tp\STM32G431KBTX_FLASH.ld" --specs=nosys.specs -Wl,-Map="multiperiph_base_test_tp.map" -Wl,--gc-sections -static --specs=nano.specs -mfpu=fpv4-sp-d16 -mfloat-abi=hard -mthumb -u _printf_float -u _scanf_float -Wl,--start-group -lc -lm -Wl,--end-group
Finished building target: multiperiph_base_test_tp.elf
 
arm-none-eabi-size  multiperiph_base_test_tp.elf 
arm-none-eabi-objdump -h -S multiperiph_base_test_tp.elf  > "multiperiph_base_test_tp.list"
   text	   data	    bss	    dec	    hex	filename
  36628	    468	   2204	  39300	   9984	multiperiph_base_test_tp.elf
arm-none-eabi-objcopy  -O binary multiperiph_base_test_tp.elf  "multiperiph_base_test_tp.bin"
Finished building: default.size.stdout
 
Finished building: multiperiph_base_test_tp.bin
 
Finished building: multiperiph_base_test_tp.list
 
14:45:40 **** Incremental Build of configuration Debug for project multiperiph_base_test_tp ****
make -j8 all 
arm-none-eabi-size  multiperiph_base_test_tp.elf 
   text	   data	    bss	    dec	    hex	filename
  36628	    468	   2204	  39300	   9984	multiperiph_base_test_tp.elf
Finished building: default.size.stdout
 
14:46:58 **** Incremental Build of configuration Debug for project multiperiph_base_test_tp ****
make -j8 all 
arm-none-eabi-gcc "../Core/Src/mymain.c" -mcpu=cortex-m4 -std=gnu11 -g3 -DDEBUG -DUSE_HAL_DRIVER -DSTM32G431xx -c -I../Core/Inc -I../Drivers/STM32G4xx_HAL_Driver/Inc -I../Drivers/STM32G4xx_HAL_Driver/Inc/Legacy -I../Drivers/CMSIS/Device/ST/STM32G4xx/Include -I../Drivers/CMSIS/Include -O0 -ffunction-sections -fdata-sections -Wall -fstack-usage -fcyclomatic-complexity -MMD -MP -MF"Core/Src/mymain.d" -MT"Core/Src/mymain.o" --specs=nano.specs -mfpu=fpv4-sp-d16 -mfloat-abi=hard -mthumb -o "Core/Src/mymain.o"
../Core/Src/mymain.c: In function 'loop':
../Core/Src/mymain.c:72:5: warning: implicit declaration of function 'HAL_DELAY'; did you mean 'HAL_Delay'? [-Wimplicit-function-declaration]
   72 |     HAL_DELAY(1000);
      |     ^~~~~~~~~
      |     HAL_Delay
arm-none-eabi-gcc -o "multiperiph_base_test_tp.elf" @"objects.list"   -mcpu=cortex-m4 -T"C:\travail\yassine_mesbahi\multiperiph_base_test_tp\STM32G431KBTX_FLASH.ld" --specs=nosys.specs -Wl,-Map="multiperiph_base_test_tp.map" -Wl,--gc-sections -static --specs=nano.specs -mfpu=fpv4-sp-d16 -mfloat-abi=hard -mthumb -u _printf_float -u _scanf_float -Wl,--start-group -lc -lm -Wl,--end-group
C:/LogicielsGE1/STM32CubeIDE_1.13.0/STM32CubeIDE/plugins/com.st.stm32cube.ide.mcu.externaltools.gnu-tools-for-stm32.12.3.rel1.win32_1.0.100.202403111256/tools/bin/../lib/gcc/arm-none-eabi/12.3.1/../../../../arm-none-eabi/bin/ld.exe: ./Core/Src/mymain.o: in function `loop':
C:/travail/yassine_mesbahi/multiperiph_base_test_tp/Debug/../Core/Src/mymain.c:72: undefined reference to `HAL_DELAY'
collect2.exe: error: ld returned 1 exit status
make: *** [makefile:67: multiperiph_base_test_tp.elf] Error 1
"make -j8 all" terminated with exit code 2. Build might be incomplete.
14:47:50 **** Incremental Build of configuration Debug for project multiperiph_base_test_tp ****
make -j8 all 
arm-none-eabi-gcc "../Core/Src/main.c" -mcpu=cortex-m4 -std=gnu11 -g3 -DDEBUG -DUSE_HAL_DRIVER -DSTM32G431xx -c -I../Core/Inc -I../Drivers/STM32G4xx_HAL_Driver/Inc -I../Drivers/STM32G4xx_HAL_Driver/Inc/Legacy -I../Drivers/CMSIS/Device/ST/STM32G4xx/Include -I../Drivers/CMSIS/Include -O0 -ffunction-sections -fdata-sections -Wall -fstack-usage -fcyclomatic-complexity -MMD -MP -MF"Core/Src/main.d" -MT"Core/Src/main.o" --specs=nano.specs -mfpu=fpv4-sp-d16 -mfloat-abi=hard -mthumb -o "Core/Src/main.o"
arm-none-eabi-gcc "../Core/Src/mymain.c" -mcpu=cortex-m4 -std=gnu11 -g3 -DDEBUG -DUSE_HAL_DRIVER -DSTM32G431xx -c -I../Core/Inc -I../Drivers/STM32G4xx_HAL_Driver/Inc -I../Drivers/STM32G4xx_HAL_Driver/Inc/Legacy -I../Drivers/CMSIS/Device/ST/STM32G4xx/Include -I../Drivers/CMSIS/Include -O0 -ffunction-sections -fdata-sections -Wall -fstack-usage -fcyclomatic-complexity -MMD -MP -MF"Core/Src/mymain.d" -MT"Core/Src/mymain.o" --specs=nano.specs -mfpu=fpv4-sp-d16 -mfloat-abi=hard -mthumb -o "Core/Src/mymain.o"
../Core/Src/main.c: In function 'main':
../Core/Src/main.c:67:1: error: too few arguments to function 'HAL_Delay'
   67 | HAL_Delay();
      | ^~~~~~~~~
In file included from ../Core/Inc/main.h:30,
                 from ../Core/Src/main.c:20:
../Drivers/STM32G4xx_HAL_Driver/Inc/stm32g4xx_hal.h:537:6: note: declared here
  537 | void HAL_Delay(uint32_t Delay);
      |      ^~~~~~~~~
make: *** [Core/Src/subdir.mk:46: Core/Src/main.o] Error 1
make: *** Waiting for unfinished jobs....
"make -j8 all" terminated with exit code 2. Build might be incomplete.
14:48:11 **** Incremental Build of configuration Debug for project multiperiph_base_test_tp ****
make -j8 all 
arm-none-eabi-gcc "../Core/Src/main.c" -mcpu=cortex-m4 -std=gnu11 -g3 -DDEBUG -DUSE_HAL_DRIVER -DSTM32G431xx -c -I../Core/Inc -I../Drivers/STM32G4xx_HAL_Driver/Inc -I../Drivers/STM32G4xx_HAL_Driver/Inc/Legacy -I../Drivers/CMSIS/Device/ST/STM32G4xx/Include -I../Drivers/CMSIS/Include -O0 -ffunction-sections -fdata-sections -Wall -fstack-usage -fcyclomatic-complexity -MMD -MP -MF"Core/Src/main.d" -MT"Core/Src/main.o" --specs=nano.specs -mfpu=fpv4-sp-d16 -mfloat-abi=hard -mthumb -o "Core/Src/main.o"
arm-none-eabi-gcc -o "multiperiph_base_test_tp.elf" @"objects.list"   -mcpu=cortex-m4 -T"C:\travail\yassine_mesbahi\multiperiph_base_test_tp\STM32G431KBTX_FLASH.ld" --specs=nosys.specs -Wl,-Map="multiperiph_base_test_tp.map" -Wl,--gc-sections -static --specs=nano.specs -mfpu=fpv4-sp-d16 -mfloat-abi=hard -mthumb -u _printf_float -u _scanf_float -Wl,--start-group -lc -lm -Wl,--end-group
Finished building target: multiperiph_base_test_tp.elf
 
arm-none-eabi-size  multiperiph_base_test_tp.elf 
arm-none-eabi-objdump -h -S multiperiph_base_test_tp.elf  > "multiperiph_base_test_tp.list"
   text	   data	    bss	    dec	    hex	filename
  36700	    468	   2204	  39372	   99cc	multiperiph_base_test_tp.elf
arm-none-eabi-objcopy  -O binary multiperiph_base_test_tp.elf  "multiperiph_base_test_tp.bin"
Finished building: default.size.stdout
 
Finished building: multiperiph_base_test_tp.bin
 
Finished building: multiperiph_base_test_tp.list
 
14:48:39 **** Incremental Build of configuration Debug for project multiperiph_base_test_tp ****
make -j8 all 
arm-none-eabi-size  multiperiph_base_test_tp.elf 
   text	   data	    bss	    dec	    hex	filename
  36700	    468	   2204	  39372	   99cc	multiperiph_base_test_tp.elf
Finished building: default.size.stdout
 
14:50:19 **** Incremental Build of configuration Debug for project multiperiph_base_test_tp ****
make -j8 all 
arm-none-eabi-gcc "../Core/Src/mymain.c" -mcpu=cortex-m4 -std=gnu11 -g3 -DDEBUG -DUSE_HAL_DRIVER -DSTM32G431xx -c -I../Core/Inc -I../Drivers/STM32G4xx_HAL_Driver/Inc -I../Drivers/STM32G4xx_HAL_Driver/Inc/Legacy -I../Drivers/CMSIS/Device/ST/STM32G4xx/Include -I../Drivers/CMSIS/Include -O0 -ffunction-sections -fdata-sections -Wall -fstack-usage -fcyclomatic-complexity -MMD -MP -MF"Core/Src/mymain.d" -MT"Core/Src/mymain.o" --specs=nano.specs -mfpu=fpv4-sp-d16 -mfloat-abi=hard -mthumb -o "Core/Src/mymain.o"
../Core/Src/mymain.c: In function 'set_angle':
../Core/Src/mymain.c:31:10: error: 'hexa' undeclared (first use in this function)
   31 |          hexa = 0x200+(angle/0.35) ;
      |          ^~~~
../Core/Src/mymain.c:31:10: note: each undeclared identifier is reported only once for each function it appears in
make: *** [Core/Src/subdir.mk:46: Core/Src/mymain.o] Error 1
"make -j8 all" terminated with exit code 2. Build might be incomplete.
14:50:32 **** Incremental Build of configuration Debug for project multiperiph_base_test_tp ****
make -j8 all 
arm-none-eabi-gcc "../Core/Src/mymain.c" -mcpu=cortex-m4 -std=gnu11 -g3 -DDEBUG -DUSE_HAL_DRIVER -DSTM32G431xx -c -I../Core/Inc -I../Drivers/STM32G4xx_HAL_Driver/Inc -I../Drivers/STM32G4xx_HAL_Driver/Inc/Legacy -I../Drivers/CMSIS/Device/ST/STM32G4xx/Include -I../Drivers/CMSIS/Include -O0 -ffunction-sections -fdata-sections -Wall -fstack-usage -fcyclomatic-complexity -MMD -MP -MF"Core/Src/mymain.d" -MT"Core/Src/mymain.o" --specs=nano.specs -mfpu=fpv4-sp-d16 -mfloat-abi=hard -mthumb -o "Core/Src/mymain.o"
arm-none-eabi-gcc -o "multiperiph_base_test_tp.elf" @"objects.list"   -mcpu=cortex-m4 -T"C:\travail\yassine_mesbahi\multiperiph_base_test_tp\STM32G431KBTX_FLASH.ld" --specs=nosys.specs -Wl,-Map="multiperiph_base_test_tp.map" -Wl,--gc-sections -static --specs=nano.specs -mfpu=fpv4-sp-d16 -mfloat-abi=hard -mthumb -u _printf_float -u _scanf_float -Wl,--start-group -lc -lm -Wl,--end-group
Finished building target: multiperiph_base_test_tp.elf
 
arm-none-eabi-size  multiperiph_base_test_tp.elf 
arm-none-eabi-objdump -h -S multiperiph_base_test_tp.elf  > "multiperiph_base_test_tp.list"
   text	   data	    bss	    dec	    hex	filename
  36700	    468	   2204	  39372	   99cc	multiperiph_base_test_tp.elf
arm-none-eabi-objcopy  -O binary multiperiph_base_test_tp.elf  "multiperiph_base_test_tp.bin"
Finished building: default.size.stdout
 
Finished building: multiperiph_base_test_tp.bin
 
Finished building: multiperiph_base_test_tp.list
 
14:51:07 **** Incremental Build of configuration Debug for project multiperiph_base_test_tp ****
make -j8 all 
arm-none-eabi-size  multiperiph_base_test_tp.elf 
   text	   data	    bss	    dec	    hex	filename
  36700	    468	   2204	  39372	   99cc	multiperiph_base_test_tp.elf
Finished building: default.size.stdout
 
14:54:54 **** Incremental Build of configuration Debug for project multiperiph_base_test_tp ****
make -j8 all 
arm-none-eabi-size  multiperiph_base_test_tp.elf 
   text	   data	    bss	    dec	    hex	filename
  36700	    468	   2204	  39372	   99cc	multiperiph_base_test_tp.elf
Finished building: default.size.stdout
 
14:58:09 **** Incremental Build of configuration Debug for project multiperiph_base_test_tp ****
make -j8 all 
arm-none-eabi-size  multiperiph_base_test_tp.elf 
   text	   data	    bss	    dec	    hex	filename
  36700	    468	   2204	  39372	   99cc	multiperiph_base_test_tp.elf
Finished building: default.size.stdout
 
15:05:56 **** Incremental Build of configuration Debug for project multiperiph_base_test_tp ****
make -j8 all 
arm-none-eabi-gcc "../Core/Src/mymain.c" -mcpu=cortex-m4 -std=gnu11 -g3 -DDEBUG -DUSE_HAL_DRIVER -DSTM32G431xx -c -I../Core/Inc -I../Drivers/STM32G4xx_HAL_Driver/Inc -I../Drivers/STM32G4xx_HAL_Driver/Inc/Legacy -I../Drivers/CMSIS/Device/ST/STM32G4xx/Include -I../Drivers/CMSIS/Include -O0 -ffunction-sections -fdata-sections -Wall -fstack-usage -fcyclomatic-complexity -MMD -MP -MF"Core/Src/mymain.d" -MT"Core/Src/mymain.o" --specs=nano.specs -mfpu=fpv4-sp-d16 -mfloat-abi=hard -mthumb -o "Core/Src/mymain.o"
arm-none-eabi-gcc -o "multiperiph_base_test_tp.elf" @"objects.list"   -mcpu=cortex-m4 -T"C:\travail\yassine_mesbahi\multiperiph_base_test_tp\STM32G431KBTX_FLASH.ld" --specs=nosys.specs -Wl,-Map="multiperiph_base_test_tp.map" -Wl,--gc-sections -static --specs=nano.specs -mfpu=fpv4-sp-d16 -mfloat-abi=hard -mthumb -u _printf_float -u _scanf_float -Wl,--start-group -lc -lm -Wl,--end-group
Finished building target: multiperiph_base_test_tp.elf
 
arm-none-eabi-size  multiperiph_base_test_tp.elf 
arm-none-eabi-objdump -h -S multiperiph_base_test_tp.elf  > "multiperiph_base_test_tp.list"
   text	   data	    bss	    dec	    hex	filename
  36700	    468	   2204	  39372	   99cc	multiperiph_base_test_tp.elf
arm-none-eabi-objcopy  -O binary multiperiph_base_test_tp.elf  "multiperiph_base_test_tp.bin"
Finished building: default.size.stdout
 
Finished building: multiperiph_base_test_tp.bin
 
Finished building: multiperiph_base_test_tp.list
 
16:03:22 **** Incremental Build of configuration Debug for project multiperiph_base_test_tp ****
make -j8 all 
arm-none-eabi-gcc "../Core/Src/main.c" -mcpu=cortex-m4 -std=gnu11 -g3 -DDEBUG -DUSE_HAL_DRIVER -DSTM32G431xx -c -I../Core/Inc -I../Drivers/STM32G4xx_HAL_Driver/Inc -I../Drivers/STM32G4xx_HAL_Driver/Inc/Legacy -I../Drivers/CMSIS/Device/ST/STM32G4xx/Include -I../Drivers/CMSIS/Include -O0 -ffunction-sections -fdata-sections -Wall -fstack-usage -fcyclomatic-complexity -MMD -MP -MF"Core/Src/main.d" -MT"Core/Src/main.o" --specs=nano.specs -mfpu=fpv4-sp-d16 -mfloat-abi=hard -mthumb -o "Core/Src/main.o"
arm-none-eabi-gcc "../Core/Src/mymain.c" -mcpu=cortex-m4 -std=gnu11 -g3 -DDEBUG -DUSE_HAL_DRIVER -DSTM32G431xx -c -I../Core/Inc -I../Drivers/STM32G4xx_HAL_Driver/Inc -I../Drivers/STM32G4xx_HAL_Driver/Inc/Legacy -I../Drivers/CMSIS/Device/ST/STM32G4xx/Include -I../Drivers/CMSIS/Include -O0 -ffunction-sections -fdata-sections -Wall -fstack-usage -fcyclomatic-complexity -MMD -MP -MF"Core/Src/mymain.d" -MT"Core/Src/mymain.o" --specs=nano.specs -mfpu=fpv4-sp-d16 -mfloat-abi=hard -mthumb -o "Core/Src/mymain.o"
../Core/Src/mymain.c:14:20: error: unknown type name 'bit'
   14 | uint8_t bit_fort ; bit _faible ;
      |                    ^~~
../Core/Src/mymain.c: In function 'loop':
../Core/Src/mymain.c:58:31: warning: unsigned conversion from 'int' to 'uint8_t' {aka 'unsigned char'} changes value from '1000' to '232' [-Woverflow]
   58 |                 vitesse_m_s = 1000;
      |                               ^~~~
../Core/Src/mymain.c:62:29: warning: unsigned conversion from 'int' to 'uint8_t' {aka 'unsigned char'} changes value from '500' to '244' [-Woverflow]
   62 |                 vitesse_m_s=500;
      |                             ^~~
../Core/Src/mymain.c:65:9: error: 'bit_faible' undeclared (first use in this function); did you mean '_faible'?
   65 |         bit_faible = hexa_angle & 0xFF ;
      |         ^~~~~~~~~~
      |         _faible
../Core/Src/mymain.c:65:9: note: each undeclared identifier is reported only once for each function it appears in
../Core/Src/mymain.c:65:22: error: 'hexa_angle' undeclared (first use in this function); did you mean 'set_angle'?
   65 |         bit_faible = hexa_angle & 0xFF ;
      |                      ^~~~~~~~~~
      |                      set_angle
make: *** [Core/Src/subdir.mk:46: Core/Src/mymain.o] Error 1
make: *** Waiting for unfinished jobs....
"make -j8 all" terminated with exit code 2. Build might be incomplete.
16:04:15 **** Incremental Build of configuration Debug for project multiperiph_base_test_tp ****
make -j8 all 
arm-none-eabi-gcc "../Core/Src/mymain.c" -mcpu=cortex-m4 -std=gnu11 -g3 -DDEBUG -DUSE_HAL_DRIVER -DSTM32G431xx -c -I../Core/Inc -I../Drivers/STM32G4xx_HAL_Driver/Inc -I../Drivers/STM32G4xx_HAL_Driver/Inc/Legacy -I../Drivers/CMSIS/Device/ST/STM32G4xx/Include -I../Drivers/CMSIS/Include -O0 -ffunction-sections -fdata-sections -Wall -fstack-usage -fcyclomatic-complexity -MMD -MP -MF"Core/Src/mymain.d" -MT"Core/Src/mymain.o" --specs=nano.specs -mfpu=fpv4-sp-d16 -mfloat-abi=hard -mthumb -o "Core/Src/mymain.o"
../Core/Src/mymain.c:14:24: error: expected '=', ',', ';', 'asm' or '__attribute__' before '_faible'
   14 | uint8_t bit_fort , bit _faible ;
      |                        ^~~~~~~
../Core/Src/mymain.c: In function 'loop':
../Core/Src/mymain.c:58:31: warning: unsigned conversion from 'int' to 'uint8_t' {aka 'unsigned char'} changes value from '1000' to '232' [-Woverflow]
   58 |                 vitesse_m_s = 1000;
      |                               ^~~~
../Core/Src/mymain.c:62:29: warning: unsigned conversion from 'int' to 'uint8_t' {aka 'unsigned char'} changes value from '500' to '244' [-Woverflow]
   62 |                 vitesse_m_s=500;
      |                             ^~~
../Core/Src/mymain.c:65:9: error: 'bit_faible' undeclared (first use in this function)
   65 |         bit_faible = set_angle() & 0xFF ;
      |         ^~~~~~~~~~
../Core/Src/mymain.c:65:9: note: each undeclared identifier is reported only once for each function it appears in
../Core/Src/mymain.c:66:21: error: 'hexa_angle' undeclared (first use in this function); did you mean 'set_angle'?
   66 |         bit_fort = (hexa_angle>>8)&0xFF;
      |                     ^~~~~~~~~~
      |                     set_angle
make: *** [Core/Src/subdir.mk:46: Core/Src/mymain.o] Error 1
"make -j8 all" terminated with exit code 2. Build might be incomplete.
16:04:23 **** Incremental Build of configuration Debug for project multiperiph_base_test_tp ****
make -j8 all 
arm-none-eabi-gcc "../Core/Src/mymain.c" -mcpu=cortex-m4 -std=gnu11 -g3 -DDEBUG -DUSE_HAL_DRIVER -DSTM32G431xx -c -I../Core/Inc -I../Drivers/STM32G4xx_HAL_Driver/Inc -I../Drivers/STM32G4xx_HAL_Driver/Inc/Legacy -I../Drivers/CMSIS/Device/ST/STM32G4xx/Include -I../Drivers/CMSIS/Include -O0 -ffunction-sections -fdata-sections -Wall -fstack-usage -fcyclomatic-complexity -MMD -MP -MF"Core/Src/mymain.d" -MT"Core/Src/mymain.o" --specs=nano.specs -mfpu=fpv4-sp-d16 -mfloat-abi=hard -mthumb -o "Core/Src/mymain.o"
../Core/Src/mymain.c:14:24: error: expected '=', ',', ';', 'asm' or '__attribute__' before '_faible'
   14 | uint8_t bit_fort , bit _faible ;
      |                        ^~~~~~~
../Core/Src/mymain.c: In function 'loop':
../Core/Src/mymain.c:58:31: warning: unsigned conversion from 'int' to 'uint8_t' {aka 'unsigned char'} changes value from '1000' to '232' [-Woverflow]
   58 |                 vitesse_m_s = 1000;
      |                               ^~~~
../Core/Src/mymain.c:62:29: warning: unsigned conversion from 'int' to 'uint8_t' {aka 'unsigned char'} changes value from '500' to '244' [-Woverflow]
   62 |                 vitesse_m_s=500;
      |                             ^~~
../Core/Src/mymain.c:65:9: error: 'bit_faible' undeclared (first use in this function)
   65 |         bit_faible = hexa_angle & 0xFF ;
      |         ^~~~~~~~~~
../Core/Src/mymain.c:65:9: note: each undeclared identifier is reported only once for each function it appears in
../Core/Src/mymain.c:65:22: error: 'hexa_angle' undeclared (first use in this function); did you mean 'set_angle'?
   65 |         bit_faible = hexa_angle & 0xFF ;
      |                      ^~~~~~~~~~
      |                      set_angle
make: *** [Core/Src/subdir.mk:46: Core/Src/mymain.o] Error 1
"make -j8 all" terminated with exit code 2. Build might be incomplete.
16:04:45 **** Incremental Build of configuration Debug for project multiperiph_base_test_tp ****
make -j8 all 
arm-none-eabi-gcc "../Core/Src/mymain.c" -mcpu=cortex-m4 -std=gnu11 -g3 -DDEBUG -DUSE_HAL_DRIVER -DSTM32G431xx -c -I../Core/Inc -I../Drivers/STM32G4xx_HAL_Driver/Inc -I../Drivers/STM32G4xx_HAL_Driver/Inc/Legacy -I../Drivers/CMSIS/Device/ST/STM32G4xx/Include -I../Drivers/CMSIS/Include -O0 -ffunction-sections -fdata-sections -Wall -fstack-usage -fcyclomatic-complexity -MMD -MP -MF"Core/Src/mymain.d" -MT"Core/Src/mymain.o" --specs=nano.specs -mfpu=fpv4-sp-d16 -mfloat-abi=hard -mthumb -o "Core/Src/mymain.o"
../Core/Src/mymain.c:15:13: error: expected '=', ',', ';', 'asm' or '__attribute__' before '_faible'
   15 | uint8_t bit _faible ;
      |             ^~~~~~~
../Core/Src/mymain.c: In function 'loop':
../Core/Src/mymain.c:59:31: warning: unsigned conversion from 'int' to 'uint8_t' {aka 'unsigned char'} changes value from '1000' to '232' [-Woverflow]
   59 |                 vitesse_m_s = 1000;
      |                               ^~~~
../Core/Src/mymain.c:63:29: warning: unsigned conversion from 'int' to 'uint8_t' {aka 'unsigned char'} changes value from '500' to '244' [-Woverflow]
   63 |                 vitesse_m_s=500;
      |                             ^~~
../Core/Src/mymain.c:66:9: error: 'bit_faible' undeclared (first use in this function)
   66 |         bit_faible = hexa_angle & 0xFF ;
      |         ^~~~~~~~~~
../Core/Src/mymain.c:66:9: note: each undeclared identifier is reported only once for each function it appears in
../Core/Src/mymain.c:66:22: error: 'hexa_angle' undeclared (first use in this function); did you mean 'set_angle'?
   66 |         bit_faible = hexa_angle & 0xFF ;
      |                      ^~~~~~~~~~
      |                      set_angle
make: *** [Core/Src/subdir.mk:46: Core/Src/mymain.o] Error 1
"make -j8 all" terminated with exit code 2. Build might be incomplete.
16:04:56 **** Incremental Build of configuration Debug for project multiperiph_base_test_tp ****
make -j8 all 
arm-none-eabi-gcc "../Core/Src/mymain.c" -mcpu=cortex-m4 -std=gnu11 -g3 -DDEBUG -DUSE_HAL_DRIVER -DSTM32G431xx -c -I../Core/Inc -I../Drivers/STM32G4xx_HAL_Driver/Inc -I../Drivers/STM32G4xx_HAL_Driver/Inc/Legacy -I../Drivers/CMSIS/Device/ST/STM32G4xx/Include -I../Drivers/CMSIS/Include -O0 -ffunction-sections -fdata-sections -Wall -fstack-usage -fcyclomatic-complexity -MMD -MP -MF"Core/Src/mymain.d" -MT"Core/Src/mymain.o" --specs=nano.specs -mfpu=fpv4-sp-d16 -mfloat-abi=hard -mthumb -o "Core/Src/mymain.o"
../Core/Src/mymain.c: In function 'loop':
../Core/Src/mymain.c:59:31: warning: unsigned conversion from 'int' to 'uint8_t' {aka 'unsigned char'} changes value from '1000' to '232' [-Woverflow]
   59 |                 vitesse_m_s = 1000;
      |                               ^~~~
../Core/Src/mymain.c:63:29: warning: unsigned conversion from 'int' to 'uint8_t' {aka 'unsigned char'} changes value from '500' to '244' [-Woverflow]
   63 |                 vitesse_m_s=500;
      |                             ^~~
../Core/Src/mymain.c:66:22: error: 'hexa_angle' undeclared (first use in this function); did you mean 'set_angle'?
   66 |         bit_faible = hexa_angle & 0xFF ;
      |                      ^~~~~~~~~~
      |                      set_angle
../Core/Src/mymain.c:66:22: note: each undeclared identifier is reported only once for each function it appears in
make: *** [Core/Src/subdir.mk:46: Core/Src/mymain.o] Error 1
"make -j8 all" terminated with exit code 2. Build might be incomplete.
16:05:36 **** Incremental Build of configuration Debug for project multiperiph_base_test_tp ****
make -j8 all 
arm-none-eabi-gcc "../Core/Src/mymain.c" -mcpu=cortex-m4 -std=gnu11 -g3 -DDEBUG -DUSE_HAL_DRIVER -DSTM32G431xx -c -I../Core/Inc -I../Drivers/STM32G4xx_HAL_Driver/Inc -I../Drivers/STM32G4xx_HAL_Driver/Inc/Legacy -I../Drivers/CMSIS/Device/ST/STM32G4xx/Include -I../Drivers/CMSIS/Include -O0 -ffunction-sections -fdata-sections -Wall -fstack-usage -fcyclomatic-complexity -MMD -MP -MF"Core/Src/mymain.d" -MT"Core/Src/mymain.o" --specs=nano.specs -mfpu=fpv4-sp-d16 -mfloat-abi=hard -mthumb -o "Core/Src/mymain.o"
../Core/Src/mymain.c: In function 'loop':
../Core/Src/mymain.c:59:31: warning: unsigned conversion from 'int' to 'uint8_t' {aka 'unsigned char'} changes value from '1000' to '232' [-Woverflow]
   59 |                 vitesse_m_s = 1000;
      |                               ^~~~
../Core/Src/mymain.c:63:29: warning: unsigned conversion from 'int' to 'uint8_t' {aka 'unsigned char'} changes value from '500' to '244' [-Woverflow]
   63 |                 vitesse_m_s=500;
      |                             ^~~
../Core/Src/mymain.c:67:21: error: 'hexa_angle' undeclared (first use in this function); did you mean 'set_angle'?
   67 |         bit_fort = (hexa_angle>>8)&0xFF;
      |                     ^~~~~~~~~~
      |                     set_angle
../Core/Src/mymain.c:67:21: note: each undeclared identifier is reported only once for each function it appears in
make: *** [Core/Src/subdir.mk:46: Core/Src/mymain.o] Error 1
"make -j8 all" terminated with exit code 2. Build might be incomplete.
16:05:47 **** Incremental Build of configuration Debug for project multiperiph_base_test_tp ****
make -j8 all 
arm-none-eabi-gcc "../Core/Src/mymain.c" -mcpu=cortex-m4 -std=gnu11 -g3 -DDEBUG -DUSE_HAL_DRIVER -DSTM32G431xx -c -I../Core/Inc -I../Drivers/STM32G4xx_HAL_Driver/Inc -I../Drivers/STM32G4xx_HAL_Driver/Inc/Legacy -I../Drivers/CMSIS/Device/ST/STM32G4xx/Include -I../Drivers/CMSIS/Include -O0 -ffunction-sections -fdata-sections -Wall -fstack-usage -fcyclomatic-complexity -MMD -MP -MF"Core/Src/mymain.d" -MT"Core/Src/mymain.o" --specs=nano.specs -mfpu=fpv4-sp-d16 -mfloat-abi=hard -mthumb -o "Core/Src/mymain.o"
../Core/Src/mymain.c: In function 'loop':
../Core/Src/mymain.c:59:31: warning: unsigned conversion from 'int' to 'uint8_t' {aka 'unsigned char'} changes value from '1000' to '232' [-Woverflow]
   59 |                 vitesse_m_s = 1000;
      |                               ^~~~
../Core/Src/mymain.c:63:29: warning: unsigned conversion from 'int' to 'uint8_t' {aka 'unsigned char'} changes value from '500' to '244' [-Woverflow]
   63 |                 vitesse_m_s=500;
      |                             ^~~
arm-none-eabi-gcc -o "multiperiph_base_test_tp.elf" @"objects.list"   -mcpu=cortex-m4 -T"C:\travail\yassine_mesbahi\multiperiph_base_test_tp\STM32G431KBTX_FLASH.ld" --specs=nosys.specs -Wl,-Map="multiperiph_base_test_tp.map" -Wl,--gc-sections -static --specs=nano.specs -mfpu=fpv4-sp-d16 -mfloat-abi=hard -mthumb -u _printf_float -u _scanf_float -Wl,--start-group -lc -lm -Wl,--end-group
Finished building target: multiperiph_base_test_tp.elf
 
arm-none-eabi-size  multiperiph_base_test_tp.elf 
arm-none-eabi-objdump -h -S multiperiph_base_test_tp.elf  > "multiperiph_base_test_tp.list"
   text	   data	    bss	    dec	    hex	filename
  36596	    468	   2196	  39260	   995c	multiperiph_base_test_tp.elf
arm-none-eabi-objcopy  -O binary multiperiph_base_test_tp.elf  "multiperiph_base_test_tp.bin"
Finished building: default.size.stdout
 
Finished building: multiperiph_base_test_tp.bin
 
Finished building: multiperiph_base_test_tp.list
 
16:08:15 **** Incremental Build of configuration Debug for project multiperiph_base_test_tp ****
make -j8 all 
arm-none-eabi-gcc "../Core/Src/mymain.c" -mcpu=cortex-m4 -std=gnu11 -g3 -DDEBUG -DUSE_HAL_DRIVER -DSTM32G431xx -c -I../Core/Inc -I../Drivers/STM32G4xx_HAL_Driver/Inc -I../Drivers/STM32G4xx_HAL_Driver/Inc/Legacy -I../Drivers/CMSIS/Device/ST/STM32G4xx/Include -I../Drivers/CMSIS/Include -O0 -ffunction-sections -fdata-sections -Wall -fstack-usage -fcyclomatic-complexity -MMD -MP -MF"Core/Src/mymain.d" -MT"Core/Src/mymain.o" --specs=nano.specs -mfpu=fpv4-sp-d16 -mfloat-abi=hard -mthumb -o "Core/Src/mymain.o"
arm-none-eabi-gcc -o "multiperiph_base_test_tp.elf" @"objects.list"   -mcpu=cortex-m4 -T"C:\travail\yassine_mesbahi\multiperiph_base_test_tp\STM32G431KBTX_FLASH.ld" --specs=nosys.specs -Wl,-Map="multiperiph_base_test_tp.map" -Wl,--gc-sections -static --specs=nano.specs -mfpu=fpv4-sp-d16 -mfloat-abi=hard -mthumb -u _printf_float -u _scanf_float -Wl,--start-group -lc -lm -Wl,--end-group
Finished building target: multiperiph_base_test_tp.elf
 
arm-none-eabi-size  multiperiph_base_test_tp.elf 
arm-none-eabi-objdump -h -S multiperiph_base_test_tp.elf  > "multiperiph_base_test_tp.list"
   text	   data	    bss	    dec	    hex	filename
  36596	    468	   2196	  39260	   995c	multiperiph_base_test_tp.elf
arm-none-eabi-objcopy  -O binary multiperiph_base_test_tp.elf  "multiperiph_base_test_tp.bin"
Finished building: default.size.stdout
 
Finished building: multiperiph_base_test_tp.bin
 
Finished building: multiperiph_base_test_tp.list
 
16:10:04 **** Incremental Build of configuration Debug for project multiperiph_base_test_tp ****
make -j8 all 
arm-none-eabi-gcc "../Core/Src/mymain.c" -mcpu=cortex-m4 -std=gnu11 -g3 -DDEBUG -DUSE_HAL_DRIVER -DSTM32G431xx -c -I../Core/Inc -I../Drivers/STM32G4xx_HAL_Driver/Inc -I../Drivers/STM32G4xx_HAL_Driver/Inc/Legacy -I../Drivers/CMSIS/Device/ST/STM32G4xx/Include -I../Drivers/CMSIS/Include -O0 -ffunction-sections -fdata-sections -Wall -fstack-usage -fcyclomatic-complexity -MMD -MP -MF"Core/Src/mymain.d" -MT"Core/Src/mymain.o" --specs=nano.specs -mfpu=fpv4-sp-d16 -mfloat-abi=hard -mthumb -o "Core/Src/mymain.o"
arm-none-eabi-gcc -o "multiperiph_base_test_tp.elf" @"objects.list"   -mcpu=cortex-m4 -T"C:\travail\yassine_mesbahi\multiperiph_base_test_tp\STM32G431KBTX_FLASH.ld" --specs=nosys.specs -Wl,-Map="multiperiph_base_test_tp.map" -Wl,--gc-sections -static --specs=nano.specs -mfpu=fpv4-sp-d16 -mfloat-abi=hard -mthumb -u _printf_float -u _scanf_float -Wl,--start-group -lc -lm -Wl,--end-group
Finished building target: multiperiph_base_test_tp.elf
 
arm-none-eabi-size  multiperiph_base_test_tp.elf 
arm-none-eabi-objdump -h -S multiperiph_base_test_tp.elf  > "multiperiph_base_test_tp.list"
   text	   data	    bss	    dec	    hex	filename
  36596	    468	   2196	  39260	   995c	multiperiph_base_test_tp.elf
arm-none-eabi-objcopy  -O binary multiperiph_base_test_tp.elf  "multiperiph_base_test_tp.bin"
Finished building: default.size.stdout
 
Finished building: multiperiph_base_test_tp.bin
 
Finished building: multiperiph_base_test_tp.list
 
16:13:37 **** Incremental Build of configuration Debug for project multiperiph_base_test_tp ****
make -j8 all 
arm-none-eabi-gcc "../Core/Src/mymain.c" -mcpu=cortex-m4 -std=gnu11 -g3 -DDEBUG -DUSE_HAL_DRIVER -DSTM32G431xx -c -I../Core/Inc -I../Drivers/STM32G4xx_HAL_Driver/Inc -I../Drivers/STM32G4xx_HAL_Driver/Inc/Legacy -I../Drivers/CMSIS/Device/ST/STM32G4xx/Include -I../Drivers/CMSIS/Include -O0 -ffunction-sections -fdata-sections -Wall -fstack-usage -fcyclomatic-complexity -MMD -MP -MF"Core/Src/mymain.d" -MT"Core/Src/mymain.o" --specs=nano.specs -mfpu=fpv4-sp-d16 -mfloat-abi=hard -mthumb -o "Core/Src/mymain.o"
arm-none-eabi-gcc -o "multiperiph_base_test_tp.elf" @"objects.list"   -mcpu=cortex-m4 -T"C:\travail\yassine_mesbahi\multiperiph_base_test_tp\STM32G431KBTX_FLASH.ld" --specs=nosys.specs -Wl,-Map="multiperiph_base_test_tp.map" -Wl,--gc-sections -static --specs=nano.specs -mfpu=fpv4-sp-d16 -mfloat-abi=hard -mthumb -u _printf_float -u _scanf_float -Wl,--start-group -lc -lm -Wl,--end-group
Finished building target: multiperiph_base_test_tp.elf
 
arm-none-eabi-size  multiperiph_base_test_tp.elf 
arm-none-eabi-objdump -h -S multiperiph_base_test_tp.elf  > "multiperiph_base_test_tp.list"
   text	   data	    bss	    dec	    hex	filename
  36596	    468	   2196	  39260	   995c	multiperiph_base_test_tp.elf
arm-none-eabi-objcopy  -O binary multiperiph_base_test_tp.elf  "multiperiph_base_test_tp.bin"
Finished building: default.size.stdout
 
Finished building: multiperiph_base_test_tp.bin
 
Finished building: multiperiph_base_test_tp.list
 
16:18:33 **** Incremental Build of configuration Debug for project multiperiph_base_test_tp ****
make -j8 all 
arm-none-eabi-gcc "../Core/Src/mymain.c" -mcpu=cortex-m4 -std=gnu11 -g3 -DDEBUG -DUSE_HAL_DRIVER -DSTM32G431xx -c -I../Core/Inc -I../Drivers/STM32G4xx_HAL_Driver/Inc -I../Drivers/STM32G4xx_HAL_Driver/Inc/Legacy -I../Drivers/CMSIS/Device/ST/STM32G4xx/Include -I../Drivers/CMSIS/Include -O0 -ffunction-sections -fdata-sections -Wall -fstack-usage -fcyclomatic-complexity -MMD -MP -MF"Core/Src/mymain.d" -MT"Core/Src/mymain.o" --specs=nano.specs -mfpu=fpv4-sp-d16 -mfloat-abi=hard -mthumb -o "Core/Src/mymain.o"
arm-none-eabi-gcc -o "multiperiph_base_test_tp.elf" @"objects.list"   -mcpu=cortex-m4 -T"C:\travail\yassine_mesbahi\multiperiph_base_test_tp\STM32G431KBTX_FLASH.ld" --specs=nosys.specs -Wl,-Map="multiperiph_base_test_tp.map" -Wl,--gc-sections -static --specs=nano.specs -mfpu=fpv4-sp-d16 -mfloat-abi=hard -mthumb -u _printf_float -u _scanf_float -Wl,--start-group -lc -lm -Wl,--end-group
Finished building target: multiperiph_base_test_tp.elf
 
arm-none-eabi-size  multiperiph_base_test_tp.elf 
arm-none-eabi-objdump -h -S multiperiph_base_test_tp.elf  > "multiperiph_base_test_tp.list"
   text	   data	    bss	    dec	    hex	filename
  36596	    468	   2196	  39260	   995c	multiperiph_base_test_tp.elf
arm-none-eabi-objcopy  -O binary multiperiph_base_test_tp.elf  "multiperiph_base_test_tp.bin"
Finished building: default.size.stdout
 
Finished building: multiperiph_base_test_tp.bin
 
Finished building: multiperiph_base_test_tp.list
 
16:22:50 **** Incremental Build of configuration Debug for project multiperiph_base_test_tp ****
make -j8 all 
arm-none-eabi-gcc "../Core/Src/mymain.c" -mcpu=cortex-m4 -std=gnu11 -g3 -DDEBUG -DUSE_HAL_DRIVER -DSTM32G431xx -c -I../Core/Inc -I../Drivers/STM32G4xx_HAL_Driver/Inc -I../Drivers/STM32G4xx_HAL_Driver/Inc/Legacy -I../Drivers/CMSIS/Device/ST/STM32G4xx/Include -I../Drivers/CMSIS/Include -O0 -ffunction-sections -fdata-sections -Wall -fstack-usage -fcyclomatic-complexity -MMD -MP -MF"Core/Src/mymain.d" -MT"Core/Src/mymain.o" --specs=nano.specs -mfpu=fpv4-sp-d16 -mfloat-abi=hard -mthumb -o "Core/Src/mymain.o"
../Core/Src/mymain.c: In function 'loop':
../Core/Src/mymain.c:57:15: error: 'FFFFFFFFFFFFFF9C' undeclared (first use in this function)
   57 |         if (  FFFFFFFFFFFFFF9C < set_angle() && set_angle() < 0x64 )
      |               ^~~~~~~~~~~~~~~~
../Core/Src/mymain.c:57:15: note: each undeclared identifier is reported only once for each function it appears in
make: *** [Core/Src/subdir.mk:46: Core/Src/mymain.o] Error 1
"make -j8 all" terminated with exit code 2. Build might be incomplete.
16:23:03 **** Incremental Build of configuration Debug for project multiperiph_base_test_tp ****
make -j8 all 
arm-none-eabi-gcc "../Core/Src/mymain.c" -mcpu=cortex-m4 -std=gnu11 -g3 -DDEBUG -DUSE_HAL_DRIVER -DSTM32G431xx -c -I../Core/Inc -I../Drivers/STM32G4xx_HAL_Driver/Inc -I../Drivers/STM32G4xx_HAL_Driver/Inc/Legacy -I../Drivers/CMSIS/Device/ST/STM32G4xx/Include -I../Drivers/CMSIS/Include -O0 -ffunction-sections -fdata-sections -Wall -fstack-usage -fcyclomatic-complexity -MMD -MP -MF"Core/Src/mymain.d" -MT"Core/Src/mymain.o" --specs=nano.specs -mfpu=fpv4-sp-d16 -mfloat-abi=hard -mthumb -o "Core/Src/mymain.o"
arm-none-eabi-gcc -o "multiperiph_base_test_tp.elf" @"objects.list"   -mcpu=cortex-m4 -T"C:\travail\yassine_mesbahi\multiperiph_base_test_tp\STM32G431KBTX_FLASH.ld" --specs=nosys.specs -Wl,-Map="multiperiph_base_test_tp.map" -Wl,--gc-sections -static --specs=nano.specs -mfpu=fpv4-sp-d16 -mfloat-abi=hard -mthumb -u _printf_float -u _scanf_float -Wl,--start-group -lc -lm -Wl,--end-group
Finished building target: multiperiph_base_test_tp.elf
 
arm-none-eabi-size  multiperiph_base_test_tp.elf 
arm-none-eabi-objdump -h -S multiperiph_base_test_tp.elf  > "multiperiph_base_test_tp.list"
   text	   data	    bss	    dec	    hex	filename
  36580	    468	   2196	  39244	   994c	multiperiph_base_test_tp.elf
arm-none-eabi-objcopy  -O binary multiperiph_base_test_tp.elf  "multiperiph_base_test_tp.bin"
Finished building: default.size.stdout
 
Finished building: multiperiph_base_test_tp.bin
 
Finished building: multiperiph_base_test_tp.list
 
16:23:49 **** Incremental Build of configuration Debug for project multiperiph_base_test_tp ****
make -j8 all 
arm-none-eabi-gcc "../Core/Src/mymain.c" -mcpu=cortex-m4 -std=gnu11 -g3 -DDEBUG -DUSE_HAL_DRIVER -DSTM32G431xx -c -I../Core/Inc -I../Drivers/STM32G4xx_HAL_Driver/Inc -I../Drivers/STM32G4xx_HAL_Driver/Inc/Legacy -I../Drivers/CMSIS/Device/ST/STM32G4xx/Include -I../Drivers/CMSIS/Include -O0 -ffunction-sections -fdata-sections -Wall -fstack-usage -fcyclomatic-complexity -MMD -MP -MF"Core/Src/mymain.d" -MT"Core/Src/mymain.o" --specs=nano.specs -mfpu=fpv4-sp-d16 -mfloat-abi=hard -mthumb -o "Core/Src/mymain.o"
../Core/Src/mymain.c:61:9: warning: data definition has no type or storage class
   61 |         bit_faible = set_angle() & 0xFF ;
      |         ^~~~~~~~~~
../Core/Src/mymain.c:61:9: warning: type defaults to 'int' in declaration of 'bit_faible' [-Wimplicit-int]
../Core/Src/mymain.c:61:9: error: conflicting types for 'bit_faible'; have 'int'
../Core/Src/mymain.c:15:9: note: previous declaration of 'bit_faible' with type 'uint8_t' {aka 'unsigned char'}
   15 | uint8_t bit_faible ;
      |         ^~~~~~~~~~
../Core/Src/mymain.c:61:22: error: initializer element is not constant
   61 |         bit_faible = set_angle() & 0xFF ;
      |                      ^~~~~~~~~
../Core/Src/mymain.c:62:9: warning: data definition has no type or storage class
   62 |         bit_fort = (set_angle()>>8)&0xFF;
      |         ^~~~~~~~
../Core/Src/mymain.c:62:9: warning: type defaults to 'int' in declaration of 'bit_fort' [-Wimplicit-int]
../Core/Src/mymain.c:62:9: error: conflicting types for 'bit_fort'; have 'int'
../Core/Src/mymain.c:14:9: note: previous declaration of 'bit_fort' with type 'uint8_t' {aka 'unsigned char'}
   14 | uint8_t bit_fort ;
      |         ^~~~~~~~
../Core/Src/mymain.c:62:20: error: initializer element is not constant
   62 |         bit_fort = (set_angle()>>8)&0xFF;
      |                    ^
../Core/Src/mymain.c:69:9: warning: data definition has no type or storage class
   69 |         data [0] = bit_faible ;
      |         ^~~~
../Core/Src/mymain.c:69:9: warning: type defaults to 'int' in declaration of 'data' [-Wimplicit-int]
../Core/Src/mymain.c:69:9: error: conflicting types for 'data'; have 'int[0]'
../Core/Src/mymain.c:11:9: note: previous declaration of 'data' with type 'uint8_t[3]' {aka 'unsigned char[3]'}
   11 | uint8_t data[3];
      |         ^~~~
../Core/Src/mymain.c:69:20: error: invalid initializer
   69 |         data [0] = bit_faible ;
      |                    ^~~~~~~~~~
../Core/Src/mymain.c:70:9: warning: data definition has no type or storage class
   70 |         data [1] =      bit_fort ;
      |         ^~~~
../Core/Src/mymain.c:70:9: warning: type defaults to 'int' in declaration of 'data' [-Wimplicit-int]
../Core/Src/mymain.c:70:9: error: conflicting types for 'data'; have 'int[1]'
../Core/Src/mymain.c:11:9: note: previous declaration of 'data' with type 'uint8_t[3]' {aka 'unsigned char[3]'}
   11 | uint8_t data[3];
      |         ^~~~
../Core/Src/mymain.c:70:25: error: invalid initializer
   70 |         data [1] =      bit_fort ;
      |                         ^~~~~~~~
../Core/Src/mymain.c:71:9: warning: data definition has no type or storage class
   71 |         data [2] = vitesse_m_s ;
      |         ^~~~
../Core/Src/mymain.c:71:9: warning: type defaults to 'int' in declaration of 'data' [-Wimplicit-int]
../Core/Src/mymain.c:71:9: error: conflicting types for 'data'; have 'int[2]'
../Core/Src/mymain.c:11:9: note: previous declaration of 'data' with type 'uint8_t[3]' {aka 'unsigned char[3]'}
   11 | uint8_t data[3];
      |         ^~~~
../Core/Src/mymain.c:71:20: error: invalid initializer
   71 |         data [2] = vitesse_m_s ;
      |                    ^~~~~~~~~~~
../Core/Src/mymain.c:74:39: error: expected declaration specifiers or '...' before '&' token
   74 |         HAL_FDCAN_AddMessageToTxFifoQ(&hfdcan1, &header, data) ;
      |                                       ^
../Core/Src/mymain.c:74:49: error: expected declaration specifiers or '...' before '&' token
   74 |         HAL_FDCAN_AddMessageToTxFifoQ(&hfdcan1, &header, data) ;
      |                                                 ^
../Core/Src/mymain.c:74:58: error: expected declaration specifiers or '...' before 'data'
   74 |         HAL_FDCAN_AddMessageToTxFifoQ(&hfdcan1, &header, data) ;
      |                                                          ^~~~
../Core/Src/mymain.c:75:15: error: expected declaration specifiers or '...' before numeric constant
   75 |     HAL_Delay(1000);
      |               ^~~~
../Core/Src/mymain.c:76:1: error: expected identifier or '(' before '}' token
   76 | }
      | ^
make: *** [Core/Src/subdir.mk:46: Core/Src/mymain.o] Error 1
"make -j8 all" terminated with exit code 2. Build might be incomplete.
16:24:04 **** Incremental Build of configuration Debug for project multiperiph_base_test_tp ****
make -j8 all 
arm-none-eabi-gcc "../Core/Src/mymain.c" -mcpu=cortex-m4 -std=gnu11 -g3 -DDEBUG -DUSE_HAL_DRIVER -DSTM32G431xx -c -I../Core/Inc -I../Drivers/STM32G4xx_HAL_Driver/Inc -I../Drivers/STM32G4xx_HAL_Driver/Inc/Legacy -I../Drivers/CMSIS/Device/ST/STM32G4xx/Include -I../Drivers/CMSIS/Include -O0 -ffunction-sections -fdata-sections -Wall -fstack-usage -fcyclomatic-complexity -MMD -MP -MF"Core/Src/mymain.d" -MT"Core/Src/mymain.o" --specs=nano.specs -mfpu=fpv4-sp-d16 -mfloat-abi=hard -mthumb -o "Core/Src/mymain.o"
arm-none-eabi-gcc -o "multiperiph_base_test_tp.elf" @"objects.list"   -mcpu=cortex-m4 -T"C:\travail\yassine_mesbahi\multiperiph_base_test_tp\STM32G431KBTX_FLASH.ld" --specs=nosys.specs -Wl,-Map="multiperiph_base_test_tp.map" -Wl,--gc-sections -static --specs=nano.specs -mfpu=fpv4-sp-d16 -mfloat-abi=hard -mthumb -u _printf_float -u _scanf_float -Wl,--start-group -lc -lm -Wl,--end-group
Finished building target: multiperiph_base_test_tp.elf
 
arm-none-eabi-size  multiperiph_base_test_tp.elf 
arm-none-eabi-objdump -h -S multiperiph_base_test_tp.elf  > "multiperiph_base_test_tp.list"
   text	   data	    bss	    dec	    hex	filename
  36580	    468	   2196	  39244	   994c	multiperiph_base_test_tp.elf
arm-none-eabi-objcopy  -O binary multiperiph_base_test_tp.elf  "multiperiph_base_test_tp.bin"
Finished building: default.size.stdout
 
Finished building: multiperiph_base_test_tp.bin
 
Finished building: multiperiph_base_test_tp.list
 
16:24:31 **** Incremental Build of configuration Debug for project multiperiph_base_test_tp ****
make -j8 all 
arm-none-eabi-gcc "../Core/Src/mymain.c" -mcpu=cortex-m4 -std=gnu11 -g3 -DDEBUG -DUSE_HAL_DRIVER -DSTM32G431xx -c -I../Core/Inc -I../Drivers/STM32G4xx_HAL_Driver/Inc -I../Drivers/STM32G4xx_HAL_Driver/Inc/Legacy -I../Drivers/CMSIS/Device/ST/STM32G4xx/Include -I../Drivers/CMSIS/Include -O0 -ffunction-sections -fdata-sections -Wall -fstack-usage -fcyclomatic-complexity -MMD -MP -MF"Core/Src/mymain.d" -MT"Core/Src/mymain.o" --specs=nano.specs -mfpu=fpv4-sp-d16 -mfloat-abi=hard -mthumb -o "Core/Src/mymain.o"
arm-none-eabi-gcc -o "multiperiph_base_test_tp.elf" @"objects.list"   -mcpu=cortex-m4 -T"C:\travail\yassine_mesbahi\multiperiph_base_test_tp\STM32G431KBTX_FLASH.ld" --specs=nosys.specs -Wl,-Map="multiperiph_base_test_tp.map" -Wl,--gc-sections -static --specs=nano.specs -mfpu=fpv4-sp-d16 -mfloat-abi=hard -mthumb -u _printf_float -u _scanf_float -Wl,--start-group -lc -lm -Wl,--end-group
Finished building target: multiperiph_base_test_tp.elf
 
arm-none-eabi-size  multiperiph_base_test_tp.elf 
arm-none-eabi-objdump -h -S multiperiph_base_test_tp.elf  > "multiperiph_base_test_tp.list"
   text	   data	    bss	    dec	    hex	filename
  36572	    468	   2196	  39236	   9944	multiperiph_base_test_tp.elf
arm-none-eabi-objcopy  -O binary multiperiph_base_test_tp.elf  "multiperiph_base_test_tp.bin"
Finished building: default.size.stdout
 
Finished building: multiperiph_base_test_tp.bin
 
Finished building: multiperiph_base_test_tp.list
 
16:25:08 **** Incremental Build of configuration Debug for project multiperiph_base_test_tp ****
make -j8 all 
arm-none-eabi-gcc "../Core/Src/mymain.c" -mcpu=cortex-m4 -std=gnu11 -g3 -DDEBUG -DUSE_HAL_DRIVER -DSTM32G431xx -c -I../Core/Inc -I../Drivers/STM32G4xx_HAL_Driver/Inc -I../Drivers/STM32G4xx_HAL_Driver/Inc/Legacy -I../Drivers/CMSIS/Device/ST/STM32G4xx/Include -I../Drivers/CMSIS/Include -O0 -ffunction-sections -fdata-sections -Wall -fstack-usage -fcyclomatic-complexity -MMD -MP -MF"Core/Src/mymain.d" -MT"Core/Src/mymain.o" --specs=nano.specs -mfpu=fpv4-sp-d16 -mfloat-abi=hard -mthumb -o "Core/Src/mymain.o"
arm-none-eabi-gcc -o "multiperiph_base_test_tp.elf" @"objects.list"   -mcpu=cortex-m4 -T"C:\travail\yassine_mesbahi\multiperiph_base_test_tp\STM32G431KBTX_FLASH.ld" --specs=nosys.specs -Wl,-Map="multiperiph_base_test_tp.map" -Wl,--gc-sections -static --specs=nano.specs -mfpu=fpv4-sp-d16 -mfloat-abi=hard -mthumb -u _printf_float -u _scanf_float -Wl,--start-group -lc -lm -Wl,--end-group
Finished building target: multiperiph_base_test_tp.elf
 
arm-none-eabi-size  multiperiph_base_test_tp.elf 
arm-none-eabi-objdump -h -S multiperiph_base_test_tp.elf  > "multiperiph_base_test_tp.list"
   text	   data	    bss	    dec	    hex	filename
  36572	    468	   2196	  39236	   9944	multiperiph_base_test_tp.elf
arm-none-eabi-objcopy  -O binary multiperiph_base_test_tp.elf  "multiperiph_base_test_tp.bin"
Finished building: default.size.stdout
 
Finished building: multiperiph_base_test_tp.bin
 
Finished building: multiperiph_base_test_tp.list
 
16:30:56 **** Incremental Build of configuration Debug for project multiperiph_base_test_tp ****
make -j8 all 
arm-none-eabi-gcc "../Core/Src/mymain.c" -mcpu=cortex-m4 -std=gnu11 -g3 -DDEBUG -DUSE_HAL_DRIVER -DSTM32G431xx -c -I../Core/Inc -I../Drivers/STM32G4xx_HAL_Driver/Inc -I../Drivers/STM32G4xx_HAL_Driver/Inc/Legacy -I../Drivers/CMSIS/Device/ST/STM32G4xx/Include -I../Drivers/CMSIS/Include -O0 -ffunction-sections -fdata-sections -Wall -fstack-usage -fcyclomatic-complexity -MMD -MP -MF"Core/Src/mymain.d" -MT"Core/Src/mymain.o" --specs=nano.specs -mfpu=fpv4-sp-d16 -mfloat-abi=hard -mthumb -o "Core/Src/mymain.o"
arm-none-eabi-gcc -o "multiperiph_base_test_tp.elf" @"objects.list"   -mcpu=cortex-m4 -T"C:\travail\yassine_mesbahi\multiperiph_base_test_tp\STM32G431KBTX_FLASH.ld" --specs=nosys.specs -Wl,-Map="multiperiph_base_test_tp.map" -Wl,--gc-sections -static --specs=nano.specs -mfpu=fpv4-sp-d16 -mfloat-abi=hard -mthumb -u _printf_float -u _scanf_float -Wl,--start-group -lc -lm -Wl,--end-group
Finished building target: multiperiph_base_test_tp.elf
 
arm-none-eabi-size  multiperiph_base_test_tp.elf 
arm-none-eabi-objdump -h -S multiperiph_base_test_tp.elf  > "multiperiph_base_test_tp.list"
   text	   data	    bss	    dec	    hex	filename
  36572	    468	   2196	  39236	   9944	multiperiph_base_test_tp.elf
arm-none-eabi-objcopy  -O binary multiperiph_base_test_tp.elf  "multiperiph_base_test_tp.bin"
Finished building: default.size.stdout
 
Finished building: multiperiph_base_test_tp.bin
 
Finished building: multiperiph_base_test_tp.list
 
16:33:06 **** Incremental Build of configuration Debug for project multiperiph_base_test_tp ****
make -j8 all 
arm-none-eabi-gcc "../Core/Src/mymain.c" -mcpu=cortex-m4 -std=gnu11 -g3 -DDEBUG -DUSE_HAL_DRIVER -DSTM32G431xx -c -I../Core/Inc -I../Drivers/STM32G4xx_HAL_Driver/Inc -I../Drivers/STM32G4xx_HAL_Driver/Inc/Legacy -I../Drivers/CMSIS/Device/ST/STM32G4xx/Include -I../Drivers/CMSIS/Include -O0 -ffunction-sections -fdata-sections -Wall -fstack-usage -fcyclomatic-complexity -MMD -MP -MF"Core/Src/mymain.d" -MT"Core/Src/mymain.o" --specs=nano.specs -mfpu=fpv4-sp-d16 -mfloat-abi=hard -mthumb -o "Core/Src/mymain.o"
arm-none-eabi-gcc -o "multiperiph_base_test_tp.elf" @"objects.list"   -mcpu=cortex-m4 -T"C:\travail\yassine_mesbahi\multiperiph_base_test_tp\STM32G431KBTX_FLASH.ld" --specs=nosys.specs -Wl,-Map="multiperiph_base_test_tp.map" -Wl,--gc-sections -static --specs=nano.specs -mfpu=fpv4-sp-d16 -mfloat-abi=hard -mthumb -u _printf_float -u _scanf_float -Wl,--start-group -lc -lm -Wl,--end-group
Finished building target: multiperiph_base_test_tp.elf
 
arm-none-eabi-size  multiperiph_base_test_tp.elf 
arm-none-eabi-objdump -h -S multiperiph_base_test_tp.elf  > "multiperiph_base_test_tp.list"
   text	   data	    bss	    dec	    hex	filename
  36572	    468	   2196	  39236	   9944	multiperiph_base_test_tp.elf
arm-none-eabi-objcopy  -O binary multiperiph_base_test_tp.elf  "multiperiph_base_test_tp.bin"
Finished building: default.size.stdout
 
Finished building: multiperiph_base_test_tp.bin
 
Finished building: multiperiph_base_test_tp.list
 
16:35:32 **** Incremental Build of configuration Debug for project multiperiph_base_test_tp ****
make -j8 all 
arm-none-eabi-gcc "../Core/Src/mymain.c" -mcpu=cortex-m4 -std=gnu11 -g3 -DDEBUG -DUSE_HAL_DRIVER -DSTM32G431xx -c -I../Core/Inc -I../Drivers/STM32G4xx_HAL_Driver/Inc -I../Drivers/STM32G4xx_HAL_Driver/Inc/Legacy -I../Drivers/CMSIS/Device/ST/STM32G4xx/Include -I../Drivers/CMSIS/Include -O0 -ffunction-sections -fdata-sections -Wall -fstack-usage -fcyclomatic-complexity -MMD -MP -MF"Core/Src/mymain.d" -MT"Core/Src/mymain.o" --specs=nano.specs -mfpu=fpv4-sp-d16 -mfloat-abi=hard -mthumb -o "Core/Src/mymain.o"
arm-none-eabi-gcc -o "multiperiph_base_test_tp.elf" @"objects.list"   -mcpu=cortex-m4 -T"C:\travail\yassine_mesbahi\multiperiph_base_test_tp\STM32G431KBTX_FLASH.ld" --specs=nosys.specs -Wl,-Map="multiperiph_base_test_tp.map" -Wl,--gc-sections -static --specs=nano.specs -mfpu=fpv4-sp-d16 -mfloat-abi=hard -mthumb -u _printf_float -u _scanf_float -Wl,--start-group -lc -lm -Wl,--end-group
Finished building target: multiperiph_base_test_tp.elf
 
arm-none-eabi-size  multiperiph_base_test_tp.elf 
arm-none-eabi-objdump -h -S multiperiph_base_test_tp.elf  > "multiperiph_base_test_tp.list"
   text	   data	    bss	    dec	    hex	filename
  36572	    468	   2196	  39236	   9944	multiperiph_base_test_tp.elf
arm-none-eabi-objcopy  -O binary multiperiph_base_test_tp.elf  "multiperiph_base_test_tp.bin"
Finished building: default.size.stdout
 
Finished building: multiperiph_base_test_tp.bin
 
Finished building: multiperiph_base_test_tp.list
 
16:36:39 **** Incremental Build of configuration Debug for project multiperiph_base_test_tp ****
make -j8 all 
arm-none-eabi-gcc "../Core/Src/mymain.c" -mcpu=cortex-m4 -std=gnu11 -g3 -DDEBUG -DUSE_HAL_DRIVER -DSTM32G431xx -c -I../Core/Inc -I../Drivers/STM32G4xx_HAL_Driver/Inc -I../Drivers/STM32G4xx_HAL_Driver/Inc/Legacy -I../Drivers/CMSIS/Device/ST/STM32G4xx/Include -I../Drivers/CMSIS/Include -O0 -ffunction-sections -fdata-sections -Wall -fstack-usage -fcyclomatic-complexity -MMD -MP -MF"Core/Src/mymain.d" -MT"Core/Src/mymain.o" --specs=nano.specs -mfpu=fpv4-sp-d16 -mfloat-abi=hard -mthumb -o "Core/Src/mymain.o"
arm-none-eabi-gcc -o "multiperiph_base_test_tp.elf" @"objects.list"   -mcpu=cortex-m4 -T"C:\travail\yassine_mesbahi\multiperiph_base_test_tp\STM32G431KBTX_FLASH.ld" --specs=nosys.specs -Wl,-Map="multiperiph_base_test_tp.map" -Wl,--gc-sections -static --specs=nano.specs -mfpu=fpv4-sp-d16 -mfloat-abi=hard -mthumb -u _printf_float -u _scanf_float -Wl,--start-group -lc -lm -Wl,--end-group
Finished building target: multiperiph_base_test_tp.elf
 
arm-none-eabi-size  multiperiph_base_test_tp.elf 
arm-none-eabi-objdump -h -S multiperiph_base_test_tp.elf  > "multiperiph_base_test_tp.list"
   text	   data	    bss	    dec	    hex	filename
  36572	    468	   2196	  39236	   9944	multiperiph_base_test_tp.elf
arm-none-eabi-objcopy  -O binary multiperiph_base_test_tp.elf  "multiperiph_base_test_tp.bin"
Finished building: default.size.stdout
 
Finished building: multiperiph_base_test_tp.bin
 
Finished building: multiperiph_base_test_tp.list
 
16:45:29 **** Incremental Build of configuration Debug for project multiperiph_base_test_tp ****
make -j8 all 
arm-none-eabi-gcc "../Core/Src/mymain.c" -mcpu=cortex-m4 -std=gnu11 -g3 -DDEBUG -DUSE_HAL_DRIVER -DSTM32G431xx -c -I../Core/Inc -I../Drivers/STM32G4xx_HAL_Driver/Inc -I../Drivers/STM32G4xx_HAL_Driver/Inc/Legacy -I../Drivers/CMSIS/Device/ST/STM32G4xx/Include -I../Drivers/CMSIS/Include -O0 -ffunction-sections -fdata-sections -Wall -fstack-usage -fcyclomatic-complexity -MMD -MP -MF"Core/Src/mymain.d" -MT"Core/Src/mymain.o" --specs=nano.specs -mfpu=fpv4-sp-d16 -mfloat-abi=hard -mthumb -o "Core/Src/mymain.o"
arm-none-eabi-gcc -o "multiperiph_base_test_tp.elf" @"objects.list"   -mcpu=cortex-m4 -T"C:\travail\yassine_mesbahi\multiperiph_base_test_tp\STM32G431KBTX_FLASH.ld" --specs=nosys.specs -Wl,-Map="multiperiph_base_test_tp.map" -Wl,--gc-sections -static --specs=nano.specs -mfpu=fpv4-sp-d16 -mfloat-abi=hard -mthumb -u _printf_float -u _scanf_float -Wl,--start-group -lc -lm -Wl,--end-group
Finished building target: multiperiph_base_test_tp.elf
 
arm-none-eabi-size  multiperiph_base_test_tp.elf 
arm-none-eabi-objdump -h -S multiperiph_base_test_tp.elf  > "multiperiph_base_test_tp.list"
   text	   data	    bss	    dec	    hex	filename
  36572	    468	   2196	  39236	   9944	multiperiph_base_test_tp.elf
arm-none-eabi-objcopy  -O binary multiperiph_base_test_tp.elf  "multiperiph_base_test_tp.bin"
Finished building: default.size.stdout
 
Finished building: multiperiph_base_test_tp.bin
 
Finished building: multiperiph_base_test_tp.list
 
16:47:50 **** Incremental Build of configuration Debug for project multiperiph_base_test_tp ****
make -j8 all 
arm-none-eabi-gcc "../Core/Src/mymain.c" -mcpu=cortex-m4 -std=gnu11 -g3 -DDEBUG -DUSE_HAL_DRIVER -DSTM32G431xx -c -I../Core/Inc -I../Drivers/STM32G4xx_HAL_Driver/Inc -I../Drivers/STM32G4xx_HAL_Driver/Inc/Legacy -I../Drivers/CMSIS/Device/ST/STM32G4xx/Include -I../Drivers/CMSIS/Include -O0 -ffunction-sections -fdata-sections -Wall -fstack-usage -fcyclomatic-complexity -MMD -MP -MF"Core/Src/mymain.d" -MT"Core/Src/mymain.o" --specs=nano.specs -mfpu=fpv4-sp-d16 -mfloat-abi=hard -mthumb -o "Core/Src/mymain.o"
arm-none-eabi-gcc -o "multiperiph_base_test_tp.elf" @"objects.list"   -mcpu=cortex-m4 -T"C:\travail\yassine_mesbahi\multiperiph_base_test_tp\STM32G431KBTX_FLASH.ld" --specs=nosys.specs -Wl,-Map="multiperiph_base_test_tp.map" -Wl,--gc-sections -static --specs=nano.specs -mfpu=fpv4-sp-d16 -mfloat-abi=hard -mthumb -u _printf_float -u _scanf_float -Wl,--start-group -lc -lm -Wl,--end-group
Finished building target: multiperiph_base_test_tp.elf
 
arm-none-eabi-size  multiperiph_base_test_tp.elf 
arm-none-eabi-objdump -h -S multiperiph_base_test_tp.elf  > "multiperiph_base_test_tp.list"
   text	   data	    bss	    dec	    hex	filename
  36572	    468	   2196	  39236	   9944	multiperiph_base_test_tp.elf
arm-none-eabi-objcopy  -O binary multiperiph_base_test_tp.elf  "multiperiph_base_test_tp.bin"
Finished building: default.size.stdout
 
Finished building: multiperiph_base_test_tp.bin
 
Finished building: multiperiph_base_test_tp.list
 
